<?xml version="1.0" encoding="utf-8" standalone="no"?>
<test-run id="0" name="Jsonata.Net.Native.JsonParser.TestSuite.dll" fullname="F:\Projects\_NuGet_External\jsonata.net.native\src\Jsonata.Net.Native.JsonParser.TestSuite\bin\Debug\net5.0\Jsonata.Net.Native.JsonParser.TestSuite.dll" runstate="Runnable" testcasecount="318" result="Skipped" label="Ignored" total="318" passed="267" failed="0" inconclusive="0" skipped="51" asserts="267" engine-version="3.12.0.0" clr-version="5.0.17" start-time="2022-08-11 21:30:40Z" end-time="2022-08-11 21:30:41Z" duration="0.237722">
  <command-line><![CDATA[F:\Projects\_NuGet_External\jsonata.net.native\src\Jsonata.Net.Native.JsonParser.TestSuite\bin\Debug\net5.0\testhost.dll --port 61742 --endpoint 127.0.0.1:061742 --role client --parentprocessid 24736 --telemetryoptedin false]]></command-line>
  <filter>
    <or>
      <test>Jsonata.Net.Native.JsonParser.TestSuite.JSONTestSuite.ambigous.i_number_double_huge_neg_exp</test>
      <test>Jsonata.Net.Native.JsonParser.TestSuite.JSONTestSuite.ambigous.i_number_huge_exp</test>
      <test>Jsonata.Net.Native.JsonParser.TestSuite.JSONTestSuite.ambigous.i_number_neg_int_huge_exp</test>
      <test>Jsonata.Net.Native.JsonParser.TestSuite.JSONTestSuite.ambigous.i_number_pos_double_huge_exp</test>
      <test>Jsonata.Net.Native.JsonParser.TestSuite.JSONTestSuite.ambigous.i_number_real_neg_overflow</test>
      <test>Jsonata.Net.Native.JsonParser.TestSuite.JSONTestSuite.ambigous.i_number_real_pos_overflow</test>
      <test>Jsonata.Net.Native.JsonParser.TestSuite.JSONTestSuite.ambigous.i_number_real_underflow</test>
      <test>Jsonata.Net.Native.JsonParser.TestSuite.JSONTestSuite.ambigous.i_number_too_big_neg_int</test>
      <test>Jsonata.Net.Native.JsonParser.TestSuite.JSONTestSuite.ambigous.i_number_too_big_pos_int</test>
      <test>Jsonata.Net.Native.JsonParser.TestSuite.JSONTestSuite.ambigous.i_number_very_big_negative_int</test>
      <test>Jsonata.Net.Native.JsonParser.TestSuite.JSONTestSuite.ambigous.i_object_key_lone_2nd_surrogate</test>
      <test>Jsonata.Net.Native.JsonParser.TestSuite.JSONTestSuite.ambigous.i_string_1st_surrogate_but_2nd_missing</test>
      <test>Jsonata.Net.Native.JsonParser.TestSuite.JSONTestSuite.ambigous.i_string_1st_valid_surrogate_2nd_invalid</test>
      <test>Jsonata.Net.Native.JsonParser.TestSuite.JSONTestSuite.ambigous.i_string_incomplete_surrogates_escape_valid</test>
      <test>Jsonata.Net.Native.JsonParser.TestSuite.JSONTestSuite.ambigous.i_string_incomplete_surrogate_and_escape_valid</test>
      <test>Jsonata.Net.Native.JsonParser.TestSuite.JSONTestSuite.ambigous.i_string_incomplete_surrogate_pair</test>
      <test>Jsonata.Net.Native.JsonParser.TestSuite.JSONTestSuite.ambigous.i_string_invalid_lonely_surrogate</test>
      <test>Jsonata.Net.Native.JsonParser.TestSuite.JSONTestSuite.ambigous.i_string_invalid_surrogate</test>
      <test>Jsonata.Net.Native.JsonParser.TestSuite.JSONTestSuite.ambigous.i_string_invalid_utf-8</test>
      <test>Jsonata.Net.Native.JsonParser.TestSuite.JSONTestSuite.ambigous.i_string_inverted_surrogates_U+1D11E</test>
      <test>Jsonata.Net.Native.JsonParser.TestSuite.JSONTestSuite.ambigous.i_string_iso_latin_1</test>
      <test>Jsonata.Net.Native.JsonParser.TestSuite.JSONTestSuite.ambigous.i_string_lone_second_surrogate</test>
      <test>Jsonata.Net.Native.JsonParser.TestSuite.JSONTestSuite.ambigous.i_string_lone_utf8_continuation_byte</test>
      <test>Jsonata.Net.Native.JsonParser.TestSuite.JSONTestSuite.ambigous.i_string_not_in_unicode_range</test>
      <test>Jsonata.Net.Native.JsonParser.TestSuite.JSONTestSuite.ambigous.i_string_overlong_sequence_2_bytes</test>
      <test>Jsonata.Net.Native.JsonParser.TestSuite.JSONTestSuite.ambigous.i_string_overlong_sequence_6_bytes</test>
      <test>Jsonata.Net.Native.JsonParser.TestSuite.JSONTestSuite.ambigous.i_string_overlong_sequence_6_bytes_null</test>
      <test>Jsonata.Net.Native.JsonParser.TestSuite.JSONTestSuite.ambigous.i_string_truncated-utf-8</test>
      <test>Jsonata.Net.Native.JsonParser.TestSuite.JSONTestSuite.ambigous.i_string_UTF-16LE_with_BOM</test>
      <test>Jsonata.Net.Native.JsonParser.TestSuite.JSONTestSuite.ambigous.i_string_UTF-8_invalid_sequence</test>
      <test>Jsonata.Net.Native.JsonParser.TestSuite.JSONTestSuite.ambigous.i_string_utf16BE_no_BOM</test>
      <test>Jsonata.Net.Native.JsonParser.TestSuite.JSONTestSuite.ambigous.i_string_utf16LE_no_BOM</test>
      <test>Jsonata.Net.Native.JsonParser.TestSuite.JSONTestSuite.ambigous.i_string_UTF8_surrogate_U+D800</test>
      <test>Jsonata.Net.Native.JsonParser.TestSuite.JSONTestSuite.ambigous.i_structure_500_nested_arrays</test>
      <test>Jsonata.Net.Native.JsonParser.TestSuite.JSONTestSuite.ambigous.i_structure_UTF-8_BOM_empty_object</test>
      <test>Jsonata.Net.Native.JsonParser.TestSuite.JSONTestSuite.rejected.n_array_1_true_without_comma</test>
      <test>Jsonata.Net.Native.JsonParser.TestSuite.JSONTestSuite.rejected.n_array_a_invalid_utf8</test>
      <test>Jsonata.Net.Native.JsonParser.TestSuite.JSONTestSuite.rejected.n_array_colon_instead_of_comma</test>
      <test>Jsonata.Net.Native.JsonParser.TestSuite.JSONTestSuite.rejected.n_array_comma_after_close</test>
      <test>Jsonata.Net.Native.JsonParser.TestSuite.JSONTestSuite.rejected.n_array_comma_and_number</test>
      <test>Jsonata.Net.Native.JsonParser.TestSuite.JSONTestSuite.rejected.n_array_double_comma</test>
      <test>Jsonata.Net.Native.JsonParser.TestSuite.JSONTestSuite.rejected.n_array_double_extra_comma</test>
      <test>Jsonata.Net.Native.JsonParser.TestSuite.JSONTestSuite.rejected.n_array_extra_close</test>
      <test>Jsonata.Net.Native.JsonParser.TestSuite.JSONTestSuite.rejected.n_array_extra_comma</test>
      <test>Jsonata.Net.Native.JsonParser.TestSuite.JSONTestSuite.rejected.n_array_incomplete</test>
      <test>Jsonata.Net.Native.JsonParser.TestSuite.JSONTestSuite.rejected.n_array_incomplete_invalid_value</test>
      <test>Jsonata.Net.Native.JsonParser.TestSuite.JSONTestSuite.rejected.n_array_inner_array_no_comma</test>
      <test>Jsonata.Net.Native.JsonParser.TestSuite.JSONTestSuite.rejected.n_array_invalid_utf8</test>
      <test>Jsonata.Net.Native.JsonParser.TestSuite.JSONTestSuite.rejected.n_array_items_separated_by_semicolon</test>
      <test>Jsonata.Net.Native.JsonParser.TestSuite.JSONTestSuite.rejected.n_array_just_comma</test>
      <test>Jsonata.Net.Native.JsonParser.TestSuite.JSONTestSuite.rejected.n_array_just_minus</test>
      <test>Jsonata.Net.Native.JsonParser.TestSuite.JSONTestSuite.rejected.n_array_missing_value</test>
      <test>Jsonata.Net.Native.JsonParser.TestSuite.JSONTestSuite.rejected.n_array_newlines_unclosed</test>
      <test>Jsonata.Net.Native.JsonParser.TestSuite.JSONTestSuite.rejected.n_array_number_and_comma</test>
      <test>Jsonata.Net.Native.JsonParser.TestSuite.JSONTestSuite.rejected.n_array_number_and_several_commas</test>
      <test>Jsonata.Net.Native.JsonParser.TestSuite.JSONTestSuite.rejected.n_array_spaces_vertical_tab_formfeed</test>
      <test>Jsonata.Net.Native.JsonParser.TestSuite.JSONTestSuite.rejected.n_array_star_inside</test>
      <test>Jsonata.Net.Native.JsonParser.TestSuite.JSONTestSuite.rejected.n_array_unclosed</test>
      <test>Jsonata.Net.Native.JsonParser.TestSuite.JSONTestSuite.rejected.n_array_unclosed_trailing_comma</test>
      <test>Jsonata.Net.Native.JsonParser.TestSuite.JSONTestSuite.rejected.n_array_unclosed_with_new_lines</test>
      <test>Jsonata.Net.Native.JsonParser.TestSuite.JSONTestSuite.rejected.n_array_unclosed_with_object_inside</test>
      <test>Jsonata.Net.Native.JsonParser.TestSuite.JSONTestSuite.rejected.n_incomplete_false</test>
      <test>Jsonata.Net.Native.JsonParser.TestSuite.JSONTestSuite.rejected.n_incomplete_null</test>
      <test>Jsonata.Net.Native.JsonParser.TestSuite.JSONTestSuite.rejected.n_incomplete_true</test>
      <test>Jsonata.Net.Native.JsonParser.TestSuite.JSONTestSuite.rejected.n_multidigit_number_then_00</test>
      <test>Jsonata.Net.Native.JsonParser.TestSuite.JSONTestSuite.rejected.n_number_++</test>
      <test>Jsonata.Net.Native.JsonParser.TestSuite.JSONTestSuite.rejected.n_number_+1</test>
      <test>Jsonata.Net.Native.JsonParser.TestSuite.JSONTestSuite.rejected.n_number_+Inf</test>
      <test>Jsonata.Net.Native.JsonParser.TestSuite.JSONTestSuite.rejected.n_number_-01</test>
      <test>Jsonata.Net.Native.JsonParser.TestSuite.JSONTestSuite.rejected.n_number_-1_0_</test>
      <test>Jsonata.Net.Native.JsonParser.TestSuite.JSONTestSuite.rejected.n_number_-2_</test>
      <test>Jsonata.Net.Native.JsonParser.TestSuite.JSONTestSuite.rejected.n_number_-NaN</test>
      <test>Jsonata.Net.Native.JsonParser.TestSuite.JSONTestSuite.rejected.n_number__-1</test>
      <test>Jsonata.Net.Native.JsonParser.TestSuite.JSONTestSuite.rejected.n_number__2e-3</test>
      <test>Jsonata.Net.Native.JsonParser.TestSuite.JSONTestSuite.rejected.n_number_0_1_2</test>
      <test>Jsonata.Net.Native.JsonParser.TestSuite.JSONTestSuite.rejected.n_number_0_3e+</test>
      <test>Jsonata.Net.Native.JsonParser.TestSuite.JSONTestSuite.rejected.n_number_0_3e</test>
      <test>Jsonata.Net.Native.JsonParser.TestSuite.JSONTestSuite.rejected.n_number_0_e1</test>
      <test>Jsonata.Net.Native.JsonParser.TestSuite.JSONTestSuite.rejected.n_number_0e+</test>
      <test>Jsonata.Net.Native.JsonParser.TestSuite.JSONTestSuite.rejected.n_number_0e</test>
      <test>Jsonata.Net.Native.JsonParser.TestSuite.JSONTestSuite.rejected.n_number_0_capital_E+</test>
      <test>Jsonata.Net.Native.JsonParser.TestSuite.JSONTestSuite.rejected.n_number_0_capital_E</test>
      <test>Jsonata.Net.Native.JsonParser.TestSuite.JSONTestSuite.rejected.n_number_1_0e+</test>
      <test>Jsonata.Net.Native.JsonParser.TestSuite.JSONTestSuite.rejected.n_number_1_0e-</test>
      <test>Jsonata.Net.Native.JsonParser.TestSuite.JSONTestSuite.rejected.n_number_1_0e</test>
      <test>Jsonata.Net.Native.JsonParser.TestSuite.JSONTestSuite.rejected.n_number_1eE2</test>
      <test>Jsonata.Net.Native.JsonParser.TestSuite.JSONTestSuite.rejected.n_number_1_000</test>
      <test>Jsonata.Net.Native.JsonParser.TestSuite.JSONTestSuite.rejected.n_number_2_e+3</test>
      <test>Jsonata.Net.Native.JsonParser.TestSuite.JSONTestSuite.rejected.n_number_2_e-3</test>
      <test>Jsonata.Net.Native.JsonParser.TestSuite.JSONTestSuite.rejected.n_number_2_e3</test>
      <test>Jsonata.Net.Native.JsonParser.TestSuite.JSONTestSuite.rejected.n_number_9_e+</test>
      <test>Jsonata.Net.Native.JsonParser.TestSuite.JSONTestSuite.rejected.n_number_expression</test>
      <test>Jsonata.Net.Native.JsonParser.TestSuite.JSONTestSuite.rejected.n_number_hex_1_digit</test>
      <test>Jsonata.Net.Native.JsonParser.TestSuite.JSONTestSuite.rejected.n_number_hex_2_digits</test>
      <test>Jsonata.Net.Native.JsonParser.TestSuite.JSONTestSuite.rejected.n_number_Inf</test>
      <test>Jsonata.Net.Native.JsonParser.TestSuite.JSONTestSuite.rejected.n_number_infinity</test>
      <test>Jsonata.Net.Native.JsonParser.TestSuite.JSONTestSuite.rejected.n_number_invalid+-</test>
      <test>Jsonata.Net.Native.JsonParser.TestSuite.JSONTestSuite.rejected.n_number_invalid-negative-real</test>
      <test>Jsonata.Net.Native.JsonParser.TestSuite.JSONTestSuite.rejected.n_number_invalid-utf-8-in-bigger-int</test>
      <test>Jsonata.Net.Native.JsonParser.TestSuite.JSONTestSuite.rejected.n_number_invalid-utf-8-in-exponent</test>
      <test>Jsonata.Net.Native.JsonParser.TestSuite.JSONTestSuite.rejected.n_number_invalid-utf-8-in-int</test>
      <test>Jsonata.Net.Native.JsonParser.TestSuite.JSONTestSuite.rejected.n_number_minus_infinity</test>
      <test>Jsonata.Net.Native.JsonParser.TestSuite.JSONTestSuite.rejected.n_number_minus_sign_with_trailing_garbage</test>
      <test>Jsonata.Net.Native.JsonParser.TestSuite.JSONTestSuite.rejected.n_number_minus_space_1</test>
      <test>Jsonata.Net.Native.JsonParser.TestSuite.JSONTestSuite.rejected.n_number_NaN</test>
      <test>Jsonata.Net.Native.JsonParser.TestSuite.JSONTestSuite.rejected.n_number_neg_int_starting_with_zero</test>
      <test>Jsonata.Net.Native.JsonParser.TestSuite.JSONTestSuite.rejected.n_number_neg_real_without_int_part</test>
      <test>Jsonata.Net.Native.JsonParser.TestSuite.JSONTestSuite.rejected.n_number_neg_with_garbage_at_end</test>
      <test>Jsonata.Net.Native.JsonParser.TestSuite.JSONTestSuite.rejected.n_number_real_garbage_after_e</test>
      <test>Jsonata.Net.Native.JsonParser.TestSuite.JSONTestSuite.rejected.n_number_real_without_fractional_part</test>
      <test>Jsonata.Net.Native.JsonParser.TestSuite.JSONTestSuite.rejected.n_number_real_with_invalid_utf8_after_e</test>
      <test>Jsonata.Net.Native.JsonParser.TestSuite.JSONTestSuite.rejected.n_number_starting_with_dot</test>
      <test>Jsonata.Net.Native.JsonParser.TestSuite.JSONTestSuite.rejected.n_number_U+FF11_fullwidth_digit_one</test>
      <test>Jsonata.Net.Native.JsonParser.TestSuite.JSONTestSuite.rejected.n_number_with_alpha</test>
      <test>Jsonata.Net.Native.JsonParser.TestSuite.JSONTestSuite.rejected.n_number_with_alpha_char</test>
      <test>Jsonata.Net.Native.JsonParser.TestSuite.JSONTestSuite.rejected.n_number_with_leading_zero</test>
      <test>Jsonata.Net.Native.JsonParser.TestSuite.JSONTestSuite.rejected.n_object_bad_value</test>
      <test>Jsonata.Net.Native.JsonParser.TestSuite.JSONTestSuite.rejected.n_object_bracket_key</test>
      <test>Jsonata.Net.Native.JsonParser.TestSuite.JSONTestSuite.rejected.n_object_comma_instead_of_colon</test>
      <test>Jsonata.Net.Native.JsonParser.TestSuite.JSONTestSuite.rejected.n_object_double_colon</test>
      <test>Jsonata.Net.Native.JsonParser.TestSuite.JSONTestSuite.rejected.n_object_emoji</test>
      <test>Jsonata.Net.Native.JsonParser.TestSuite.JSONTestSuite.rejected.n_object_garbage_at_end</test>
      <test>Jsonata.Net.Native.JsonParser.TestSuite.JSONTestSuite.rejected.n_object_key_with_single_quotes</test>
      <test>Jsonata.Net.Native.JsonParser.TestSuite.JSONTestSuite.rejected.n_object_lone_continuation_byte_in_key_and_trailing_comma</test>
      <test>Jsonata.Net.Native.JsonParser.TestSuite.JSONTestSuite.rejected.n_object_missing_colon</test>
      <test>Jsonata.Net.Native.JsonParser.TestSuite.JSONTestSuite.rejected.n_object_missing_key</test>
      <test>Jsonata.Net.Native.JsonParser.TestSuite.JSONTestSuite.rejected.n_object_missing_semicolon</test>
      <test>Jsonata.Net.Native.JsonParser.TestSuite.JSONTestSuite.rejected.n_object_missing_value</test>
      <test>Jsonata.Net.Native.JsonParser.TestSuite.JSONTestSuite.rejected.n_object_no-colon</test>
      <test>Jsonata.Net.Native.JsonParser.TestSuite.JSONTestSuite.rejected.n_object_non_string_key</test>
      <test>Jsonata.Net.Native.JsonParser.TestSuite.JSONTestSuite.rejected.n_object_non_string_key_but_huge_number_instead</test>
      <test>Jsonata.Net.Native.JsonParser.TestSuite.JSONTestSuite.rejected.n_object_repeated_null_null</test>
      <test>Jsonata.Net.Native.JsonParser.TestSuite.JSONTestSuite.rejected.n_object_several_trailing_commas</test>
      <test>Jsonata.Net.Native.JsonParser.TestSuite.JSONTestSuite.rejected.n_object_single_quote</test>
      <test>Jsonata.Net.Native.JsonParser.TestSuite.JSONTestSuite.rejected.n_object_trailing_comma</test>
      <test>Jsonata.Net.Native.JsonParser.TestSuite.JSONTestSuite.rejected.n_object_trailing_comment</test>
      <test>Jsonata.Net.Native.JsonParser.TestSuite.JSONTestSuite.rejected.n_object_trailing_comment_open</test>
      <test>Jsonata.Net.Native.JsonParser.TestSuite.JSONTestSuite.rejected.n_object_trailing_comment_slash_open</test>
      <test>Jsonata.Net.Native.JsonParser.TestSuite.JSONTestSuite.rejected.n_object_trailing_comment_slash_open_incomplete</test>
      <test>Jsonata.Net.Native.JsonParser.TestSuite.JSONTestSuite.rejected.n_object_two_commas_in_a_row</test>
      <test>Jsonata.Net.Native.JsonParser.TestSuite.JSONTestSuite.rejected.n_object_unquoted_key</test>
      <test>Jsonata.Net.Native.JsonParser.TestSuite.JSONTestSuite.rejected.n_object_unterminated-value</test>
      <test>Jsonata.Net.Native.JsonParser.TestSuite.JSONTestSuite.rejected.n_object_with_single_string</test>
      <test>Jsonata.Net.Native.JsonParser.TestSuite.JSONTestSuite.rejected.n_object_with_trailing_garbage</test>
      <test>Jsonata.Net.Native.JsonParser.TestSuite.JSONTestSuite.rejected.n_single_space</test>
      <test>Jsonata.Net.Native.JsonParser.TestSuite.JSONTestSuite.rejected.n_string_1_surrogate_then_escape</test>
      <test>Jsonata.Net.Native.JsonParser.TestSuite.JSONTestSuite.rejected.n_string_1_surrogate_then_escape_u</test>
      <test>Jsonata.Net.Native.JsonParser.TestSuite.JSONTestSuite.rejected.n_string_1_surrogate_then_escape_u1</test>
      <test>Jsonata.Net.Native.JsonParser.TestSuite.JSONTestSuite.rejected.n_string_1_surrogate_then_escape_u1x</test>
      <test>Jsonata.Net.Native.JsonParser.TestSuite.JSONTestSuite.rejected.n_string_accentuated_char_no_quotes</test>
      <test>Jsonata.Net.Native.JsonParser.TestSuite.JSONTestSuite.rejected.n_string_backslash_00</test>
      <test>Jsonata.Net.Native.JsonParser.TestSuite.JSONTestSuite.rejected.n_string_escaped_backslash_bad</test>
      <test>Jsonata.Net.Native.JsonParser.TestSuite.JSONTestSuite.rejected.n_string_escaped_ctrl_char_tab</test>
      <test>Jsonata.Net.Native.JsonParser.TestSuite.JSONTestSuite.rejected.n_string_escaped_emoji</test>
      <test>Jsonata.Net.Native.JsonParser.TestSuite.JSONTestSuite.rejected.n_string_escape_x</test>
      <test>Jsonata.Net.Native.JsonParser.TestSuite.JSONTestSuite.rejected.n_string_incomplete_escape</test>
      <test>Jsonata.Net.Native.JsonParser.TestSuite.JSONTestSuite.rejected.n_string_incomplete_escaped_character</test>
      <test>Jsonata.Net.Native.JsonParser.TestSuite.JSONTestSuite.rejected.n_string_incomplete_surrogate</test>
      <test>Jsonata.Net.Native.JsonParser.TestSuite.JSONTestSuite.rejected.n_string_incomplete_surrogate_escape_invalid</test>
      <test>Jsonata.Net.Native.JsonParser.TestSuite.JSONTestSuite.rejected.n_string_invalid-utf-8-in-escape</test>
      <test>Jsonata.Net.Native.JsonParser.TestSuite.JSONTestSuite.rejected.n_string_invalid_backslash_esc</test>
      <test>Jsonata.Net.Native.JsonParser.TestSuite.JSONTestSuite.rejected.n_string_invalid_unicode_escape</test>
      <test>Jsonata.Net.Native.JsonParser.TestSuite.JSONTestSuite.rejected.n_string_invalid_utf8_after_escape</test>
      <test>Jsonata.Net.Native.JsonParser.TestSuite.JSONTestSuite.rejected.n_string_leading_uescaped_thinspace</test>
      <test>Jsonata.Net.Native.JsonParser.TestSuite.JSONTestSuite.rejected.n_string_no_quotes_with_bad_escape</test>
      <test>Jsonata.Net.Native.JsonParser.TestSuite.JSONTestSuite.rejected.n_string_single_doublequote</test>
      <test>Jsonata.Net.Native.JsonParser.TestSuite.JSONTestSuite.rejected.n_string_single_quote</test>
      <test>Jsonata.Net.Native.JsonParser.TestSuite.JSONTestSuite.rejected.n_string_single_string_no_double_quotes</test>
      <test>Jsonata.Net.Native.JsonParser.TestSuite.JSONTestSuite.rejected.n_string_start_escape_unclosed</test>
      <test>Jsonata.Net.Native.JsonParser.TestSuite.JSONTestSuite.rejected.n_string_unescaped_ctrl_char</test>
      <test>Jsonata.Net.Native.JsonParser.TestSuite.JSONTestSuite.rejected.n_string_unescaped_newline</test>
      <test>Jsonata.Net.Native.JsonParser.TestSuite.JSONTestSuite.rejected.n_string_unescaped_tab</test>
      <test>Jsonata.Net.Native.JsonParser.TestSuite.JSONTestSuite.rejected.n_string_unicode_CapitalU</test>
      <test>Jsonata.Net.Native.JsonParser.TestSuite.JSONTestSuite.rejected.n_string_with_trailing_garbage</test>
      <test>Jsonata.Net.Native.JsonParser.TestSuite.JSONTestSuite.rejected.n_structure_100000_opening_arrays</test>
      <test>Jsonata.Net.Native.JsonParser.TestSuite.JSONTestSuite.rejected.n_structure_angle_bracket__</test>
      <test>Jsonata.Net.Native.JsonParser.TestSuite.JSONTestSuite.rejected.n_structure_angle_bracket_null</test>
      <test>Jsonata.Net.Native.JsonParser.TestSuite.JSONTestSuite.rejected.n_structure_array_trailing_garbage</test>
      <test>Jsonata.Net.Native.JsonParser.TestSuite.JSONTestSuite.rejected.n_structure_array_with_extra_array_close</test>
      <test>Jsonata.Net.Native.JsonParser.TestSuite.JSONTestSuite.rejected.n_structure_array_with_unclosed_string</test>
      <test>Jsonata.Net.Native.JsonParser.TestSuite.JSONTestSuite.rejected.n_structure_ascii-unicode-identifier</test>
      <test>Jsonata.Net.Native.JsonParser.TestSuite.JSONTestSuite.rejected.n_structure_capitalized_True</test>
      <test>Jsonata.Net.Native.JsonParser.TestSuite.JSONTestSuite.rejected.n_structure_close_unopened_array</test>
      <test>Jsonata.Net.Native.JsonParser.TestSuite.JSONTestSuite.rejected.n_structure_comma_instead_of_closing_brace</test>
      <test>Jsonata.Net.Native.JsonParser.TestSuite.JSONTestSuite.rejected.n_structure_double_array</test>
      <test>Jsonata.Net.Native.JsonParser.TestSuite.JSONTestSuite.rejected.n_structure_end_array</test>
      <test>Jsonata.Net.Native.JsonParser.TestSuite.JSONTestSuite.rejected.n_structure_incomplete_UTF8_BOM</test>
      <test>Jsonata.Net.Native.JsonParser.TestSuite.JSONTestSuite.rejected.n_structure_lone-invalid-utf-8</test>
      <test>Jsonata.Net.Native.JsonParser.TestSuite.JSONTestSuite.rejected.n_structure_lone-open-bracket</test>
      <test>Jsonata.Net.Native.JsonParser.TestSuite.JSONTestSuite.rejected.n_structure_no_data</test>
      <test>Jsonata.Net.Native.JsonParser.TestSuite.JSONTestSuite.rejected.n_structure_null-byte-outside-string</test>
      <test>Jsonata.Net.Native.JsonParser.TestSuite.JSONTestSuite.rejected.n_structure_number_with_trailing_garbage</test>
      <test>Jsonata.Net.Native.JsonParser.TestSuite.JSONTestSuite.rejected.n_structure_object_followed_by_closing_object</test>
      <test>Jsonata.Net.Native.JsonParser.TestSuite.JSONTestSuite.rejected.n_structure_object_unclosed_no_value</test>
      <test>Jsonata.Net.Native.JsonParser.TestSuite.JSONTestSuite.rejected.n_structure_object_with_comment</test>
      <test>Jsonata.Net.Native.JsonParser.TestSuite.JSONTestSuite.rejected.n_structure_object_with_trailing_garbage</test>
      <test>Jsonata.Net.Native.JsonParser.TestSuite.JSONTestSuite.rejected.n_structure_open_array_apostrophe</test>
      <test>Jsonata.Net.Native.JsonParser.TestSuite.JSONTestSuite.rejected.n_structure_open_array_comma</test>
      <test>Jsonata.Net.Native.JsonParser.TestSuite.JSONTestSuite.rejected.n_structure_open_array_object</test>
      <test>Jsonata.Net.Native.JsonParser.TestSuite.JSONTestSuite.rejected.n_structure_open_array_open_object</test>
      <test>Jsonata.Net.Native.JsonParser.TestSuite.JSONTestSuite.rejected.n_structure_open_array_open_string</test>
      <test>Jsonata.Net.Native.JsonParser.TestSuite.JSONTestSuite.rejected.n_structure_open_array_string</test>
      <test>Jsonata.Net.Native.JsonParser.TestSuite.JSONTestSuite.rejected.n_structure_open_object</test>
      <test>Jsonata.Net.Native.JsonParser.TestSuite.JSONTestSuite.rejected.n_structure_open_object_close_array</test>
      <test>Jsonata.Net.Native.JsonParser.TestSuite.JSONTestSuite.rejected.n_structure_open_object_comma</test>
      <test>Jsonata.Net.Native.JsonParser.TestSuite.JSONTestSuite.rejected.n_structure_open_object_open_array</test>
      <test>Jsonata.Net.Native.JsonParser.TestSuite.JSONTestSuite.rejected.n_structure_open_object_open_string</test>
      <test>Jsonata.Net.Native.JsonParser.TestSuite.JSONTestSuite.rejected.n_structure_open_object_string_with_apostrophes</test>
      <test>Jsonata.Net.Native.JsonParser.TestSuite.JSONTestSuite.rejected.n_structure_open_open</test>
      <test>Jsonata.Net.Native.JsonParser.TestSuite.JSONTestSuite.rejected.n_structure_single_eacute</test>
      <test>Jsonata.Net.Native.JsonParser.TestSuite.JSONTestSuite.rejected.n_structure_single_star</test>
      <test>Jsonata.Net.Native.JsonParser.TestSuite.JSONTestSuite.rejected.n_structure_trailing_#</test>
      <test>Jsonata.Net.Native.JsonParser.TestSuite.JSONTestSuite.rejected.n_structure_U+2060_word_joined</test>
      <test>Jsonata.Net.Native.JsonParser.TestSuite.JSONTestSuite.rejected.n_structure_uescaped_LF_before_string</test>
      <test>Jsonata.Net.Native.JsonParser.TestSuite.JSONTestSuite.rejected.n_structure_unclosed_array</test>
      <test>Jsonata.Net.Native.JsonParser.TestSuite.JSONTestSuite.rejected.n_structure_unclosed_array_partial_null</test>
      <test>Jsonata.Net.Native.JsonParser.TestSuite.JSONTestSuite.rejected.n_structure_unclosed_array_unfinished_false</test>
      <test>Jsonata.Net.Native.JsonParser.TestSuite.JSONTestSuite.rejected.n_structure_unclosed_array_unfinished_true</test>
      <test>Jsonata.Net.Native.JsonParser.TestSuite.JSONTestSuite.rejected.n_structure_unclosed_object</test>
      <test>Jsonata.Net.Native.JsonParser.TestSuite.JSONTestSuite.rejected.n_structure_unicode-identifier</test>
      <test>Jsonata.Net.Native.JsonParser.TestSuite.JSONTestSuite.rejected.n_structure_UTF8_BOM_no_data</test>
      <test>Jsonata.Net.Native.JsonParser.TestSuite.JSONTestSuite.rejected.n_structure_whitespace_formfeed</test>
      <test>Jsonata.Net.Native.JsonParser.TestSuite.JSONTestSuite.rejected.n_structure_whitespace_U+2060_word_joiner</test>
      <test>Jsonata.Net.Native.JsonParser.TestSuite.JSONTestSuite.accepted.y_array_arraysWithSpaces</test>
      <test>Jsonata.Net.Native.JsonParser.TestSuite.JSONTestSuite.accepted.y_array_empty-string</test>
      <test>Jsonata.Net.Native.JsonParser.TestSuite.JSONTestSuite.accepted.y_array_empty</test>
      <test>Jsonata.Net.Native.JsonParser.TestSuite.JSONTestSuite.accepted.y_array_ending_with_newline</test>
      <test>Jsonata.Net.Native.JsonParser.TestSuite.JSONTestSuite.accepted.y_array_false</test>
      <test>Jsonata.Net.Native.JsonParser.TestSuite.JSONTestSuite.accepted.y_array_heterogeneous</test>
      <test>Jsonata.Net.Native.JsonParser.TestSuite.JSONTestSuite.accepted.y_array_null</test>
      <test>Jsonata.Net.Native.JsonParser.TestSuite.JSONTestSuite.accepted.y_array_with_1_and_newline</test>
      <test>Jsonata.Net.Native.JsonParser.TestSuite.JSONTestSuite.accepted.y_array_with_leading_space</test>
      <test>Jsonata.Net.Native.JsonParser.TestSuite.JSONTestSuite.accepted.y_array_with_several_null</test>
      <test>Jsonata.Net.Native.JsonParser.TestSuite.JSONTestSuite.accepted.y_array_with_trailing_space</test>
      <test>Jsonata.Net.Native.JsonParser.TestSuite.JSONTestSuite.accepted.y_number</test>
      <test>Jsonata.Net.Native.JsonParser.TestSuite.JSONTestSuite.accepted.y_number_0e+1</test>
      <test>Jsonata.Net.Native.JsonParser.TestSuite.JSONTestSuite.accepted.y_number_0e1</test>
      <test>Jsonata.Net.Native.JsonParser.TestSuite.JSONTestSuite.accepted.y_number_after_space</test>
      <test>Jsonata.Net.Native.JsonParser.TestSuite.JSONTestSuite.accepted.y_number_double_close_to_zero</test>
      <test>Jsonata.Net.Native.JsonParser.TestSuite.JSONTestSuite.accepted.y_number_int_with_exp</test>
      <test>Jsonata.Net.Native.JsonParser.TestSuite.JSONTestSuite.accepted.y_number_minus_zero</test>
      <test>Jsonata.Net.Native.JsonParser.TestSuite.JSONTestSuite.accepted.y_number_negative_int</test>
      <test>Jsonata.Net.Native.JsonParser.TestSuite.JSONTestSuite.accepted.y_number_negative_one</test>
      <test>Jsonata.Net.Native.JsonParser.TestSuite.JSONTestSuite.accepted.y_number_negative_zero</test>
      <test>Jsonata.Net.Native.JsonParser.TestSuite.JSONTestSuite.accepted.y_number_real_capital_e</test>
      <test>Jsonata.Net.Native.JsonParser.TestSuite.JSONTestSuite.accepted.y_number_real_capital_e_neg_exp</test>
      <test>Jsonata.Net.Native.JsonParser.TestSuite.JSONTestSuite.accepted.y_number_real_capital_e_pos_exp</test>
      <test>Jsonata.Net.Native.JsonParser.TestSuite.JSONTestSuite.accepted.y_number_real_exponent</test>
      <test>Jsonata.Net.Native.JsonParser.TestSuite.JSONTestSuite.accepted.y_number_real_fraction_exponent</test>
      <test>Jsonata.Net.Native.JsonParser.TestSuite.JSONTestSuite.accepted.y_number_real_neg_exp</test>
      <test>Jsonata.Net.Native.JsonParser.TestSuite.JSONTestSuite.accepted.y_number_real_pos_exponent</test>
      <test>Jsonata.Net.Native.JsonParser.TestSuite.JSONTestSuite.accepted.y_number_simple_int</test>
      <test>Jsonata.Net.Native.JsonParser.TestSuite.JSONTestSuite.accepted.y_number_simple_real</test>
      <test>Jsonata.Net.Native.JsonParser.TestSuite.JSONTestSuite.accepted.y_object</test>
      <test>Jsonata.Net.Native.JsonParser.TestSuite.JSONTestSuite.accepted.y_object_basic</test>
      <test>Jsonata.Net.Native.JsonParser.TestSuite.JSONTestSuite.accepted.y_object_duplicated_key</test>
      <test>Jsonata.Net.Native.JsonParser.TestSuite.JSONTestSuite.accepted.y_object_duplicated_key_and_value</test>
      <test>Jsonata.Net.Native.JsonParser.TestSuite.JSONTestSuite.accepted.y_object_empty</test>
      <test>Jsonata.Net.Native.JsonParser.TestSuite.JSONTestSuite.accepted.y_object_empty_key</test>
      <test>Jsonata.Net.Native.JsonParser.TestSuite.JSONTestSuite.accepted.y_object_escaped_null_in_key</test>
      <test>Jsonata.Net.Native.JsonParser.TestSuite.JSONTestSuite.accepted.y_object_extreme_numbers</test>
      <test>Jsonata.Net.Native.JsonParser.TestSuite.JSONTestSuite.accepted.y_object_long_strings</test>
      <test>Jsonata.Net.Native.JsonParser.TestSuite.JSONTestSuite.accepted.y_object_simple</test>
      <test>Jsonata.Net.Native.JsonParser.TestSuite.JSONTestSuite.accepted.y_object_string_unicode</test>
      <test>Jsonata.Net.Native.JsonParser.TestSuite.JSONTestSuite.accepted.y_object_with_newlines</test>
      <test>Jsonata.Net.Native.JsonParser.TestSuite.JSONTestSuite.accepted.y_string_1_2_3_bytes_UTF-8_sequences</test>
      <test>Jsonata.Net.Native.JsonParser.TestSuite.JSONTestSuite.accepted.y_string_accepted_surrogate_pair</test>
      <test>Jsonata.Net.Native.JsonParser.TestSuite.JSONTestSuite.accepted.y_string_accepted_surrogate_pairs</test>
      <test>Jsonata.Net.Native.JsonParser.TestSuite.JSONTestSuite.accepted.y_string_allowed_escapes</test>
      <test>Jsonata.Net.Native.JsonParser.TestSuite.JSONTestSuite.accepted.y_string_backslash_and_u_escaped_zero</test>
      <test>Jsonata.Net.Native.JsonParser.TestSuite.JSONTestSuite.accepted.y_string_backslash_doublequotes</test>
      <test>Jsonata.Net.Native.JsonParser.TestSuite.JSONTestSuite.accepted.y_string_comments</test>
      <test>Jsonata.Net.Native.JsonParser.TestSuite.JSONTestSuite.accepted.y_string_double_escape_a</test>
      <test>Jsonata.Net.Native.JsonParser.TestSuite.JSONTestSuite.accepted.y_string_double_escape_n</test>
      <test>Jsonata.Net.Native.JsonParser.TestSuite.JSONTestSuite.accepted.y_string_escaped_control_character</test>
      <test>Jsonata.Net.Native.JsonParser.TestSuite.JSONTestSuite.accepted.y_string_escaped_noncharacter</test>
      <test>Jsonata.Net.Native.JsonParser.TestSuite.JSONTestSuite.accepted.y_string_in_array</test>
      <test>Jsonata.Net.Native.JsonParser.TestSuite.JSONTestSuite.accepted.y_string_in_array_with_leading_space</test>
      <test>Jsonata.Net.Native.JsonParser.TestSuite.JSONTestSuite.accepted.y_string_last_surrogates_1_and_2</test>
      <test>Jsonata.Net.Native.JsonParser.TestSuite.JSONTestSuite.accepted.y_string_nbsp_uescaped</test>
      <test>Jsonata.Net.Native.JsonParser.TestSuite.JSONTestSuite.accepted.y_string_nonCharacterInUTF-8_U+10FFFF</test>
      <test>Jsonata.Net.Native.JsonParser.TestSuite.JSONTestSuite.accepted.y_string_nonCharacterInUTF-8_U+FFFF</test>
      <test>Jsonata.Net.Native.JsonParser.TestSuite.JSONTestSuite.accepted.y_string_null_escape</test>
      <test>Jsonata.Net.Native.JsonParser.TestSuite.JSONTestSuite.accepted.y_string_one-byte-utf-8</test>
      <test>Jsonata.Net.Native.JsonParser.TestSuite.JSONTestSuite.accepted.y_string_pi</test>
      <test>Jsonata.Net.Native.JsonParser.TestSuite.JSONTestSuite.accepted.y_string_reservedCharacterInUTF-8_U+1BFFF</test>
      <test>Jsonata.Net.Native.JsonParser.TestSuite.JSONTestSuite.accepted.y_string_simple_ascii</test>
      <test>Jsonata.Net.Native.JsonParser.TestSuite.JSONTestSuite.accepted.y_string_space</test>
      <test>Jsonata.Net.Native.JsonParser.TestSuite.JSONTestSuite.accepted.y_string_surrogates_U+1D11E_MUSICAL_SYMBOL_G_CLEF</test>
      <test>Jsonata.Net.Native.JsonParser.TestSuite.JSONTestSuite.accepted.y_string_three-byte-utf-8</test>
      <test>Jsonata.Net.Native.JsonParser.TestSuite.JSONTestSuite.accepted.y_string_two-byte-utf-8</test>
      <test>Jsonata.Net.Native.JsonParser.TestSuite.JSONTestSuite.accepted.y_string_u+2028_line_sep</test>
      <test>Jsonata.Net.Native.JsonParser.TestSuite.JSONTestSuite.accepted.y_string_u+2029_par_sep</test>
      <test>Jsonata.Net.Native.JsonParser.TestSuite.JSONTestSuite.accepted.y_string_uEscape</test>
      <test>Jsonata.Net.Native.JsonParser.TestSuite.JSONTestSuite.accepted.y_string_uescaped_newline</test>
      <test>Jsonata.Net.Native.JsonParser.TestSuite.JSONTestSuite.accepted.y_string_unescaped_char_delete</test>
      <test>Jsonata.Net.Native.JsonParser.TestSuite.JSONTestSuite.accepted.y_string_unicode</test>
      <test>Jsonata.Net.Native.JsonParser.TestSuite.JSONTestSuite.accepted.y_string_unicodeEscapedBackslash</test>
      <test>Jsonata.Net.Native.JsonParser.TestSuite.JSONTestSuite.accepted.y_string_unicode_2</test>
      <test>Jsonata.Net.Native.JsonParser.TestSuite.JSONTestSuite.accepted.y_string_unicode_escaped_double_quote</test>
      <test>Jsonata.Net.Native.JsonParser.TestSuite.JSONTestSuite.accepted.y_string_unicode_U+10FFFE_nonchar</test>
      <test>Jsonata.Net.Native.JsonParser.TestSuite.JSONTestSuite.accepted.y_string_unicode_U+1FFFE_nonchar</test>
      <test>Jsonata.Net.Native.JsonParser.TestSuite.JSONTestSuite.accepted.y_string_unicode_U+200B_ZERO_WIDTH_SPACE</test>
      <test>Jsonata.Net.Native.JsonParser.TestSuite.JSONTestSuite.accepted.y_string_unicode_U+2064_invisible_plus</test>
      <test>Jsonata.Net.Native.JsonParser.TestSuite.JSONTestSuite.accepted.y_string_unicode_U+FDD0_nonchar</test>
      <test>Jsonata.Net.Native.JsonParser.TestSuite.JSONTestSuite.accepted.y_string_unicode_U+FFFE_nonchar</test>
      <test>Jsonata.Net.Native.JsonParser.TestSuite.JSONTestSuite.accepted.y_string_utf8</test>
      <test>Jsonata.Net.Native.JsonParser.TestSuite.JSONTestSuite.accepted.y_string_with_del_character</test>
      <test>Jsonata.Net.Native.JsonParser.TestSuite.JSONTestSuite.accepted.y_structure_lonely_false</test>
      <test>Jsonata.Net.Native.JsonParser.TestSuite.JSONTestSuite.accepted.y_structure_lonely_int</test>
      <test>Jsonata.Net.Native.JsonParser.TestSuite.JSONTestSuite.accepted.y_structure_lonely_negative_real</test>
      <test>Jsonata.Net.Native.JsonParser.TestSuite.JSONTestSuite.accepted.y_structure_lonely_null</test>
      <test>Jsonata.Net.Native.JsonParser.TestSuite.JSONTestSuite.accepted.y_structure_lonely_string</test>
      <test>Jsonata.Net.Native.JsonParser.TestSuite.JSONTestSuite.accepted.y_structure_lonely_true</test>
      <test>Jsonata.Net.Native.JsonParser.TestSuite.JSONTestSuite.accepted.y_structure_string_empty</test>
      <test>Jsonata.Net.Native.JsonParser.TestSuite.JSONTestSuite.accepted.y_structure_trailing_newline</test>
      <test>Jsonata.Net.Native.JsonParser.TestSuite.JSONTestSuite.accepted.y_structure_true_in_array</test>
      <test>Jsonata.Net.Native.JsonParser.TestSuite.JSONTestSuite.accepted.y_structure_whitespace_array</test>
    </or>
  </filter>
  <test-suite type="Assembly" id="0-1320" name="Jsonata.Net.Native.JsonParser.TestSuite.dll" fullname="F:/Projects/_NuGet_External/jsonata.net.native/src/Jsonata.Net.Native.JsonParser.TestSuite/bin/Debug/net5.0/Jsonata.Net.Native.JsonParser.TestSuite.dll" runstate="Runnable" testcasecount="318" result="Skipped" label="Ignored" site="Child" start-time="2022-08-11T21:30:40.9787396Z" end-time="2022-08-11T21:30:41.0840091Z" duration="0.105221" total="318" passed="267" failed="0" warnings="0" inconclusive="0" skipped="51" asserts="267">
    <environment framework-version="3.13.2.0" clr-version="5.0.17" os-version="Microsoft Windows 6.3.9600" platform="Win32NT" cwd="F:\Projects\_NuGet_External\jsonata.net.native\src\Jsonata.Net.Native.JsonParser.TestSuite\bin\Debug\net5.0" machine-name="ABC-BARG" user="barg_ma" user-domain="ABC" culture="ru-RU" uiculture="ru-RU" os-architecture="x64" />
    <settings>
      <setting name="SynchronousEvents" value="False" />
      <setting name="RandomSeed" value="1920711320" />
      <setting name="SkipNonTestAssemblies" value="True" />
      <setting name="ProcessModel" value="InProcess" />
      <setting name="DomainUsage" value="Single" />
      <setting name="DefaultTestNamePattern" value="{m}{a}" />
      <setting name="WorkDirectory" value="F:\Projects\_NuGet_External\jsonata.net.native\src\Jsonata.Net.Native.JsonParser.TestSuite\bin\Debug\net5.0" />
      <setting name="NumberOfTestWorkers" value="4" />
    </settings>
    <properties>
      <property name="_PID" value="14564" />
      <property name="_APPDOMAIN" value="testhost" />
    </properties>
    <reason>
      <message><![CDATA[One or more child tests were ignored]]></message>
    </reason>
    <test-suite type="TestSuite" id="0-1321" name="Jsonata" fullname="Jsonata" runstate="Runnable" testcasecount="318" result="Skipped" label="Ignored" site="Child" start-time="2022-08-11T21:30:40.9827756Z" end-time="2022-08-11T21:30:41.0839958Z" duration="0.101221" total="318" passed="267" failed="0" warnings="0" inconclusive="0" skipped="51" asserts="267">
      <reason>
        <message><![CDATA[One or more child tests were ignored]]></message>
      </reason>
      <test-suite type="TestSuite" id="0-1322" name="Net" fullname="Jsonata.Net" runstate="Runnable" testcasecount="318" result="Skipped" label="Ignored" site="Child" start-time="2022-08-11T21:30:40.9830071Z" end-time="2022-08-11T21:30:41.0839913Z" duration="0.100985" total="318" passed="267" failed="0" warnings="0" inconclusive="0" skipped="51" asserts="267">
        <reason>
          <message><![CDATA[One or more child tests were ignored]]></message>
        </reason>
        <test-suite type="TestSuite" id="0-1323" name="Native" fullname="Jsonata.Net.Native" runstate="Runnable" testcasecount="318" result="Skipped" label="Ignored" site="Child" start-time="2022-08-11T21:30:40.9830294Z" end-time="2022-08-11T21:30:41.0839810Z" duration="0.100952" total="318" passed="267" failed="0" warnings="0" inconclusive="0" skipped="51" asserts="267">
          <reason>
            <message><![CDATA[One or more child tests were ignored]]></message>
          </reason>
          <test-suite type="TestSuite" id="0-1324" name="JsonParser" fullname="Jsonata.Net.Native.JsonParser" runstate="Runnable" testcasecount="318" result="Skipped" label="Ignored" site="Child" start-time="2022-08-11T21:30:40.9830334Z" end-time="2022-08-11T21:30:41.0839565Z" duration="0.100924" total="318" passed="267" failed="0" warnings="0" inconclusive="0" skipped="51" asserts="267">
            <reason>
              <message><![CDATA[One or more child tests were ignored]]></message>
            </reason>
            <test-suite type="TestSuite" id="0-1325" name="TestSuite" fullname="Jsonata.Net.Native.JsonParser.TestSuite" runstate="Runnable" testcasecount="318" result="Skipped" label="Ignored" site="Child" start-time="2022-08-11T21:30:40.9830364Z" end-time="2022-08-11T21:30:41.0838624Z" duration="0.100827" total="318" passed="267" failed="0" warnings="0" inconclusive="0" skipped="51" asserts="267">
              <reason>
                <message><![CDATA[One or more child tests were ignored]]></message>
              </reason>
              <test-suite type="TestFixture" id="0-1000" name="JSONTestSuite" fullname="Jsonata.Net.Native.JsonParser.TestSuite.JSONTestSuite" classname="Jsonata.Net.Native.JsonParser.TestSuite.JSONTestSuite" runstate="Runnable" testcasecount="318" result="Skipped" label="Ignored" site="Child" start-time="2022-08-11T21:30:40.9840259Z" end-time="2022-08-11T21:30:41.0822039Z" duration="0.098179" total="318" passed="267" failed="0" warnings="0" inconclusive="0" skipped="51" asserts="267">
                <reason>
                  <message><![CDATA[One or more child tests were ignored]]></message>
                </reason>
                <test-suite type="ParameterizedMethod" id="0-1319" name="Test" fullname="Jsonata.Net.Native.JsonParser.TestSuite.JSONTestSuite.Test" classname="Jsonata.Net.Native.JsonParser.TestSuite.JSONTestSuite" runstate="Runnable" testcasecount="318" result="Skipped" label="Ignored" site="Child" start-time="2022-08-11T21:30:40.9867953Z" end-time="2022-08-11T21:30:41.0796401Z" duration="0.092845" total="318" passed="267" failed="0" warnings="0" inconclusive="0" skipped="51" asserts="267">
                  <reason>
                    <message><![CDATA[One or more child tests were ignored]]></message>
                  </reason>
                  <test-case id="0-1001" name="ambigous.i_number_double_huge_neg_exp" fullname="Jsonata.Net.Native.JsonParser.TestSuite.JSONTestSuite.ambigous.i_number_double_huge_neg_exp" methodname="Test" classname="Jsonata.Net.Native.JsonParser.TestSuite.JSONTestSuite" runstate="Runnable" seed="1966607529" result="Skipped" label="Ignored" start-time="2022-08-11T21:30:40.9868439Z" end-time="2022-08-11T21:30:41.0129462Z" duration="0.026192" asserts="0">
                    <reason>
                      <message><![CDATA[This is an ambigous test]]></message>
                    </reason>
                    <output><![CDATA[File: 'i_number_double_huge_neg_exp'
JSON: '[123.456e-789]'
Expected: ''
Parsed: '[0.0000000000000000000000000000]'
Result: 'True'
]]></output>
                  </test-case>
                  <test-case id="0-1002" name="ambigous.i_number_huge_exp" fullname="Jsonata.Net.Native.JsonParser.TestSuite.JSONTestSuite.ambigous.i_number_huge_exp" methodname="Test" classname="Jsonata.Net.Native.JsonParser.TestSuite.JSONTestSuite" runstate="Runnable" seed="919692349" result="Skipped" label="Ignored" start-time="2022-08-11T21:30:41.0146493Z" end-time="2022-08-11T21:30:41.0154744Z" duration="0.000825" asserts="0">
                    <reason>
                      <message><![CDATA[Skipping ambigous test with integer overflows]]></message>
                    </reason>
                    <output><![CDATA[File: 'i_number_huge_exp'
JSON: '[0.4e00669999999999999999999999999999999999999999999999999999999999999999999999999999999999999999999999999999999999999999999969999999006]'
Expected: ''
]]></output>
                  </test-case>
                  <test-case id="0-1003" name="ambigous.i_number_neg_int_huge_exp" fullname="Jsonata.Net.Native.JsonParser.TestSuite.JSONTestSuite.ambigous.i_number_neg_int_huge_exp" methodname="Test" classname="Jsonata.Net.Native.JsonParser.TestSuite.JSONTestSuite" runstate="Runnable" seed="1003081501" result="Skipped" label="Ignored" start-time="2022-08-11T21:30:41.0154916Z" end-time="2022-08-11T21:30:41.0157234Z" duration="0.000232" asserts="0">
                    <reason>
                      <message><![CDATA[Skipping ambigous test with integer overflows]]></message>
                    </reason>
                    <output><![CDATA[File: 'i_number_neg_int_huge_exp'
JSON: '[-1e+9999]'
Expected: ''
]]></output>
                  </test-case>
                  <test-case id="0-1004" name="ambigous.i_number_pos_double_huge_exp" fullname="Jsonata.Net.Native.JsonParser.TestSuite.JSONTestSuite.ambigous.i_number_pos_double_huge_exp" methodname="Test" classname="Jsonata.Net.Native.JsonParser.TestSuite.JSONTestSuite" runstate="Runnable" seed="1648143378" result="Skipped" label="Ignored" start-time="2022-08-11T21:30:41.0157325Z" end-time="2022-08-11T21:30:41.0159975Z" duration="0.000265" asserts="0">
                    <reason>
                      <message><![CDATA[Skipping ambigous test with integer overflows]]></message>
                    </reason>
                    <output><![CDATA[File: 'i_number_pos_double_huge_exp'
JSON: '[1.5e+9999]'
Expected: ''
]]></output>
                  </test-case>
                  <test-case id="0-1005" name="ambigous.i_number_real_neg_overflow" fullname="Jsonata.Net.Native.JsonParser.TestSuite.JSONTestSuite.ambigous.i_number_real_neg_overflow" methodname="Test" classname="Jsonata.Net.Native.JsonParser.TestSuite.JSONTestSuite" runstate="Runnable" seed="528712679" result="Skipped" label="Ignored" start-time="2022-08-11T21:30:41.0160066Z" end-time="2022-08-11T21:30:41.0162308Z" duration="0.000224" asserts="0">
                    <reason>
                      <message><![CDATA[Skipping ambigous test with integer overflows]]></message>
                    </reason>
                    <output><![CDATA[File: 'i_number_real_neg_overflow'
JSON: '[-123123e100000]'
Expected: ''
]]></output>
                  </test-case>
                  <test-case id="0-1006" name="ambigous.i_number_real_pos_overflow" fullname="Jsonata.Net.Native.JsonParser.TestSuite.JSONTestSuite.ambigous.i_number_real_pos_overflow" methodname="Test" classname="Jsonata.Net.Native.JsonParser.TestSuite.JSONTestSuite" runstate="Runnable" seed="1252692443" result="Skipped" label="Ignored" start-time="2022-08-11T21:30:41.0162396Z" end-time="2022-08-11T21:30:41.0164642Z" duration="0.000225" asserts="0">
                    <reason>
                      <message><![CDATA[Skipping ambigous test with integer overflows]]></message>
                    </reason>
                    <output><![CDATA[File: 'i_number_real_pos_overflow'
JSON: '[123123e100000]'
Expected: ''
]]></output>
                  </test-case>
                  <test-case id="0-1007" name="ambigous.i_number_real_underflow" fullname="Jsonata.Net.Native.JsonParser.TestSuite.JSONTestSuite.ambigous.i_number_real_underflow" methodname="Test" classname="Jsonata.Net.Native.JsonParser.TestSuite.JSONTestSuite" runstate="Runnable" seed="140005345" result="Skipped" label="Ignored" start-time="2022-08-11T21:30:41.0164729Z" end-time="2022-08-11T21:30:41.0166713Z" duration="0.000199" asserts="0">
                    <reason>
                      <message><![CDATA[This is an ambigous test]]></message>
                    </reason>
                    <output><![CDATA[File: 'i_number_real_underflow'
JSON: '[123e-10000000]'
Expected: ''
Parsed: '[0.0000000000000000000000000000]'
Result: 'True'
]]></output>
                  </test-case>
                  <test-case id="0-1008" name="ambigous.i_number_too_big_neg_int" fullname="Jsonata.Net.Native.JsonParser.TestSuite.JSONTestSuite.ambigous.i_number_too_big_neg_int" methodname="Test" classname="Jsonata.Net.Native.JsonParser.TestSuite.JSONTestSuite" runstate="Runnable" seed="751244532" result="Skipped" label="Ignored" start-time="2022-08-11T21:30:41.0166800Z" end-time="2022-08-11T21:30:41.0170000Z" duration="0.000320" asserts="0">
                    <reason>
                      <message><![CDATA[This is an ambigous test]]></message>
                    </reason>
                    <output><![CDATA[File: 'i_number_too_big_neg_int'
JSON: '[-123123123123123123123123123123]'
Expected: ''
Exception: 'Parsing falied: Failed to parse an integer: '-123123123123123123123123123123' (at position 32)'
Result: 'False'
]]></output>
                  </test-case>
                  <test-case id="0-1009" name="ambigous.i_number_too_big_pos_int" fullname="Jsonata.Net.Native.JsonParser.TestSuite.JSONTestSuite.ambigous.i_number_too_big_pos_int" methodname="Test" classname="Jsonata.Net.Native.JsonParser.TestSuite.JSONTestSuite" runstate="Runnable" seed="1751819990" result="Skipped" label="Ignored" start-time="2022-08-11T21:30:41.0170091Z" end-time="2022-08-11T21:30:41.0172684Z" duration="0.000260" asserts="0">
                    <reason>
                      <message><![CDATA[This is an ambigous test]]></message>
                    </reason>
                    <output><![CDATA[File: 'i_number_too_big_pos_int'
JSON: '[100000000000000000000]'
Expected: ''
Parsed: '[100000000000000000000]'
Result: 'True'
]]></output>
                  </test-case>
                  <test-case id="0-1010" name="ambigous.i_number_very_big_negative_int" fullname="Jsonata.Net.Native.JsonParser.TestSuite.JSONTestSuite.ambigous.i_number_very_big_negative_int" methodname="Test" classname="Jsonata.Net.Native.JsonParser.TestSuite.JSONTestSuite" runstate="Runnable" seed="1889536862" result="Skipped" label="Ignored" start-time="2022-08-11T21:30:41.0172774Z" end-time="2022-08-11T21:30:41.0174902Z" duration="0.000213" asserts="0">
                    <reason>
                      <message><![CDATA[This is an ambigous test]]></message>
                    </reason>
                    <output><![CDATA[File: 'i_number_very_big_negative_int'
JSON: '[-237462374673276894279832749832423479823246327846]'
Expected: ''
Exception: 'Parsing falied: Failed to parse an integer: '-237462374673276894279832749832423479823246327846' (at position 50)'
Result: 'False'
]]></output>
                  </test-case>
                  <test-case id="0-1011" name="ambigous.i_object_key_lone_2nd_surrogate" fullname="Jsonata.Net.Native.JsonParser.TestSuite.JSONTestSuite.ambigous.i_object_key_lone_2nd_surrogate" methodname="Test" classname="Jsonata.Net.Native.JsonParser.TestSuite.JSONTestSuite" runstate="Runnable" seed="677849975" result="Skipped" label="Ignored" start-time="2022-08-11T21:30:41.0174993Z" end-time="2022-08-11T21:30:41.0189486Z" duration="0.001449" asserts="0">
                    <reason>
                      <message><![CDATA[This is an ambigous test]]></message>
                    </reason>
                    <output><![CDATA[File: 'i_object_key_lone_2nd_surrogate'
JSON: '{"\uDFAA":0}'
Expected: ''
Parsed: '{"\udfaa":0}'
Result: 'True'
]]></output>
                  </test-case>
                  <test-case id="0-1012" name="ambigous.i_string_1st_surrogate_but_2nd_missing" fullname="Jsonata.Net.Native.JsonParser.TestSuite.JSONTestSuite.ambigous.i_string_1st_surrogate_but_2nd_missing" methodname="Test" classname="Jsonata.Net.Native.JsonParser.TestSuite.JSONTestSuite" runstate="Runnable" seed="1308558421" result="Skipped" label="Ignored" start-time="2022-08-11T21:30:41.0189591Z" end-time="2022-08-11T21:30:41.0194301Z" duration="0.000471" asserts="0">
                    <reason>
                      <message><![CDATA[This is an ambigous test]]></message>
                    </reason>
                    <output><![CDATA[File: 'i_string_1st_surrogate_but_2nd_missing'
JSON: '["\uDADA"]'
Expected: ''
Parsed: '["\udada"]'
Result: 'True'
]]></output>
                  </test-case>
                  <test-case id="0-1013" name="ambigous.i_string_1st_valid_surrogate_2nd_invalid" fullname="Jsonata.Net.Native.JsonParser.TestSuite.JSONTestSuite.ambigous.i_string_1st_valid_surrogate_2nd_invalid" methodname="Test" classname="Jsonata.Net.Native.JsonParser.TestSuite.JSONTestSuite" runstate="Runnable" seed="382200317" result="Skipped" label="Ignored" start-time="2022-08-11T21:30:41.0194415Z" end-time="2022-08-11T21:30:41.0197464Z" duration="0.000305" asserts="0">
                    <reason>
                      <message><![CDATA[This is an ambigous test]]></message>
                    </reason>
                    <output><![CDATA[File: 'i_string_1st_valid_surrogate_2nd_invalid'
JSON: '["\uD888\u1234"]'
Expected: ''
Parsed: '["\ud888ሴ"]'
Result: 'True'
]]></output>
                  </test-case>
                  <test-case id="0-1014" name="ambigous.i_string_incomplete_surrogates_escape_valid" fullname="Jsonata.Net.Native.JsonParser.TestSuite.JSONTestSuite.ambigous.i_string_incomplete_surrogates_escape_valid" methodname="Test" classname="Jsonata.Net.Native.JsonParser.TestSuite.JSONTestSuite" runstate="Runnable" seed="500081120" result="Skipped" label="Ignored" start-time="2022-08-11T21:30:41.0197993Z" end-time="2022-08-11T21:30:41.0205193Z" duration="0.000720" asserts="0">
                    <reason>
                      <message><![CDATA[This is an ambigous test]]></message>
                    </reason>
                    <output><![CDATA[File: 'i_string_incomplete_surrogates_escape_valid'
JSON: '["\uD800\uD800\n"]'
Expected: ''
Parsed: '["\ud800\ud800
"]'
Result: 'True'
]]></output>
                  </test-case>
                  <test-case id="0-1015" name="ambigous.i_string_incomplete_surrogate_and_escape_valid" fullname="Jsonata.Net.Native.JsonParser.TestSuite.JSONTestSuite.ambigous.i_string_incomplete_surrogate_and_escape_valid" methodname="Test" classname="Jsonata.Net.Native.JsonParser.TestSuite.JSONTestSuite" runstate="Runnable" seed="753954308" result="Skipped" label="Ignored" start-time="2022-08-11T21:30:41.0205365Z" end-time="2022-08-11T21:30:41.0208088Z" duration="0.000272" asserts="0">
                    <reason>
                      <message><![CDATA[This is an ambigous test]]></message>
                    </reason>
                    <output><![CDATA[File: 'i_string_incomplete_surrogate_and_escape_valid'
JSON: '["\uD800\n"]'
Expected: ''
Parsed: '["\ud800
"]'
Result: 'True'
]]></output>
                  </test-case>
                  <test-case id="0-1016" name="ambigous.i_string_incomplete_surrogate_pair" fullname="Jsonata.Net.Native.JsonParser.TestSuite.JSONTestSuite.ambigous.i_string_incomplete_surrogate_pair" methodname="Test" classname="Jsonata.Net.Native.JsonParser.TestSuite.JSONTestSuite" runstate="Runnable" seed="318089092" result="Skipped" label="Ignored" start-time="2022-08-11T21:30:41.0208179Z" end-time="2022-08-11T21:30:41.0210298Z" duration="0.000212" asserts="0">
                    <reason>
                      <message><![CDATA[This is an ambigous test]]></message>
                    </reason>
                    <output><![CDATA[File: 'i_string_incomplete_surrogate_pair'
JSON: '["\uDd1ea"]'
Expected: ''
Parsed: '["\udd1ea"]'
Result: 'True'
]]></output>
                  </test-case>
                  <test-case id="0-1017" name="ambigous.i_string_invalid_lonely_surrogate" fullname="Jsonata.Net.Native.JsonParser.TestSuite.JSONTestSuite.ambigous.i_string_invalid_lonely_surrogate" methodname="Test" classname="Jsonata.Net.Native.JsonParser.TestSuite.JSONTestSuite" runstate="Runnable" seed="873087742" result="Skipped" label="Ignored" start-time="2022-08-11T21:30:41.0210382Z" end-time="2022-08-11T21:30:41.0212598Z" duration="0.000222" asserts="0">
                    <reason>
                      <message><![CDATA[This is an ambigous test]]></message>
                    </reason>
                    <output><![CDATA[File: 'i_string_invalid_lonely_surrogate'
JSON: '["\ud800"]'
Expected: ''
Parsed: '["\ud800"]'
Result: 'True'
]]></output>
                  </test-case>
                  <test-case id="0-1018" name="ambigous.i_string_invalid_surrogate" fullname="Jsonata.Net.Native.JsonParser.TestSuite.JSONTestSuite.ambigous.i_string_invalid_surrogate" methodname="Test" classname="Jsonata.Net.Native.JsonParser.TestSuite.JSONTestSuite" runstate="Runnable" seed="108868790" result="Skipped" label="Ignored" start-time="2022-08-11T21:30:41.0213114Z" end-time="2022-08-11T21:30:41.0215037Z" duration="0.000192" asserts="0">
                    <reason>
                      <message><![CDATA[This is an ambigous test]]></message>
                    </reason>
                    <output><![CDATA[File: 'i_string_invalid_surrogate'
JSON: '["\ud800abc"]'
Expected: ''
Parsed: '["\ud800abc"]'
Result: 'True'
]]></output>
                  </test-case>
                  <test-case id="0-1019" name="ambigous.i_string_invalid_utf-8" fullname="Jsonata.Net.Native.JsonParser.TestSuite.JSONTestSuite.ambigous.i_string_invalid_utf-8" methodname="Test" classname="Jsonata.Net.Native.JsonParser.TestSuite.JSONTestSuite" runstate="Runnable" seed="503132588" result="Skipped" label="Ignored" start-time="2022-08-11T21:30:41.0215122Z" end-time="2022-08-11T21:30:41.0216999Z" duration="0.000188" asserts="0">
                    <reason>
                      <message><![CDATA[This is an ambigous test]]></message>
                    </reason>
                    <output><![CDATA[File: 'i_string_invalid_utf-8'
JSON: '["�"]'
Expected: ''
Parsed: '["�"]'
Result: 'True'
]]></output>
                  </test-case>
                  <test-case id="0-1020" name="ambigous.i_string_inverted_surrogates_U+1D11E" fullname="Jsonata.Net.Native.JsonParser.TestSuite.JSONTestSuite.ambigous.i_string_inverted_surrogates_U+1D11E" methodname="Test" classname="Jsonata.Net.Native.JsonParser.TestSuite.JSONTestSuite" runstate="Runnable" seed="1357066459" result="Skipped" label="Ignored" start-time="2022-08-11T21:30:41.0217081Z" end-time="2022-08-11T21:30:41.0218980Z" duration="0.000190" asserts="0">
                    <reason>
                      <message><![CDATA[This is an ambigous test]]></message>
                    </reason>
                    <output><![CDATA[File: 'i_string_inverted_surrogates_U+1D11E'
JSON: '["\uDd1e\uD834"]'
Expected: ''
Parsed: '["\udd1e\ud834"]'
Result: 'True'
]]></output>
                  </test-case>
                  <test-case id="0-1021" name="ambigous.i_string_iso_latin_1" fullname="Jsonata.Net.Native.JsonParser.TestSuite.JSONTestSuite.ambigous.i_string_iso_latin_1" methodname="Test" classname="Jsonata.Net.Native.JsonParser.TestSuite.JSONTestSuite" runstate="Runnable" seed="1453375942" result="Skipped" label="Ignored" start-time="2022-08-11T21:30:41.0219061Z" end-time="2022-08-11T21:30:41.0221370Z" duration="0.000231" asserts="0">
                    <reason>
                      <message><![CDATA[This is an ambigous test]]></message>
                    </reason>
                    <output><![CDATA[File: 'i_string_iso_latin_1'
JSON: '["�"]'
Expected: ''
Parsed: '["�"]'
Result: 'True'
]]></output>
                  </test-case>
                  <test-case id="0-1022" name="ambigous.i_string_lone_second_surrogate" fullname="Jsonata.Net.Native.JsonParser.TestSuite.JSONTestSuite.ambigous.i_string_lone_second_surrogate" methodname="Test" classname="Jsonata.Net.Native.JsonParser.TestSuite.JSONTestSuite" runstate="Runnable" seed="486412281" result="Skipped" label="Ignored" start-time="2022-08-11T21:30:41.0221461Z" end-time="2022-08-11T21:30:41.0225805Z" duration="0.000435" asserts="0">
                    <reason>
                      <message><![CDATA[This is an ambigous test]]></message>
                    </reason>
                    <output><![CDATA[File: 'i_string_lone_second_surrogate'
JSON: '["\uDFAA"]'
Expected: ''
Parsed: '["\udfaa"]'
Result: 'True'
]]></output>
                  </test-case>
                  <test-case id="0-1023" name="ambigous.i_string_lone_utf8_continuation_byte" fullname="Jsonata.Net.Native.JsonParser.TestSuite.JSONTestSuite.ambigous.i_string_lone_utf8_continuation_byte" methodname="Test" classname="Jsonata.Net.Native.JsonParser.TestSuite.JSONTestSuite" runstate="Runnable" seed="1864978459" result="Skipped" label="Ignored" start-time="2022-08-11T21:30:41.0225923Z" end-time="2022-08-11T21:30:41.0230535Z" duration="0.000461" asserts="0">
                    <reason>
                      <message><![CDATA[This is an ambigous test]]></message>
                    </reason>
                    <output><![CDATA[File: 'i_string_lone_utf8_continuation_byte'
JSON: '["�"]'
Expected: ''
Parsed: '["�"]'
Result: 'True'
]]></output>
                  </test-case>
                  <test-case id="0-1024" name="ambigous.i_string_not_in_unicode_range" fullname="Jsonata.Net.Native.JsonParser.TestSuite.JSONTestSuite.ambigous.i_string_not_in_unicode_range" methodname="Test" classname="Jsonata.Net.Native.JsonParser.TestSuite.JSONTestSuite" runstate="Runnable" seed="896419713" result="Skipped" label="Ignored" start-time="2022-08-11T21:30:41.0230840Z" end-time="2022-08-11T21:30:41.0234900Z" duration="0.000406" asserts="0">
                    <reason>
                      <message><![CDATA[This is an ambigous test]]></message>
                    </reason>
                    <output><![CDATA[File: 'i_string_not_in_unicode_range'
JSON: '["����"]'
Expected: ''
Parsed: '["����"]'
Result: 'True'
]]></output>
                  </test-case>
                  <test-case id="0-1025" name="ambigous.i_string_overlong_sequence_2_bytes" fullname="Jsonata.Net.Native.JsonParser.TestSuite.JSONTestSuite.ambigous.i_string_overlong_sequence_2_bytes" methodname="Test" classname="Jsonata.Net.Native.JsonParser.TestSuite.JSONTestSuite" runstate="Runnable" seed="1698917967" result="Skipped" label="Ignored" start-time="2022-08-11T21:30:41.0235117Z" end-time="2022-08-11T21:30:41.0240001Z" duration="0.000489" asserts="0">
                    <reason>
                      <message><![CDATA[This is an ambigous test]]></message>
                    </reason>
                    <output><![CDATA[File: 'i_string_overlong_sequence_2_bytes'
JSON: '["��"]'
Expected: ''
Parsed: '["��"]'
Result: 'True'
]]></output>
                  </test-case>
                  <test-case id="0-1026" name="ambigous.i_string_overlong_sequence_6_bytes" fullname="Jsonata.Net.Native.JsonParser.TestSuite.JSONTestSuite.ambigous.i_string_overlong_sequence_6_bytes" methodname="Test" classname="Jsonata.Net.Native.JsonParser.TestSuite.JSONTestSuite" runstate="Runnable" seed="2070601754" result="Skipped" label="Ignored" start-time="2022-08-11T21:30:41.0240113Z" end-time="2022-08-11T21:30:41.0242365Z" duration="0.000225" asserts="0">
                    <reason>
                      <message><![CDATA[This is an ambigous test]]></message>
                    </reason>
                    <output><![CDATA[File: 'i_string_overlong_sequence_6_bytes'
JSON: '["������"]'
Expected: ''
Parsed: '["������"]'
Result: 'True'
]]></output>
                  </test-case>
                  <test-case id="0-1027" name="ambigous.i_string_overlong_sequence_6_bytes_null" fullname="Jsonata.Net.Native.JsonParser.TestSuite.JSONTestSuite.ambigous.i_string_overlong_sequence_6_bytes_null" methodname="Test" classname="Jsonata.Net.Native.JsonParser.TestSuite.JSONTestSuite" runstate="Runnable" seed="577332137" result="Skipped" label="Ignored" start-time="2022-08-11T21:30:41.0242456Z" end-time="2022-08-11T21:30:41.0292162Z" duration="0.004971" asserts="0">
                    <reason>
                      <message><![CDATA[This is an ambigous test]]></message>
                    </reason>
                    <output><![CDATA[File: 'i_string_overlong_sequence_6_bytes_null'
JSON: '["������"]'
Expected: ''
Parsed: '["������"]'
Result: 'True'
]]></output>
                  </test-case>
                  <test-case id="0-1028" name="ambigous.i_string_truncated-utf-8" fullname="Jsonata.Net.Native.JsonParser.TestSuite.JSONTestSuite.ambigous.i_string_truncated-utf-8" methodname="Test" classname="Jsonata.Net.Native.JsonParser.TestSuite.JSONTestSuite" runstate="Runnable" seed="1287316226" result="Skipped" label="Ignored" start-time="2022-08-11T21:30:41.0292337Z" end-time="2022-08-11T21:30:41.0295078Z" duration="0.000274" asserts="0">
                    <reason>
                      <message><![CDATA[This is an ambigous test]]></message>
                    </reason>
                    <output><![CDATA[File: 'i_string_truncated-utf-8'
JSON: '["��"]'
Expected: ''
Parsed: '["��"]'
Result: 'True'
]]></output>
                  </test-case>
                  <test-case id="0-1029" name="ambigous.i_string_UTF-16LE_with_BOM" fullname="Jsonata.Net.Native.JsonParser.TestSuite.JSONTestSuite.ambigous.i_string_UTF-16LE_with_BOM" methodname="Test" classname="Jsonata.Net.Native.JsonParser.TestSuite.JSONTestSuite" runstate="Runnable" seed="602612759" result="Skipped" label="Ignored" start-time="2022-08-11T21:30:41.0295163Z" end-time="2022-08-11T21:30:41.0297088Z" duration="0.000193" asserts="0">
                    <reason>
                      <message><![CDATA[This is an ambigous test]]></message>
                    </reason>
                    <output><![CDATA[File: 'i_string_UTF-16LE_with_BOM'
JSON: '["é"]'
Expected: ''
Parsed: '["é"]'
Result: 'True'
]]></output>
                  </test-case>
                  <test-case id="0-1030" name="ambigous.i_string_UTF-8_invalid_sequence" fullname="Jsonata.Net.Native.JsonParser.TestSuite.JSONTestSuite.ambigous.i_string_UTF-8_invalid_sequence" methodname="Test" classname="Jsonata.Net.Native.JsonParser.TestSuite.JSONTestSuite" runstate="Runnable" seed="434820360" result="Skipped" label="Ignored" start-time="2022-08-11T21:30:41.0297170Z" end-time="2022-08-11T21:30:41.0299054Z" duration="0.000188" asserts="0">
                    <reason>
                      <message><![CDATA[This is an ambigous test]]></message>
                    </reason>
                    <output><![CDATA[File: 'i_string_UTF-8_invalid_sequence'
JSON: '["日ш�"]'
Expected: ''
Parsed: '["日ш�"]'
Result: 'True'
]]></output>
                  </test-case>
                  <test-case id="0-1031" name="ambigous.i_string_utf16BE_no_BOM" fullname="Jsonata.Net.Native.JsonParser.TestSuite.JSONTestSuite.ambigous.i_string_utf16BE_no_BOM" methodname="Test" classname="Jsonata.Net.Native.JsonParser.TestSuite.JSONTestSuite" runstate="Runnable" seed="347227113" result="Skipped" label="Ignored" start-time="2022-08-11T21:30:41.0299135Z" end-time="2022-08-11T21:30:41.0301191Z" duration="0.000206" asserts="0">
                    <reason>
                      <message><![CDATA[This is an ambigous test]]></message>
                    </reason>
                    <output><![CDATA[File: 'i_string_utf16BE_no_BOM'
JSON: '\u0000[\u0000"\u0000�\u0000"\u0000]'
Expected: ''
Exception: 'Parsing falied: Expected a token start, got unexpected characer '\u0000' (at position 0)'
Result: 'False'
]]></output>
                  </test-case>
                  <test-case id="0-1032" name="ambigous.i_string_utf16LE_no_BOM" fullname="Jsonata.Net.Native.JsonParser.TestSuite.JSONTestSuite.ambigous.i_string_utf16LE_no_BOM" methodname="Test" classname="Jsonata.Net.Native.JsonParser.TestSuite.JSONTestSuite" runstate="Runnable" seed="2040320513" result="Skipped" label="Ignored" start-time="2022-08-11T21:30:41.0301275Z" end-time="2022-08-11T21:30:41.0304602Z" duration="0.000333" asserts="0">
                    <reason>
                      <message><![CDATA[This is an ambigous test]]></message>
                    </reason>
                    <output><![CDATA[File: 'i_string_utf16LE_no_BOM'
JSON: '[\u0000"\u0000�\u0000"\u0000]\u0000'
Expected: ''
Exception: 'Parsing falied: Expected a token start, got unexpected characer '\u0000' (at position 1)'
Result: 'False'
]]></output>
                  </test-case>
                  <test-case id="0-1033" name="ambigous.i_string_UTF8_surrogate_U+D800" fullname="Jsonata.Net.Native.JsonParser.TestSuite.JSONTestSuite.ambigous.i_string_UTF8_surrogate_U+D800" methodname="Test" classname="Jsonata.Net.Native.JsonParser.TestSuite.JSONTestSuite" runstate="Runnable" seed="1961292515" result="Skipped" label="Ignored" start-time="2022-08-11T21:30:41.0304714Z" end-time="2022-08-11T21:30:41.0307234Z" duration="0.000252" asserts="0">
                    <reason>
                      <message><![CDATA[This is an ambigous test]]></message>
                    </reason>
                    <output><![CDATA[File: 'i_string_UTF8_surrogate_U+D800'
JSON: '["���"]'
Expected: ''
Parsed: '["���"]'
Result: 'True'
]]></output>
                  </test-case>
                  <test-case id="0-1034" name="ambigous.i_structure_500_nested_arrays" fullname="Jsonata.Net.Native.JsonParser.TestSuite.JSONTestSuite.ambigous.i_structure_500_nested_arrays" methodname="Test" classname="Jsonata.Net.Native.JsonParser.TestSuite.JSONTestSuite" runstate="Runnable" seed="1056769690" result="Skipped" label="Ignored" start-time="2022-08-11T21:30:41.0307415Z" end-time="2022-08-11T21:30:41.0326786Z" duration="0.001937" asserts="0">
                    <reason>
                      <message><![CDATA[This is an ambigous test]]></message>
                    </reason>
                    <output><![CDATA[File: 'i_structure_500_nested_arrays'
JSON: '[[[[[[[[[[[[[[[[[[[[[[[[[[[[[[[[[[[[[[[[[[[[[[[[[[[[[[[[[[[[[[[[[[[[[[[[[[[[[[[[[[[[[[[[[[[[[[[[[[[[[[[[[[[[[[[[[[[[[[[[[[[[[[[[[[[[[[[[[[[[[[[[[[[[[[[[[[[[[[[[[[[[[[[[[[[[[[[[[[[[[[[[[[[[[[[[[[[[[[[[[[[[[[[[[[[[[[[[[[[[[[[[[[[[[[[[[[[[[[[[[[[[[[[[[[[[[[[[[[[[[[[[[[[[[[[[[[[[[[[[[[[[[[[[[[[[[[[[[[[[[[[[[[[[[[[[[[[[[[[[[[[[[[[[[[[[[[[[[[[[[[[[[[[[[[[[[[[[[[[[[[[[[[[[[[[[[[[[[[[[[[[[[[[[[[[[[[[[[[[[[[[[[[[[[[[[[[[[[[[[[[[[[[[[[[[[[[[[[[[[[[[[[[[[[[[[[[[[[[[[[[[[[[[[[[[[[[[[[[[[[[[[[[[[[[[[[[[[[[[[]]]]]]]]]]]]]]]]]]]]]]]]]]]]]]]]]]]]]]]]]]]]]]]]]]]]]]]]]]]]]]]]]]]]]]]]]]]]]]]]]]]]]]]]]]]]]]]]]]]]]]]]]]]]]]]]]]]]]]]]]]]]]]]]]]]]]]]]]]]]]]]]]]]]]]]]]]]]]]]]]]]]]]]]]]]]]]]]]]]]]]]]]]]]]]]]]]]]]]]]]]]]]]]]]]]]]]]]]]]]]]]]]]]]]]]]]]]]]]]]]]]]]]]]]]]]]]]]]]]]]]]]]]]]]]]]]]]]]]]]]]]]]]]]]]]]]]]]]]]]]]]]]]]]]]]]]]]]]]]]]]]]]]]]]]]]]]]]]]]]]]]]]]]]]]]]]]]]]]]]]]]]]]]]]]]]]]]]]]]]]]]]]]]]]]]]]]]]]]]]]]]]]]]]]]]]]]]]]]]]]]]]]]]]]]]]]]]]]]]]]]]]]]]]]]]]]]]]]]]]]]]]]]]]]]]]]]]]]]]]]]]]]]]]]]]]]]]]]]]]'
Expected: ''
Parsed: '[[[[[[[[[[[[[[[[[[[[[[[[[[[[[[[[[[[[[[[[[[[[[[[[[[[[[[[[[[[[[[[[[[[[[[[[[[[[[[[[[[[[[[[[[[[[[[[[[[[[[[[[[[[[[[[[[[[[[[[[[[[[[[[[[[[[[[[[[[[[[[[[[[[[[[[[[[[[[[[[[[[[[[[[[[[[[[[[[[[[[[[[[[[[[[[[[[[[[[[[[[[[[[[[[[[[[[[[[[[[[[[[[[[[[[[[[[[[[[[[[[[[[[[[[[[[[[[[[[[[[[[[[[[[[[[[[[[[[[[[[[[[[[[[[[[[[[[[[[[[[[[[[[[[[[[[[[[[[[[[[[[[[[[[[[[[[[[[[[[[[[[[[[[[[[[[[[[[[[[[[[[[[[[[[[[[[[[[[[[[[[[[[[[[[[[[[[[[[[[[[[[[[[[[[[[[[[[[[[[[[[[[[[[[[[[[[[[[[[[[[[[[[[[[[[[[[[[[[[[[[[[[[[[[[[[[[[[[[[[[[[[[[[[[[[[[[[[[[[[[]]]]]]]]]]]]]]]]]]]]]]]]]]]]]]]]]]]]]]]]]]]]]]]]]]]]]]]]]]]]]]]]]]]]]]]]]]]]]]]]]]]]]]]]]]]]]]]]]]]]]]]]]]]]]]]]]]]]]]]]]]]]]]]]]]]]]]]]]]]]]]]]]]]]]]]]]]]]]]]]]]]]]]]]]]]]]]]]]]]]]]]]]]]]]]]]]]]]]]]]]]]]]]]]]]]]]]]]]]]]]]]]]]]]]]]]]]]]]]]]]]]]]]]]]]]]]]]]]]]]]]]]]]]]]]]]]]]]]]]]]]]]]]]]]]]]]]]]]]]]]]]]]]]]]]]]]]]]]]]]]]]]]]]]]]]]]]]]]]]]]]]]]]]]]]]]]]]]]]]]]]]]]]]]]]]]]]]]]]]]]]]]]]]]]]]]]]]]]]]]]]]]]]]]]]]]]]]]]]]]]]]]]]]]]]]]]]]]]]]]]]]]]]]]]]]]]]]]]]]]]]]]]]]]]]]]]]]]]]]]]]]]]]]]]]]]]]]]]]]]'
Result: 'True'
]]></output>
                  </test-case>
                  <test-case id="0-1035" name="ambigous.i_structure_UTF-8_BOM_empty_object" fullname="Jsonata.Net.Native.JsonParser.TestSuite.JSONTestSuite.ambigous.i_structure_UTF-8_BOM_empty_object" methodname="Test" classname="Jsonata.Net.Native.JsonParser.TestSuite.JSONTestSuite" runstate="Runnable" seed="536096904" result="Skipped" label="Ignored" start-time="2022-08-11T21:30:41.0327571Z" end-time="2022-08-11T21:30:41.0333462Z" duration="0.000589" asserts="0">
                    <reason>
                      <message><![CDATA[This is an ambigous test]]></message>
                    </reason>
                    <output><![CDATA[File: 'i_structure_UTF-8_BOM_empty_object'
JSON: '{}'
Expected: ''
Parsed: '{}'
Result: 'True'
]]></output>
                  </test-case>
                  <test-case id="0-1036" name="rejected.n_array_1_true_without_comma" fullname="Jsonata.Net.Native.JsonParser.TestSuite.JSONTestSuite.rejected.n_array_1_true_without_comma" methodname="Test" classname="Jsonata.Net.Native.JsonParser.TestSuite.JSONTestSuite" runstate="Runnable" seed="1094281709" result="Passed" start-time="2022-08-11T21:30:41.0334144Z" end-time="2022-08-11T21:30:41.0478542Z" duration="0.014440" asserts="1">
                    <output><![CDATA[File: 'n_array_1_true_without_comma'
JSON: '[1 true]'
Expected: 'False'
Exception: 'Parsing falied: Missing comma in array (at position 3)'
Result: 'False'
]]></output>
                  </test-case>
                  <test-case id="0-1037" name="rejected.n_array_a_invalid_utf8" fullname="Jsonata.Net.Native.JsonParser.TestSuite.JSONTestSuite.rejected.n_array_a_invalid_utf8" methodname="Test" classname="Jsonata.Net.Native.JsonParser.TestSuite.JSONTestSuite" runstate="Runnable" seed="735092686" result="Passed" start-time="2022-08-11T21:30:41.0478729Z" end-time="2022-08-11T21:30:41.0480697Z" duration="0.000197" asserts="1">
                    <output><![CDATA[File: 'n_array_a_invalid_utf8'
JSON: '[a�]'
Expected: 'False'
Exception: 'Parsing falied: Expected a token start, got unexpected characer 'a' (at position 1)'
Result: 'False'
]]></output>
                  </test-case>
                  <test-case id="0-1038" name="rejected.n_array_colon_instead_of_comma" fullname="Jsonata.Net.Native.JsonParser.TestSuite.JSONTestSuite.rejected.n_array_colon_instead_of_comma" methodname="Test" classname="Jsonata.Net.Native.JsonParser.TestSuite.JSONTestSuite" runstate="Runnable" seed="1874116424" result="Passed" start-time="2022-08-11T21:30:41.0480782Z" end-time="2022-08-11T21:30:41.0481458Z" duration="0.000068" asserts="1">
                    <output><![CDATA[File: 'n_array_colon_instead_of_comma'
JSON: '["": 1]'
Expected: 'False'
Exception: 'Parsing falied: Missing comma in array (at position 3)'
Result: 'False'
]]></output>
                  </test-case>
                  <test-case id="0-1039" name="rejected.n_array_comma_after_close" fullname="Jsonata.Net.Native.JsonParser.TestSuite.JSONTestSuite.rejected.n_array_comma_after_close" methodname="Test" classname="Jsonata.Net.Native.JsonParser.TestSuite.JSONTestSuite" runstate="Runnable" seed="1337056717" result="Passed" start-time="2022-08-11T21:30:41.0481530Z" end-time="2022-08-11T21:30:41.0482107Z" duration="0.000058" asserts="1">
                    <output><![CDATA[File: 'n_array_comma_after_close'
JSON: '[""],'
Expected: 'False'
Exception: 'Parsing falied: Unexpected continuation of data (at position 4)'
Result: 'False'
]]></output>
                  </test-case>
                  <test-case id="0-1040" name="rejected.n_array_comma_and_number" fullname="Jsonata.Net.Native.JsonParser.TestSuite.JSONTestSuite.rejected.n_array_comma_and_number" methodname="Test" classname="Jsonata.Net.Native.JsonParser.TestSuite.JSONTestSuite" runstate="Runnable" seed="464090402" result="Passed" start-time="2022-08-11T21:30:41.0482176Z" end-time="2022-08-11T21:30:41.0483254Z" duration="0.000108" asserts="1">
                    <output><![CDATA[File: 'n_array_comma_and_number'
JSON: '[,1]'
Expected: 'False'
Exception: 'Parsing falied: Expected a token start, got unexpected characer ',' (at position 1)'
Result: 'False'
]]></output>
                  </test-case>
                  <test-case id="0-1041" name="rejected.n_array_double_comma" fullname="Jsonata.Net.Native.JsonParser.TestSuite.JSONTestSuite.rejected.n_array_double_comma" methodname="Test" classname="Jsonata.Net.Native.JsonParser.TestSuite.JSONTestSuite" runstate="Runnable" seed="709560090" result="Passed" start-time="2022-08-11T21:30:41.0483323Z" end-time="2022-08-11T21:30:41.0483918Z" duration="0.000059" asserts="1">
                    <output><![CDATA[File: 'n_array_double_comma'
JSON: '[1,,2]'
Expected: 'False'
Exception: 'Parsing falied: Expected a token start, got unexpected characer ',' (at position 3)'
Result: 'False'
]]></output>
                  </test-case>
                  <test-case id="0-1042" name="rejected.n_array_double_extra_comma" fullname="Jsonata.Net.Native.JsonParser.TestSuite.JSONTestSuite.rejected.n_array_double_extra_comma" methodname="Test" classname="Jsonata.Net.Native.JsonParser.TestSuite.JSONTestSuite" runstate="Runnable" seed="634981275" result="Passed" start-time="2022-08-11T21:30:41.0483987Z" end-time="2022-08-11T21:30:41.0484552Z" duration="0.000057" asserts="1">
                    <output><![CDATA[File: 'n_array_double_extra_comma'
JSON: '["x",,]'
Expected: 'False'
Exception: 'Parsing falied: Expected a token start, got unexpected characer ',' (at position 5)'
Result: 'False'
]]></output>
                  </test-case>
                  <test-case id="0-1043" name="rejected.n_array_extra_close" fullname="Jsonata.Net.Native.JsonParser.TestSuite.JSONTestSuite.rejected.n_array_extra_close" methodname="Test" classname="Jsonata.Net.Native.JsonParser.TestSuite.JSONTestSuite" runstate="Runnable" seed="621329875" result="Passed" start-time="2022-08-11T21:30:41.0484624Z" end-time="2022-08-11T21:30:41.0485150Z" duration="0.000053" asserts="1">
                    <output><![CDATA[File: 'n_array_extra_close'
JSON: '["x"]]'
Expected: 'False'
Exception: 'Parsing falied: Unexpected continuation of data (at position 5)'
Result: 'False'
]]></output>
                  </test-case>
                  <test-case id="0-1044" name="rejected.n_array_extra_comma" fullname="Jsonata.Net.Native.JsonParser.TestSuite.JSONTestSuite.rejected.n_array_extra_comma" methodname="Test" classname="Jsonata.Net.Native.JsonParser.TestSuite.JSONTestSuite" runstate="Runnable" seed="494463613" result="Passed" start-time="2022-08-11T21:30:41.0485219Z" end-time="2022-08-11T21:30:41.0486288Z" duration="0.000107" asserts="1">
                    <output><![CDATA[File: 'n_array_extra_comma'
JSON: '["",]'
Expected: 'False'
Exception: 'Parsing falied: Trailing comma in an array (at position 4)'
Result: 'False'
]]></output>
                  </test-case>
                  <test-case id="0-1045" name="rejected.n_array_incomplete" fullname="Jsonata.Net.Native.JsonParser.TestSuite.JSONTestSuite.rejected.n_array_incomplete" methodname="Test" classname="Jsonata.Net.Native.JsonParser.TestSuite.JSONTestSuite" runstate="Runnable" seed="1476946832" result="Passed" start-time="2022-08-11T21:30:41.0486363Z" end-time="2022-08-11T21:30:41.0486991Z" duration="0.000062" asserts="1">
                    <output><![CDATA[File: 'n_array_incomplete'
JSON: '["x"'
Expected: 'False'
Exception: 'Parsing falied: Expected some char, but got end of stream (at position 4)'
Result: 'False'
]]></output>
                  </test-case>
                  <test-case id="0-1046" name="rejected.n_array_incomplete_invalid_value" fullname="Jsonata.Net.Native.JsonParser.TestSuite.JSONTestSuite.rejected.n_array_incomplete_invalid_value" methodname="Test" classname="Jsonata.Net.Native.JsonParser.TestSuite.JSONTestSuite" runstate="Runnable" seed="1279829768" result="Passed" start-time="2022-08-11T21:30:41.0487061Z" end-time="2022-08-11T21:30:41.0487628Z" duration="0.000057" asserts="1">
                    <output><![CDATA[File: 'n_array_incomplete_invalid_value'
JSON: '[x'
Expected: 'False'
Exception: 'Parsing falied: Expected a token start, got unexpected characer 'x' (at position 1)'
Result: 'False'
]]></output>
                  </test-case>
                  <test-case id="0-1047" name="rejected.n_array_inner_array_no_comma" fullname="Jsonata.Net.Native.JsonParser.TestSuite.JSONTestSuite.rejected.n_array_inner_array_no_comma" methodname="Test" classname="Jsonata.Net.Native.JsonParser.TestSuite.JSONTestSuite" runstate="Runnable" seed="489707491" result="Passed" start-time="2022-08-11T21:30:41.0487697Z" end-time="2022-08-11T21:30:41.0488253Z" duration="0.000056" asserts="1">
[...]
                    <output><![CDATA[File: 'y_string_simple_ascii'
JSON: '["asd "]'
Expected: 'True'
Parsed: '["asd "]'
Result: 'True'
]]></output>
                  </test-case>
                  <test-case id="0-1288" name="accepted.y_string_space" fullname="Jsonata.Net.Native.JsonParser.TestSuite.JSONTestSuite.accepted.y_string_space" methodname="Test" classname="Jsonata.Net.Native.JsonParser.TestSuite.JSONTestSuite" runstate="Runnable" seed="472807355" result="Passed" start-time="2022-08-11T21:30:41.0698534Z" end-time="2022-08-11T21:30:41.0698869Z" duration="0.000034" asserts="1">
                    <output><![CDATA[File: 'y_string_space'
JSON: '" "'
Expected: 'True'
Parsed: '" "'
Result: 'True'
]]></output>
                  </test-case>
                  <test-case id="0-1289" name="accepted.y_string_surrogates_U+1D11E_MUSICAL_SYMBOL_G_CLEF" fullname="Jsonata.Net.Native.JsonParser.TestSuite.JSONTestSuite.accepted.y_string_surrogates_U+1D11E_MUSICAL_SYMBOL_G_CLEF" methodname="Test" classname="Jsonata.Net.Native.JsonParser.TestSuite.JSONTestSuite" runstate="Runnable" seed="2091659961" result="Passed" start-time="2022-08-11T21:30:41.0698932Z" end-time="2022-08-11T21:30:41.0699331Z" duration="0.000040" asserts="1">
                    <output><![CDATA[File: 'y_string_surrogates_U+1D11E_MUSICAL_SYMBOL_G_CLEF'
JSON: '["\uD834\uDd1e"]'
Expected: 'True'
Parsed: '["𝄞"]'
Result: 'True'
]]></output>
                  </test-case>
                  <test-case id="0-1290" name="accepted.y_string_three-byte-utf-8" fullname="Jsonata.Net.Native.JsonParser.TestSuite.JSONTestSuite.accepted.y_string_three-byte-utf-8" methodname="Test" classname="Jsonata.Net.Native.JsonParser.TestSuite.JSONTestSuite" runstate="Runnable" seed="1841384427" result="Passed" start-time="2022-08-11T21:30:41.0699397Z" end-time="2022-08-11T21:30:41.0699729Z" duration="0.000033" asserts="1">
                    <output><![CDATA[File: 'y_string_three-byte-utf-8'
JSON: '["\u0821"]'
Expected: 'True'
Parsed: '["ࠡ"]'
Result: 'True'
]]></output>
                  </test-case>
                  <test-case id="0-1291" name="accepted.y_string_two-byte-utf-8" fullname="Jsonata.Net.Native.JsonParser.TestSuite.JSONTestSuite.accepted.y_string_two-byte-utf-8" methodname="Test" classname="Jsonata.Net.Native.JsonParser.TestSuite.JSONTestSuite" runstate="Runnable" seed="160696113" result="Passed" start-time="2022-08-11T21:30:41.0699853Z" end-time="2022-08-11T21:30:41.0700191Z" duration="0.000034" asserts="1">
                    <output><![CDATA[File: 'y_string_two-byte-utf-8'
JSON: '["\u0123"]'
Expected: 'True'
Parsed: '["ģ"]'
Result: 'True'
]]></output>
                  </test-case>
                  <test-case id="0-1292" name="accepted.y_string_u+2028_line_sep" fullname="Jsonata.Net.Native.JsonParser.TestSuite.JSONTestSuite.accepted.y_string_u+2028_line_sep" methodname="Test" classname="Jsonata.Net.Native.JsonParser.TestSuite.JSONTestSuite" runstate="Runnable" seed="2072842356" result="Passed" start-time="2022-08-11T21:30:41.0700254Z" end-time="2022-08-11T21:30:41.0700623Z" duration="0.000037" asserts="1">
                    <output><![CDATA[File: 'y_string_u+2028_line_sep'
JSON: '[" "]'
Expected: 'True'
Parsed: '[" "]'
Result: 'True'
]]></output>
                  </test-case>
                  <test-case id="0-1293" name="accepted.y_string_u+2029_par_sep" fullname="Jsonata.Net.Native.JsonParser.TestSuite.JSONTestSuite.accepted.y_string_u+2029_par_sep" methodname="Test" classname="Jsonata.Net.Native.JsonParser.TestSuite.JSONTestSuite" runstate="Runnable" seed="820143614" result="Passed" start-time="2022-08-11T21:30:41.0700689Z" end-time="2022-08-11T21:30:41.0701003Z" duration="0.000032" asserts="1">
                    <output><![CDATA[File: 'y_string_u+2029_par_sep'
JSON: '[" "]'
Expected: 'True'
Parsed: '[" "]'
Result: 'True'
]]></output>
                  </test-case>
                  <test-case id="0-1294" name="accepted.y_string_uEscape" fullname="Jsonata.Net.Native.JsonParser.TestSuite.JSONTestSuite.accepted.y_string_uEscape" methodname="Test" classname="Jsonata.Net.Native.JsonParser.TestSuite.JSONTestSuite" runstate="Runnable" seed="1946850216" result="Passed" start-time="2022-08-11T21:30:41.0701069Z" end-time="2022-08-11T21:30:41.0701438Z" duration="0.000037" asserts="1">
                    <output><![CDATA[File: 'y_string_uEscape'
JSON: '["\u0061\u30af\u30EA\u30b9"]'
Expected: 'True'
Parsed: '["aクリス"]'
Result: 'True'
]]></output>
                  </test-case>
                  <test-case id="0-1295" name="accepted.y_string_uescaped_newline" fullname="Jsonata.Net.Native.JsonParser.TestSuite.JSONTestSuite.accepted.y_string_uescaped_newline" methodname="Test" classname="Jsonata.Net.Native.JsonParser.TestSuite.JSONTestSuite" runstate="Runnable" seed="300196181" result="Passed" start-time="2022-08-11T21:30:41.0701501Z" end-time="2022-08-11T21:30:41.0701854Z" duration="0.000036" asserts="1">
                    <output><![CDATA[File: 'y_string_uescaped_newline'
JSON: '["new\u000Aline"]'
Expected: 'True'
Parsed: '["new
line"]'
Result: 'True'
]]></output>
                  </test-case>
                  <test-case id="0-1296" name="accepted.y_string_unescaped_char_delete" fullname="Jsonata.Net.Native.JsonParser.TestSuite.JSONTestSuite.accepted.y_string_unescaped_char_delete" methodname="Test" classname="Jsonata.Net.Native.JsonParser.TestSuite.JSONTestSuite" runstate="Runnable" seed="1424501148" result="Passed" start-time="2022-08-11T21:30:41.0701921Z" end-time="2022-08-11T21:30:41.0702235Z" duration="0.000032" asserts="1">
                    <output><![CDATA[File: 'y_string_unescaped_char_delete'
JSON: '["\u007f"]'
Expected: 'True'
Parsed: '["\u007f"]'
Result: 'True'
]]></output>
                  </test-case>
                  <test-case id="0-1297" name="accepted.y_string_unicode" fullname="Jsonata.Net.Native.JsonParser.TestSuite.JSONTestSuite.accepted.y_string_unicode" methodname="Test" classname="Jsonata.Net.Native.JsonParser.TestSuite.JSONTestSuite" runstate="Runnable" seed="209138748" result="Passed" start-time="2022-08-11T21:30:41.0702298Z" end-time="2022-08-11T21:30:41.0702672Z" duration="0.000038" asserts="1">
                    <output><![CDATA[File: 'y_string_unicode'
JSON: '["\uA66D"]'
Expected: 'True'
Parsed: '["ꙭ"]'
Result: 'True'
]]></output>
                  </test-case>
                  <test-case id="0-1298" name="accepted.y_string_unicodeEscapedBackslash" fullname="Jsonata.Net.Native.JsonParser.TestSuite.JSONTestSuite.accepted.y_string_unicodeEscapedBackslash" methodname="Test" classname="Jsonata.Net.Native.JsonParser.TestSuite.JSONTestSuite" runstate="Runnable" seed="1162663229" result="Passed" start-time="2022-08-11T21:30:41.0702739Z" end-time="2022-08-11T21:30:41.0703152Z" duration="0.000042" asserts="1">
                    <output><![CDATA[File: 'y_string_unicodeEscapedBackslash'
JSON: '["\u005C"]'
Expected: 'True'
Parsed: '["\"]'
Result: 'True'
]]></output>
                  </test-case>
                  <test-case id="0-1299" name="accepted.y_string_unicode_2" fullname="Jsonata.Net.Native.JsonParser.TestSuite.JSONTestSuite.accepted.y_string_unicode_2" methodname="Test" classname="Jsonata.Net.Native.JsonParser.TestSuite.JSONTestSuite" runstate="Runnable" seed="613276654" result="Passed" start-time="2022-08-11T21:30:41.0703222Z" end-time="2022-08-11T21:30:41.0703542Z" duration="0.000032" asserts="1">
                    <output><![CDATA[File: 'y_string_unicode_2'
JSON: '["⍂㈴⍂"]'
Expected: 'True'
Parsed: '["⍂㈴⍂"]'
Result: 'True'
]]></output>
                  </test-case>
                  <test-case id="0-1300" name="accepted.y_string_unicode_escaped_double_quote" fullname="Jsonata.Net.Native.JsonParser.TestSuite.JSONTestSuite.accepted.y_string_unicode_escaped_double_quote" methodname="Test" classname="Jsonata.Net.Native.JsonParser.TestSuite.JSONTestSuite" runstate="Runnable" seed="1706450308" result="Passed" start-time="2022-08-11T21:30:41.0703608Z" end-time="2022-08-11T21:30:41.0703967Z" duration="0.000036" asserts="1">
                    <output><![CDATA[File: 'y_string_unicode_escaped_double_quote'
JSON: '["\u0022"]'
Expected: 'True'
Parsed: '["""]'
Result: 'True'
]]></output>
                  </test-case>
                  <test-case id="0-1301" name="accepted.y_string_unicode_U+10FFFE_nonchar" fullname="Jsonata.Net.Native.JsonParser.TestSuite.JSONTestSuite.accepted.y_string_unicode_U+10FFFE_nonchar" methodname="Test" classname="Jsonata.Net.Native.JsonParser.TestSuite.JSONTestSuite" runstate="Runnable" seed="1435900595" result="Passed" start-time="2022-08-11T21:30:41.0704031Z" end-time="2022-08-11T21:30:41.0704393Z" duration="0.000036" asserts="1">
                    <output><![CDATA[File: 'y_string_unicode_U+10FFFE_nonchar'
JSON: '["\uDBFF\uDFFE"]'
Expected: 'True'
Parsed: '["􏿾"]'
Result: 'True'
]]></output>
                  </test-case>
                  <test-case id="0-1302" name="accepted.y_string_unicode_U+1FFFE_nonchar" fullname="Jsonata.Net.Native.JsonParser.TestSuite.JSONTestSuite.accepted.y_string_unicode_U+1FFFE_nonchar" methodname="Test" classname="Jsonata.Net.Native.JsonParser.TestSuite.JSONTestSuite" runstate="Runnable" seed="1685781610" result="Passed" start-time="2022-08-11T21:30:41.0704456Z" end-time="2022-08-11T21:30:41.0704782Z" duration="0.000033" asserts="1">
                    <output><![CDATA[File: 'y_string_unicode_U+1FFFE_nonchar'
JSON: '["\uD83F\uDFFE"]'
Expected: 'True'
Parsed: '["🿾"]'
Result: 'True'
]]></output>
                  </test-case>
                  <test-case id="0-1303" name="accepted.y_string_unicode_U+200B_ZERO_WIDTH_SPACE" fullname="Jsonata.Net.Native.JsonParser.TestSuite.JSONTestSuite.accepted.y_string_unicode_U+200B_ZERO_WIDTH_SPACE" methodname="Test" classname="Jsonata.Net.Native.JsonParser.TestSuite.JSONTestSuite" runstate="Runnable" seed="287103963" result="Passed" start-time="2022-08-11T21:30:41.0704846Z" end-time="2022-08-11T21:30:41.0705247Z" duration="0.000040" asserts="1">
                    <output><![CDATA[File: 'y_string_unicode_U+200B_ZERO_WIDTH_SPACE'
JSON: '["\u200B"]'
Expected: 'True'
Parsed: '["​"]'
Result: 'True'
]]></output>
                  </test-case>
                  <test-case id="0-1304" name="accepted.y_string_unicode_U+2064_invisible_plus" fullname="Jsonata.Net.Native.JsonParser.TestSuite.JSONTestSuite.accepted.y_string_unicode_U+2064_invisible_plus" methodname="Test" classname="Jsonata.Net.Native.JsonParser.TestSuite.JSONTestSuite" runstate="Runnable" seed="1928144811" result="Passed" start-time="2022-08-11T21:30:41.0705314Z" end-time="2022-08-11T21:30:41.0705685Z" duration="0.000037" asserts="1">
                    <output><![CDATA[File: 'y_string_unicode_U+2064_invisible_plus'
JSON: '["\u2064"]'
Expected: 'True'
Parsed: '["⁤"]'
Result: 'True'
]]></output>
                  </test-case>
                  <test-case id="0-1305" name="accepted.y_string_unicode_U+FDD0_nonchar" fullname="Jsonata.Net.Native.JsonParser.TestSuite.JSONTestSuite.accepted.y_string_unicode_U+FDD0_nonchar" methodname="Test" classname="Jsonata.Net.Native.JsonParser.TestSuite.JSONTestSuite" runstate="Runnable" seed="1466576767" result="Passed" start-time="2022-08-11T21:30:41.0705751Z" end-time="2022-08-11T21:30:41.0706077Z" duration="0.000033" asserts="1">
                    <output><![CDATA[File: 'y_string_unicode_U+FDD0_nonchar'
JSON: '["\uFDD0"]'
Expected: 'True'
Parsed: '["﷐"]'
Result: 'True'
]]></output>
                  </test-case>
                  <test-case id="0-1306" name="accepted.y_string_unicode_U+FFFE_nonchar" fullname="Jsonata.Net.Native.JsonParser.TestSuite.JSONTestSuite.accepted.y_string_unicode_U+FFFE_nonchar" methodname="Test" classname="Jsonata.Net.Native.JsonParser.TestSuite.JSONTestSuite" runstate="Runnable" seed="1594595655" result="Passed" start-time="2022-08-11T21:30:41.0706141Z" end-time="2022-08-11T21:30:41.0706548Z" duration="0.000041" asserts="1">
                    <output><![CDATA[File: 'y_string_unicode_U+FFFE_nonchar'
JSON: '["\uFFFE"]'
Expected: 'True'
Parsed: '["\ufffe"]'
Result: 'True'
]]></output>
                  </test-case>
                  <test-case id="0-1307" name="accepted.y_string_utf8" fullname="Jsonata.Net.Native.JsonParser.TestSuite.JSONTestSuite.accepted.y_string_utf8" methodname="Test" classname="Jsonata.Net.Native.JsonParser.TestSuite.JSONTestSuite" runstate="Runnable" seed="433244961" result="Passed" start-time="2022-08-11T21:30:41.0706618Z" end-time="2022-08-11T21:30:41.0706938Z" duration="0.000032" asserts="1">
                    <output><![CDATA[File: 'y_string_utf8'
JSON: '["€𝄞"]'
Expected: 'True'
Parsed: '["€𝄞"]'
Result: 'True'
]]></output>
                  </test-case>
                  <test-case id="0-1308" name="accepted.y_string_with_del_character" fullname="Jsonata.Net.Native.JsonParser.TestSuite.JSONTestSuite.accepted.y_string_with_del_character" methodname="Test" classname="Jsonata.Net.Native.JsonParser.TestSuite.JSONTestSuite" runstate="Runnable" seed="2041096665" result="Passed" start-time="2022-08-11T21:30:41.0707037Z" end-time="2022-08-11T21:30:41.0707385Z" duration="0.000035" asserts="1">
                    <output><![CDATA[File: 'y_string_with_del_character'
JSON: '["a\u007fa"]'
Expected: 'True'
Parsed: '["a\u007fa"]'
Result: 'True'
]]></output>
                  </test-case>
                  <test-case id="0-1309" name="accepted.y_structure_lonely_false" fullname="Jsonata.Net.Native.JsonParser.TestSuite.JSONTestSuite.accepted.y_structure_lonely_false" methodname="Test" classname="Jsonata.Net.Native.JsonParser.TestSuite.JSONTestSuite" runstate="Runnable" seed="1351101046" result="Passed" start-time="2022-08-11T21:30:41.0707451Z" end-time="2022-08-11T21:30:41.0707852Z" duration="0.000040" asserts="1">
                    <output><![CDATA[File: 'y_structure_lonely_false'
JSON: 'false'
Expected: 'True'
Parsed: 'false'
Result: 'True'
]]></output>
                  </test-case>
                  <test-case id="0-1310" name="accepted.y_structure_lonely_int" fullname="Jsonata.Net.Native.JsonParser.TestSuite.JSONTestSuite.accepted.y_structure_lonely_int" methodname="Test" classname="Jsonata.Net.Native.JsonParser.TestSuite.JSONTestSuite" runstate="Runnable" seed="514931222" result="Passed" start-time="2022-08-11T21:30:41.0707922Z" end-time="2022-08-11T21:30:41.0708257Z" duration="0.000034" asserts="1">
                    <output><![CDATA[File: 'y_structure_lonely_int'
JSON: '42'
Expected: 'True'
Parsed: '42'
Result: 'True'
]]></output>
                  </test-case>
                  <test-case id="0-1311" name="accepted.y_structure_lonely_negative_real" fullname="Jsonata.Net.Native.JsonParser.TestSuite.JSONTestSuite.accepted.y_structure_lonely_negative_real" methodname="Test" classname="Jsonata.Net.Native.JsonParser.TestSuite.JSONTestSuite" runstate="Runnable" seed="698413640" result="Passed" start-time="2022-08-11T21:30:41.0708320Z" end-time="2022-08-11T21:30:41.0708695Z" duration="0.000037" asserts="1">
                    <output><![CDATA[File: 'y_structure_lonely_negative_real'
JSON: '-0.1'
Expected: 'True'
Parsed: '-0.1'
Result: 'True'
]]></output>
                  </test-case>
                  <test-case id="0-1312" name="accepted.y_structure_lonely_null" fullname="Jsonata.Net.Native.JsonParser.TestSuite.JSONTestSuite.accepted.y_structure_lonely_null" methodname="Test" classname="Jsonata.Net.Native.JsonParser.TestSuite.JSONTestSuite" runstate="Runnable" seed="1243099721" result="Passed" start-time="2022-08-11T21:30:41.0708758Z" end-time="2022-08-11T21:30:41.0709099Z" duration="0.000034" asserts="1">
                    <output><![CDATA[File: 'y_structure_lonely_null'
JSON: 'null'
Expected: 'True'
Parsed: 'null'
Result: 'True'
]]></output>
                  </test-case>
                  <test-case id="0-1313" name="accepted.y_structure_lonely_string" fullname="Jsonata.Net.Native.JsonParser.TestSuite.JSONTestSuite.accepted.y_structure_lonely_string" methodname="Test" classname="Jsonata.Net.Native.JsonParser.TestSuite.JSONTestSuite" runstate="Runnable" seed="1909077473" result="Passed" start-time="2022-08-11T21:30:41.0709163Z" end-time="2022-08-11T21:30:41.0709477Z" duration="0.000031" asserts="1">
                    <output><![CDATA[File: 'y_structure_lonely_string'
JSON: '"asd"'
Expected: 'True'
Parsed: '"asd"'
Result: 'True'
]]></output>
                  </test-case>
                  <test-case id="0-1314" name="accepted.y_structure_lonely_true" fullname="Jsonata.Net.Native.JsonParser.TestSuite.JSONTestSuite.accepted.y_structure_lonely_true" methodname="Test" classname="Jsonata.Net.Native.JsonParser.TestSuite.JSONTestSuite" runstate="Runnable" seed="2074985915" result="Passed" start-time="2022-08-11T21:30:41.0709540Z" end-time="2022-08-11T21:30:41.0709923Z" duration="0.000038" asserts="1">
                    <output><![CDATA[File: 'y_structure_lonely_true'
JSON: 'true'
Expected: 'True'
Parsed: 'true'
Result: 'True'
]]></output>
                  </test-case>
                  <test-case id="0-1315" name="accepted.y_structure_string_empty" fullname="Jsonata.Net.Native.JsonParser.TestSuite.JSONTestSuite.accepted.y_structure_string_empty" methodname="Test" classname="Jsonata.Net.Native.JsonParser.TestSuite.JSONTestSuite" runstate="Runnable" seed="1338414859" result="Passed" start-time="2022-08-11T21:30:41.0710364Z" end-time="2022-08-11T21:30:41.0710862Z" duration="0.000050" asserts="1">
                    <output><![CDATA[File: 'y_structure_string_empty'
JSON: '""'
Expected: 'True'
Parsed: '""'
Result: 'True'
]]></output>
                  </test-case>
                  <test-case id="0-1316" name="accepted.y_structure_trailing_newline" fullname="Jsonata.Net.Native.JsonParser.TestSuite.JSONTestSuite.accepted.y_structure_trailing_newline" methodname="Test" classname="Jsonata.Net.Native.JsonParser.TestSuite.JSONTestSuite" runstate="Runnable" seed="816692670" result="Passed" start-time="2022-08-11T21:30:41.0710941Z" end-time="2022-08-11T21:30:41.0711321Z" duration="0.000038" asserts="1">
                    <output><![CDATA[File: 'y_structure_trailing_newline'
JSON: '["a"]
'
Expected: 'True'
Parsed: '["a"]'
Result: 'True'
]]></output>
                  </test-case>
                  <test-case id="0-1317" name="accepted.y_structure_true_in_array" fullname="Jsonata.Net.Native.JsonParser.TestSuite.JSONTestSuite.accepted.y_structure_true_in_array" methodname="Test" classname="Jsonata.Net.Native.JsonParser.TestSuite.JSONTestSuite" runstate="Runnable" seed="1243065872" result="Passed" start-time="2022-08-11T21:30:41.0711433Z" end-time="2022-08-11T21:30:41.0711786Z" duration="0.000035" asserts="1">
                    <output><![CDATA[File: 'y_structure_true_in_array'
JSON: '[true]'
Expected: 'True'
Parsed: '[true]'
Result: 'True'
]]></output>
                  </test-case>
                  <test-case id="0-1318" name="accepted.y_structure_whitespace_array" fullname="Jsonata.Net.Native.JsonParser.TestSuite.JSONTestSuite.accepted.y_structure_whitespace_array" methodname="Test" classname="Jsonata.Net.Native.JsonParser.TestSuite.JSONTestSuite" runstate="Runnable" seed="1367782297" result="Passed" start-time="2022-08-11T21:30:41.0711852Z" end-time="2022-08-11T21:30:41.0712218Z" duration="0.000036" asserts="1">
                    <output><![CDATA[File: 'y_structure_whitespace_array'
JSON: ' [] '
Expected: 'True'
Parsed: '[]'
Result: 'True'
]]></output>
                  </test-case>
                </test-suite>
              </test-suite>
            </test-suite>
          </test-suite>
        </test-suite>
      </test-suite>
    </test-suite>
  </test-suite>
</test-run>