<?xml version="1.0" encoding="utf-8" standalone="no"?>
<test-run id="0" name="Jsonata.Net.Native.TestSuite.dll" fullname="F:\Projects\_NuGet\jsonata.net.native\src\Jsonata.Net.Native.TestSuite\bin\Debug\net5.0\Jsonata.Net.Native.TestSuite.dll" runstate="Runnable" testcasecount="1611" result="Failed" total="146" passed="125" failed="2" inconclusive="0" skipped="19" asserts="85" engine-version="3.12.0.0" clr-version="5.0.10" start-time="2021-10-26 21:39:44Z" end-time="2021-10-26 21:39:44Z" duration="0.228822">
  <command-line><![CDATA[F:\Projects\_NuGet\jsonata.net.native\src\Jsonata.Net.Native.TestSuite\bin\Debug\net5.0\testhost.dll --port 65137 --endpoint 127.0.0.1:065137 --role client --parentprocessid 28240 --telemetryoptedin false]]></command-line>
  <filter>
    <or>
      <test>Jsonata.Net.Native.TestSuite.Tests.token-conversion.case000</test>
      <test>Jsonata.Net.Native.TestSuite.Tests.token-conversion.case001</test>
      <test>Jsonata.Net.Native.TestSuite.Tests.token-conversion.case002</test>
      <test>Jsonata.Net.Native.TestSuite.Tests.token-conversion.case003</test>
      <test>Jsonata.Net.Native.TestSuite.Tests.transform.case000</test>
      <test>Jsonata.Net.Native.TestSuite.Tests.transform.case001</test>
      <test>Jsonata.Net.Native.TestSuite.Tests.transform.case002</test>
      <test>Jsonata.Net.Native.TestSuite.Tests.transform.case003</test>
      <test>Jsonata.Net.Native.TestSuite.Tests.transform.case004</test>
      <test>Jsonata.Net.Native.TestSuite.Tests.transform.case005</test>
      <test>Jsonata.Net.Native.TestSuite.Tests.transform.case006</test>
      <test>Jsonata.Net.Native.TestSuite.Tests.transform.case007</test>
      <test>Jsonata.Net.Native.TestSuite.Tests.transform.case008</test>
      <test>Jsonata.Net.Native.TestSuite.Tests.transform.case009</test>
      <test>Jsonata.Net.Native.TestSuite.Tests.transform.case010</test>
      <test>Jsonata.Net.Native.TestSuite.Tests.transform.case011</test>
      <test>Jsonata.Net.Native.TestSuite.Tests.transform.case012</test>
      <test>Jsonata.Net.Native.TestSuite.Tests.transform.case013</test>
      <test>Jsonata.Net.Native.TestSuite.Tests.transform.case014</test>
      <test>Jsonata.Net.Native.TestSuite.Tests.transform.case015</test>
      <test>Jsonata.Net.Native.TestSuite.Tests.transform.case016</test>
      <test>Jsonata.Net.Native.TestSuite.Tests.transform.case017</test>
      <test>Jsonata.Net.Native.TestSuite.Tests.transform.case018</test>
      <test>Jsonata.Net.Native.TestSuite.Tests.transform.case019</test>
      <test>Jsonata.Net.Native.TestSuite.Tests.transform.case020</test>
      <test>Jsonata.Net.Native.TestSuite.Tests.transform.case021</test>
      <test>Jsonata.Net.Native.TestSuite.Tests.transform.case022</test>
      <test>Jsonata.Net.Native.TestSuite.Tests.transform.case023</test>
      <test>Jsonata.Net.Native.TestSuite.Tests.transform.case024</test>
      <test>Jsonata.Net.Native.TestSuite.Tests.transform.case025</test>
      <test>Jsonata.Net.Native.TestSuite.Tests.transform.case026</test>
      <test>Jsonata.Net.Native.TestSuite.Tests.transform.case027</test>
      <test>Jsonata.Net.Native.TestSuite.Tests.transform.case028</test>
      <test>Jsonata.Net.Native.TestSuite.Tests.transform.case029</test>
      <test>Jsonata.Net.Native.TestSuite.Tests.transform.case030</test>
      <test>Jsonata.Net.Native.TestSuite.Tests.transform.case031</test>
      <test>Jsonata.Net.Native.TestSuite.Tests.transform.case032</test>
      <test>Jsonata.Net.Native.TestSuite.Tests.transform.case033</test>
      <test>Jsonata.Net.Native.TestSuite.Tests.transform.case034</test>
      <test>Jsonata.Net.Native.TestSuite.Tests.transform.case035</test>
      <test>Jsonata.Net.Native.TestSuite.Tests.transform.case036</test>
      <test>Jsonata.Net.Native.TestSuite.Tests.transform.case037</test>
      <test>Jsonata.Net.Native.TestSuite.Tests.transform.case038</test>
      <test>Jsonata.Net.Native.TestSuite.Tests.transform.case039</test>
      <test>Jsonata.Net.Native.TestSuite.Tests.transform.case040</test>
      <test>Jsonata.Net.Native.TestSuite.Tests.transform.case041</test>
      <test>Jsonata.Net.Native.TestSuite.Tests.transform.case042</test>
      <test>Jsonata.Net.Native.TestSuite.Tests.transform.case043</test>
      <test>Jsonata.Net.Native.TestSuite.Tests.transform.case044</test>
      <test>Jsonata.Net.Native.TestSuite.Tests.transform.case045</test>
      <test>Jsonata.Net.Native.TestSuite.Tests.transform.case046</test>
      <test>Jsonata.Net.Native.TestSuite.Tests.transform.case047</test>
      <test>Jsonata.Net.Native.TestSuite.Tests.transform.case048</test>
      <test>Jsonata.Net.Native.TestSuite.Tests.transform.case049</test>
      <test>Jsonata.Net.Native.TestSuite.Tests.transform.case050</test>
      <test>Jsonata.Net.Native.TestSuite.Tests.transform.case051</test>
      <test>Jsonata.Net.Native.TestSuite.Tests.transform.case052</test>
      <test>Jsonata.Net.Native.TestSuite.Tests.transform.case053</test>
      <test>Jsonata.Net.Native.TestSuite.Tests.transform.case054</test>
      <test>Jsonata.Net.Native.TestSuite.Tests.transform.case055</test>
      <test>Jsonata.Net.Native.TestSuite.Tests.transform.case056</test>
      <test>Jsonata.Net.Native.TestSuite.Tests.transform.case057</test>
      <test>Jsonata.Net.Native.TestSuite.Tests.transform.case058</test>
      <test>Jsonata.Net.Native.TestSuite.Tests.transform.case059</test>
      <test>Jsonata.Net.Native.TestSuite.Tests.transform.case060</test>
      <test>Jsonata.Net.Native.TestSuite.Tests.transform.case061</test>
      <test>Jsonata.Net.Native.TestSuite.Tests.transform.case062</test>
      <test>Jsonata.Net.Native.TestSuite.Tests.transform.case063</test>
      <test>Jsonata.Net.Native.TestSuite.Tests.transform.case064</test>
      <test>Jsonata.Net.Native.TestSuite.Tests.transform.case065</test>
      <test>Jsonata.Net.Native.TestSuite.Tests.transform.case066</test>
      <test>Jsonata.Net.Native.TestSuite.Tests.transform.case067</test>
      <test>Jsonata.Net.Native.TestSuite.Tests.transform.case068</test>
      <test>Jsonata.Net.Native.TestSuite.Tests.transform.case069</test>
      <test>Jsonata.Net.Native.TestSuite.Tests.transform.case070</test>
      <test>Jsonata.Net.Native.TestSuite.Tests.transform.case071</test>
      <test>Jsonata.Net.Native.TestSuite.Tests.transform.case072</test>
      <test>Jsonata.Net.Native.TestSuite.Tests.transform.case073</test>
      <test>Jsonata.Net.Native.TestSuite.Tests.transform.case074</test>
      <test>Jsonata.Net.Native.TestSuite.Tests.transform.case075</test>
      <test>Jsonata.Net.Native.TestSuite.Tests.transform.case076</test>
      <test>Jsonata.Net.Native.TestSuite.Tests.transform.case077</test>
      <test>Jsonata.Net.Native.TestSuite.Tests.transform.case078</test>
      <test>Jsonata.Net.Native.TestSuite.Tests.transform.case079</test>
      <test>Jsonata.Net.Native.TestSuite.Tests.transform.case080</test>
      <test>Jsonata.Net.Native.TestSuite.Tests.transform.case081</test>
      <test>Jsonata.Net.Native.TestSuite.Tests.transform.case082</test>
      <test>Jsonata.Net.Native.TestSuite.Tests.transform.case083</test>
      <test>Jsonata.Net.Native.TestSuite.Tests.transform.case084</test>
      <test>Jsonata.Net.Native.TestSuite.Tests.transform.case085</test>
      <test>Jsonata.Net.Native.TestSuite.Tests.transform.case086</test>
      <test>Jsonata.Net.Native.TestSuite.Tests.transform.case087</test>
      <test>Jsonata.Net.Native.TestSuite.Tests.transform.case088</test>
      <test>Jsonata.Net.Native.TestSuite.Tests.transform.case089</test>
      <test>Jsonata.Net.Native.TestSuite.Tests.transform.case090</test>
      <test>Jsonata.Net.Native.TestSuite.Tests.transform.case091</test>
      <test>Jsonata.Net.Native.TestSuite.Tests.transform.case092</test>
      <test>Jsonata.Net.Native.TestSuite.Tests.transform.case093</test>
      <test>Jsonata.Net.Native.TestSuite.Tests.transform.case094</test>
      <test>Jsonata.Net.Native.TestSuite.Tests.transform.case095</test>
      <test>Jsonata.Net.Native.TestSuite.Tests.transform.case096</test>
      <test>Jsonata.Net.Native.TestSuite.Tests.transform.case097</test>
      <test>Jsonata.Net.Native.TestSuite.Tests.transform.case098</test>
      <test>Jsonata.Net.Native.TestSuite.Tests.transform.case099</test>
      <test>Jsonata.Net.Native.TestSuite.Tests.transform.case100</test>
      <test>Jsonata.Net.Native.TestSuite.Tests.transform.case101</test>
      <test>Jsonata.Net.Native.TestSuite.Tests.transform.case102</test>
      <test>Jsonata.Net.Native.TestSuite.Tests.transform.case103</test>
      <test>Jsonata.Net.Native.TestSuite.Tests.transforms.case000</test>
      <test>Jsonata.Net.Native.TestSuite.Tests.transforms.case001</test>
      <test>Jsonata.Net.Native.TestSuite.Tests.transforms.case002</test>
      <test>Jsonata.Net.Native.TestSuite.Tests.transforms.case003</test>
      <test>Jsonata.Net.Native.TestSuite.Tests.transforms.case004</test>
      <test>Jsonata.Net.Native.TestSuite.Tests.transforms.case005</test>
      <test>Jsonata.Net.Native.TestSuite.Tests.transforms.case006</test>
      <test>Jsonata.Net.Native.TestSuite.Tests.transforms.case007</test>
      <test>Jsonata.Net.Native.TestSuite.Tests.transforms.case008</test>
      <test>Jsonata.Net.Native.TestSuite.Tests.transforms.case009</test>
      <test>Jsonata.Net.Native.TestSuite.Tests.transforms.case010</test>
      <test>Jsonata.Net.Native.TestSuite.Tests.transforms.case011</test>
      <test>Jsonata.Net.Native.TestSuite.Tests.transforms.case012</test>
      <test>Jsonata.Net.Native.TestSuite.Tests.transforms.case013</test>
      <test>Jsonata.Net.Native.TestSuite.Tests.transforms.case014</test>
      <test>Jsonata.Net.Native.TestSuite.Tests.variables.case000</test>
      <test>Jsonata.Net.Native.TestSuite.Tests.variables.case001</test>
      <test>Jsonata.Net.Native.TestSuite.Tests.variables.case002</test>
      <test>Jsonata.Net.Native.TestSuite.Tests.variables.case003</test>
      <test>Jsonata.Net.Native.TestSuite.Tests.variables.case004</test>
      <test>Jsonata.Net.Native.TestSuite.Tests.variables.case005</test>
      <test>Jsonata.Net.Native.TestSuite.Tests.variables.case006</test>
      <test>Jsonata.Net.Native.TestSuite.Tests.variables.case007</test>
      <test>Jsonata.Net.Native.TestSuite.Tests.variables.case008</test>
      <test>Jsonata.Net.Native.TestSuite.Tests.variables.case009</test>
      <test>Jsonata.Net.Native.TestSuite.Tests.variables.case010</test>
      <test>Jsonata.Net.Native.TestSuite.Tests.variables.case011</test>
      <test>Jsonata.Net.Native.TestSuite.Tests.variables.case012</test>
      <test>Jsonata.Net.Native.TestSuite.Tests.wildcards.case000</test>
      <test>Jsonata.Net.Native.TestSuite.Tests.wildcards.case001</test>
      <test>Jsonata.Net.Native.TestSuite.Tests.wildcards.case002</test>
      <test>Jsonata.Net.Native.TestSuite.Tests.wildcards.case003</test>
      <test>Jsonata.Net.Native.TestSuite.Tests.wildcards.case004</test>
      <test>Jsonata.Net.Native.TestSuite.Tests.wildcards.case005</test>
      <test>Jsonata.Net.Native.TestSuite.Tests.wildcards.case006</test>
      <test>Jsonata.Net.Native.TestSuite.Tests.wildcards.case007</test>
      <test>Jsonata.Net.Native.TestSuite.Tests.wildcards.case008</test>
      <test>Jsonata.Net.Native.TestSuite.Tests.wildcards.case009</test>
    </or>
  </filter>
  <test-suite type="Assembly" id="0-2613" name="Jsonata.Net.Native.TestSuite.dll" fullname="F:/Projects/_NuGet/jsonata.net.native/src/Jsonata.Net.Native.TestSuite/bin/Debug/net5.0/Jsonata.Net.Native.TestSuite.dll" runstate="Runnable" testcasecount="1611" result="Failed" site="Child" start-time="2021-10-26T21:39:44.2259553Z" end-time="2021-10-26T21:39:44.4284377Z" duration="0.202434" total="146" passed="125" failed="2" warnings="0" inconclusive="0" skipped="19" asserts="85">
    <environment framework-version="3.13.2.0" clr-version="5.0.10" os-version="Microsoft Windows 6.3.9600" platform="Win32NT" cwd="F:\Projects\_NuGet\jsonata.net.native\src\Jsonata.Net.Native.TestSuite\bin\Debug\net5.0" machine-name="ABC-BARG" user="barg_ma" user-domain="ABC" culture="ru-RU" uiculture="ru-RU" os-architecture="x64" />
    <settings>
      <setting name="SynchronousEvents" value="False" />
      <setting name="RandomSeed" value="353111545" />
      <setting name="SkipNonTestAssemblies" value="True" />
      <setting name="ProcessModel" value="InProcess" />
      <setting name="DomainUsage" value="Single" />
      <setting name="DefaultTestNamePattern" value="{m}{a}" />
      <setting name="WorkDirectory" value="F:\Projects\_NuGet\jsonata.net.native\src\Jsonata.Net.Native.TestSuite\bin\Debug\net5.0" />
      <setting name="NumberOfTestWorkers" value="4" />
    </settings>
    <properties>
      <property name="_PID" value="26292" />
      <property name="_APPDOMAIN" value="testhost" />
    </properties>
    <failure>
      <message><![CDATA[One or more child tests had errors]]></message>
    </failure>
    <test-suite type="TestSuite" id="0-2614" name="Jsonata" fullname="Jsonata" runstate="Runnable" testcasecount="1611" result="Failed" site="Child" start-time="2021-10-26T21:39:44.2299267Z" end-time="2021-10-26T21:39:44.4282309Z" duration="0.198306" total="146" passed="125" failed="2" warnings="0" inconclusive="0" skipped="19" asserts="85">
      <failure>
        <message><![CDATA[One or more child tests had errors]]></message>
      </failure>
      <test-suite type="TestSuite" id="0-2615" name="Net" fullname="Jsonata.Net" runstate="Runnable" testcasecount="1611" result="Failed" site="Child" start-time="2021-10-26T21:39:44.2301561Z" end-time="2021-10-26T21:39:44.4279753Z" duration="0.197822" total="146" passed="125" failed="2" warnings="0" inconclusive="0" skipped="19" asserts="85">
        <failure>
          <message><![CDATA[One or more child tests had errors]]></message>
        </failure>
        <test-suite type="TestSuite" id="0-2616" name="Native" fullname="Jsonata.Net.Native" runstate="Runnable" testcasecount="1611" result="Failed" site="Child" start-time="2021-10-26T21:39:44.2301782Z" end-time="2021-10-26T21:39:44.4276728Z" duration="0.197497" total="146" passed="125" failed="2" warnings="0" inconclusive="0" skipped="19" asserts="85">
          <failure>
            <message><![CDATA[One or more child tests had errors]]></message>
          </failure>
          <test-suite type="TestSuite" id="0-2617" name="TestSuite" fullname="Jsonata.Net.Native.TestSuite" runstate="Runnable" testcasecount="1611" result="Failed" site="Child" start-time="2021-10-26T21:39:44.2301824Z" end-time="2021-10-26T21:39:44.4264369Z" duration="0.196257" total="146" passed="125" failed="2" warnings="0" inconclusive="0" skipped="19" asserts="85">
            <failure>
              <message><![CDATA[One or more child tests had errors]]></message>
            </failure>
            <test-suite type="TestFixture" id="0-1000" name="Tests" fullname="Jsonata.Net.Native.TestSuite.Tests" classname="Jsonata.Net.Native.TestSuite.Tests" runstate="Runnable" testcasecount="1611" result="Failed" site="Child" start-time="2021-10-26T21:39:44.2312235Z" end-time="2021-10-26T21:39:44.4258274Z" duration="0.194607" total="146" passed="125" failed="2" warnings="0" inconclusive="0" skipped="19" asserts="85">
              <failure>
                <message><![CDATA[One or more child tests had errors]]></message>
              </failure>
              <output><![CDATA[Loaded 27 datasets
]]></output>
              <test-suite type="ParameterizedMethod" id="0-2612" name="Test" fullname="Jsonata.Net.Native.TestSuite.Tests.Test" classname="Jsonata.Net.Native.TestSuite.Tests" runstate="Runnable" testcasecount="1611" result="Failed" site="Child" start-time="2021-10-26T21:39:44.2464276Z" end-time="2021-10-26T21:39:44.4235384Z" duration="0.177113" total="146" passed="125" failed="2" warnings="0" inconclusive="0" skipped="19" asserts="84">
                <failure>
                  <message><![CDATA[One or more child tests had errors]]></message>
                </failure>
                <test-case id="0-2466" name="token-conversion.case000" fullname="Jsonata.Net.Native.TestSuite.Tests.token-conversion.case000" methodname="Test" classname="Jsonata.Net.Native.TestSuite.Tests" runstate="Runnable" seed="1216092195" result="Passed" start-time="2021-10-26T21:39:44.2464774Z" end-time="2021-10-26T21:39:44.2726248Z" duration="0.026296" asserts="1">
                  <properties>
                    <property name="Description" value="expr: '$.'7a'';&#xA; result: 33" />
                  </properties>
                  <output><![CDATA[Expr is '$.'7a''
Result: '33'
Expected: '33'
]]></output>
                </test-case>
                <test-case id="0-2467" name="token-conversion.case001" fullname="Jsonata.Net.Native.TestSuite.Tests.token-conversion.case001" methodname="Test" classname="Jsonata.Net.Native.TestSuite.Tests" runstate="Runnable" seed="401988334" result="Passed" start-time="2021-10-26T21:39:44.2746050Z" end-time="2021-10-26T21:39:44.2748197Z" duration="0.000214" asserts="1">
                  <properties>
                    <property name="Description" value="expr: '$.'7'';&#xA; result: 88" />
                  </properties>
                  <output><![CDATA[Expr is '$.'7''
Result: '88'
Expected: '88'
]]></output>
                </test-case>
                <test-case id="0-2468" name="token-conversion.case002" fullname="Jsonata.Net.Native.TestSuite.Tests.token-conversion.case002" methodname="Test" classname="Jsonata.Net.Native.TestSuite.Tests" runstate="Runnable" seed="952892542" result="Skipped" label="Ignored" start-time="2021-10-26T21:39:44.2748664Z" end-time="2021-10-26T21:39:44.3050547Z" duration="0.030189" asserts="0">
                  <properties>
                    <property name="Description" value="expr: '$.7a';&#xA; result: error S0201" />
                  </properties>
                  <reason>
                    <message><![CDATA[Failed with exception: syntax error: 'Token { type = typeName, value = a, position = 3 }
(ErrSyntaxError)
   at Jsonata.Net.Native.Parsing.Parser.Parse(String queryText) in F:\Projects\_NuGet\jsonata.net.native\src\Jsonata.Net.Native\Parsing\Parser.cs:line 21
   at Jsonata.Net.Native.JsonataQuery..ctor(String queryText) in F:\Projects\_NuGet\jsonata.net.native\src\Jsonata.Net.Native\JsonataQuery.cs:line 21
   at Jsonata.Net.Native.TestSuite.Tests.Test(CaseInfo caseInfo) in F:\Projects\_NuGet\jsonata.net.native\src\Jsonata.Net.Native.TestSuite\UnitTest1.cs:line 74]]></message>
                  </reason>
                  <output><![CDATA[Expr is '$.7a'
]]></output>
                </test-case>
                <test-case id="0-2469" name="token-conversion.case003" fullname="Jsonata.Net.Native.TestSuite.Tests.token-conversion.case003" methodname="Test" classname="Jsonata.Net.Native.TestSuite.Tests" runstate="Runnable" seed="265817575" result="Skipped" label="Ignored" start-time="2021-10-26T21:39:44.3052059Z" end-time="2021-10-26T21:39:44.3061897Z" duration="0.000984" asserts="0">
                  <properties>
                    <property name="Description" value="expr: '$.7';&#xA; result: error S0213" />
                  </properties>
                  <reason>
                    <message><![CDATA[Failed with exception: invalid path step 7: paths cannot contain nulls, strings, numbers or booleans
(ErrPathLiteral)
   at Jsonata.Net.Native.Parsing.DotNode_.optimize() in F:\Projects\_NuGet\jsonata.net.native\src\Jsonata.Net.Native\Parsing\Nodes.cs:line 362
   at Jsonata.Net.Native.Parsing.Parser.Parse(String queryText) in F:\Projects\_NuGet\jsonata.net.native\src\Jsonata.Net.Native\Parsing\Parser.cs:line 23
   at Jsonata.Net.Native.JsonataQuery..ctor(String queryText) in F:\Projects\_NuGet\jsonata.net.native\src\Jsonata.Net.Native\JsonataQuery.cs:line 21
   at Jsonata.Net.Native.TestSuite.Tests.Test(CaseInfo caseInfo) in F:\Projects\_NuGet\jsonata.net.native\src\Jsonata.Net.Native.TestSuite\UnitTest1.cs:line 74]]></message>
                  </reason>
                  <output><![CDATA[Expr is '$.7'
]]></output>
                </test-case>
                <test-case id="0-2470" name="transform.case000" fullname="Jsonata.Net.Native.TestSuite.Tests.transform.case000" methodname="Test" classname="Jsonata.Net.Native.TestSuite.Tests" runstate="Runnable" seed="74518563" result="Passed" start-time="2021-10-26T21:39:44.3074491Z" end-time="2021-10-26T21:39:44.3208775Z" duration="0.013429" asserts="1">
                  <properties>
                    <property name="Description" value="expr: '{'Order': Account.Order.{  'ID': OrderID,  'Product': Product.{    'SKU': ProductID,    'Details': {      'Weight': Description.Weight,      'Dimensions': Description.(Width &amp; ' x ' &amp; Height &amp; ' x ' &amp; Depth)    }  },  'Total Price': $sum(Product.(Price * Quantity))}}';&#xA; result: {&quot;Order&quot;:[{&quot;ID&quot;:&quot;order103&quot;,&quot;Product&quot;:[{&quot;SKU&quot;:858383,&quot;Details&quot;:{&quot;Weight&quot;:0.75,&quot;Dimensions&quot;:&quot;300 x 200 x 210&quot;}},{&quot;SKU&quot;:858236,&quot;Details&quot;:{&quot;Weight&quot;:0.6,&quot;Dimensions&quot;:&quot;300 x 200 x 210&quot;}}],&quot;Total Price&quot;:90.57000000000001},{&quot;ID&quot;:&quot;order104&quot;,&quot;Product&quot;:[{&quot;SKU&quot;:858383,&quot;Details&quot;:{&quot;Weight&quot;:0.75,&quot;Dimensions&quot;:&quot;300 x 200 x 210&quot;}},{&quot;SKU&quot;:345664,&quot;Details&quot;:{&quot;Weight&quot;:2,&quot;Dimensions&quot;:&quot;30 x 20 x 210&quot;}}],&quot;Total Price&quot;:245.79000000000002}]}" />
                  </properties>
                  <output><![CDATA[Expr is '{'Order': Account.Order.{  'ID': OrderID,  'Product': Product.{    'SKU': ProductID,    'Details': {      'Weight': Description.Weight,      'Dimensions': Description.(Width & ' x ' & Height & ' x ' & Depth)    }  },  'Total Price': $sum(Product.(Price * Quantity))}}'
Result: '{"Order":[{"ID":"order103","Product":[{"SKU":858383,"Details":{"Weight":0.75,"Dimensions":"300 x 200 x 210"}},{"SKU":858236,"Details":{"Weight":0.6,"Dimensions":"300 x 200 x 210"}}],"Total Price":90.57000000000001},{"ID":"order104","Product":[{"SKU":858383,"Details":{"Weight":0.75,"Dimensions":"300 x 200 x 210"}},{"SKU":345664,"Details":{"Weight":2,"Dimensions":"30 x 20 x 210"}}],"Total Price":245.79000000000002}]}'
Expected: '{"Order":[{"ID":"order103","Product":[{"SKU":858383,"Details":{"Weight":0.75,"Dimensions":"300 x 200 x 210"}},{"SKU":858236,"Details":{"Weight":0.6,"Dimensions":"300 x 200 x 210"}}],"Total Price":90.57000000000001},{"ID":"order104","Product":[{"SKU":858383,"Details":{"Weight":0.75,"Dimensions":"300 x 200 x 210"}},{"SKU":345664,"Details":{"Weight":2,"Dimensions":"30 x 20 x 210"}}],"Total Price":245.79000000000002}]}'
]]></output>
                </test-case>
                <test-case id="0-2471" name="transform.case001" fullname="Jsonata.Net.Native.TestSuite.Tests.transform.case001" methodname="Test" classname="Jsonata.Net.Native.TestSuite.Tests" runstate="Runnable" seed="465079295" result="Failed" label="Error" start-time="2021-10-26T21:39:44.3209017Z" end-time="2021-10-26T21:39:44.3317035Z" duration="0.010802" asserts="0">
                  <properties>
                    <property name="Description" value="expr: '&#xA;        (&#xA;          $tempReadings := $count(state.tempReadings) = 5 ?&#xA;              [state.tempReadings[[1..4]], event.t] :&#xA;              [state.tempReadings, event.t];&#xA;        &#xA;          {&#xA;            &quot;tempReadings&quot;: $tempReadings,&#xA;            &quot;sumTemperatures&quot;: $sum($tempReadings),&#xA;            &quot;avgTemperature&quot;: $average($tempReadings) ~&gt; $round(2),&#xA;            &quot;maxTemperature&quot;: $max($tempReadings),&#xA;            &quot;minTemperature&quot;: $min($tempReadings)&#xA;          }&#xA;        )';&#xA; result: {&quot;tempReadings&quot;:[28.9,28,28.2,28.4,28.4],&quot;sumTemperatures&quot;:141.9,&quot;avgTemperature&quot;:28.38,&quot;maxTemperature&quot;:28.9,&quot;minTemperature&quot;:28}" />
                  </properties>
                  <failure>
                    <message><![CDATA[Jsonata.Net.Native.JsonataException : T1006: Attempted to invoke a non-function 'undefined' got from '$average']]></message>
                    <stack-trace><![CDATA[   at Jsonata.Net.Native.Eval.EvalProcessor.evalFunctionCall(FunctionCallNode functionCallNode, JToken input, Environment env, JToken evalutedFirstArgFromApplication) in F:\Projects\_NuGet\jsonata.net.native\src\Jsonata.Net.Native\Eval\EvalProcessor.cs:line 255
   at Jsonata.Net.Native.Eval.EvalProcessor.EvalInternal(Node node, JToken input, Environment env) in F:\Projects\_NuGet\jsonata.net.native\src\Jsonata.Net.Native\Eval\EvalProcessor.cs:line 126
   at Jsonata.Net.Native.Eval.EvalProcessor.Eval(Node node, JToken input, Environment env) in F:\Projects\_NuGet\jsonata.net.native\src\Jsonata.Net.Native\Eval\EvalProcessor.cs:line 50
   at Jsonata.Net.Native.Eval.EvalProcessor.evalFunctionApplication(FunctionApplicationNode functionApplicationNode, JToken input, Environment env) in F:\Projects\_NuGet\jsonata.net.native\src\Jsonata.Net.Native\Eval\EvalProcessor.cs:line 172
   at Jsonata.Net.Native.Eval.EvalProcessor.EvalInternal(Node node, JToken input, Environment env) in F:\Projects\_NuGet\jsonata.net.native\src\Jsonata.Net.Native\Eval\EvalProcessor.cs:line 128
   at Jsonata.Net.Native.Eval.EvalProcessor.Eval(Node node, JToken input, Environment env) in F:\Projects\_NuGet\jsonata.net.native\src\Jsonata.Net.Native\Eval\EvalProcessor.cs:line 50
   at Jsonata.Net.Native.Eval.EvalProcessor.evalObject(ObjectNode objectNode, JToken input, Environment env) in F:\Projects\_NuGet\jsonata.net.native\src\Jsonata.Net.Native\Eval\EvalProcessor.cs:line 715
   at Jsonata.Net.Native.Eval.EvalProcessor.EvalInternal(Node node, JToken input, Environment env) in F:\Projects\_NuGet\jsonata.net.native\src\Jsonata.Net.Native\Eval\EvalProcessor.cs:line 96
   at Jsonata.Net.Native.Eval.EvalProcessor.Eval(Node node, JToken input, Environment env) in F:\Projects\_NuGet\jsonata.net.native\src\Jsonata.Net.Native\Eval\EvalProcessor.cs:line 50
   at Jsonata.Net.Native.Eval.EvalProcessor.evalBlock(BlockNode blockNode, JToken input, Environment env) in F:\Projects\_NuGet\jsonata.net.native\src\Jsonata.Net.Native\Eval\EvalProcessor.cs:line 245
   at Jsonata.Net.Native.Eval.EvalProcessor.EvalInternal(Node node, JToken input, Environment env) in F:\Projects\_NuGet\jsonata.net.native\src\Jsonata.Net.Native\Eval\EvalProcessor.cs:line 98
   at Jsonata.Net.Native.Eval.EvalProcessor.Eval(Node node, JToken input, Environment env) in F:\Projects\_NuGet\jsonata.net.native\src\Jsonata.Net.Native\Eval\EvalProcessor.cs:line 50
   at Jsonata.Net.Native.Eval.EvalProcessor.EvaluateJson(Node rootNode, JToken data, JObject bindings) in F:\Projects\_NuGet\jsonata.net.native\src\Jsonata.Net.Native\Eval\EvalProcessor.cs:line 36
   at Jsonata.Net.Native.JsonataQuery.Eval(JToken data, JObject bindings) in F:\Projects\_NuGet\jsonata.net.native\src\Jsonata.Net.Native\JsonataQuery.cs:line 39
   at Jsonata.Net.Native.TestSuite.Tests.Test(CaseInfo caseInfo) in F:\Projects\_NuGet\jsonata.net.native\src\Jsonata.Net.Native.TestSuite\UnitTest1.cs:line 75]]></stack-trace>
                  </failure>
                  <output><![CDATA[Expr is '
        (
          $tempReadings := $count(state.tempReadings) = 5 ?
              [state.tempReadings[[1..4]], event.t] :
              [state.tempReadings, event.t];
        
          {
            "tempReadings": $tempReadings,
            "sumTemperatures": $sum($tempReadings),
            "avgTemperature": $average($tempReadings) ~> $round(2),
            "maxTemperature": $max($tempReadings),
            "minTemperature": $min($tempReadings)
          }
        )'
]]></output>
                </test-case>
                <test-case id="0-2472" name="transform.case002" fullname="Jsonata.Net.Native.TestSuite.Tests.transform.case002" methodname="Test" classname="Jsonata.Net.Native.TestSuite.Tests" runstate="Runnable" seed="666450840" result="Passed" start-time="2021-10-26T21:39:44.3317270Z" end-time="2021-10-26T21:39:44.3318408Z" duration="0.000114" asserts="1">
                  <properties>
                    <property name="Description" value="expr: '$';&#xA; result: {&quot;output&quot;:{&quot;is&quot;:{&quot;same&quot;:{&quot;as&quot;:&quot;input&quot;}}}}" />
                  </properties>
                  <output><![CDATA[Expr is '$'
Result: '{"output":{"is":{"same":{"as":"input"}}}}'
Expected: '{"output":{"is":{"same":{"as":"input"}}}}'
]]></output>
                </test-case>
                <test-case id="0-2473" name="transform.case003" fullname="Jsonata.Net.Native.TestSuite.Tests.transform.case003" methodname="Test" classname="Jsonata.Net.Native.TestSuite.Tests" runstate="Runnable" seed="1123811837" result="Passed" start-time="2021-10-26T21:39:44.3318487Z" end-time="2021-10-26T21:39:44.3319245Z" duration="0.000075" asserts="1">
                  <properties>
                    <property name="Description" value="expr: 'foo';&#xA; result: {&quot;bar&quot;:42}" />
                  </properties>
                  <output><![CDATA[Expr is 'foo'
Result: '{"bar":42}'
Expected: '{"bar":42}'
]]></output>
                </test-case>
                <test-case id="0-2474" name="transform.case004" fullname="Jsonata.Net.Native.TestSuite.Tests.transform.case004" methodname="Test" classname="Jsonata.Net.Native.TestSuite.Tests" runstate="Runnable" seed="1442479392" result="Passed" start-time="2021-10-26T21:39:44.3319314Z" end-time="2021-10-26T21:39:44.3319954Z" duration="0.000064" asserts="1">
                  <properties>
                    <property name="Description" value="expr: 'baz';&#xA; result: {&quot;gar&quot;:50}" />
                  </properties>
                  <output><![CDATA[Expr is 'baz'
Result: '{"gar":50}'
Expected: '{"gar":50}'
]]></output>
                </test-case>
                <test-case id="0-2475" name="transform.case005" fullname="Jsonata.Net.Native.TestSuite.Tests.transform.case005" methodname="Test" classname="Jsonata.Net.Native.TestSuite.Tests" runstate="Runnable" seed="2144877839" result="Passed" start-time="2021-10-26T21:39:44.3320023Z" end-time="2021-10-26T21:39:44.3320718Z" duration="0.000070" asserts="1">
                  <properties>
                    <property name="Description" value="expr: 'Foo';&#xA; result: {&quot;mama&quot;:45}" />
                  </properties>
                  <output><![CDATA[Expr is 'Foo'
Result: '{"mama":45}'
Expected: '{"mama":45}'
]]></output>
                </test-case>
                <test-case id="0-2476" name="transform.case006" fullname="Jsonata.Net.Native.TestSuite.Tests.transform.case006" methodname="Test" classname="Jsonata.Net.Native.TestSuite.Tests" runstate="Runnable" seed="1969909133" result="Passed" start-time="2021-10-26T21:39:44.3320787Z" end-time="2021-10-26T21:39:44.3321835Z" duration="0.000105" asserts="1">
                  <properties>
                    <property name="Description" value="expr: 'food';&#xA; result: {&quot;wa&quot;:&quot;hume&quot;}" />
                  </properties>
                  <output><![CDATA[Expr is 'food'
Result: '{"wa":"hume"}'
Expected: '{"wa":"hume"}'
]]></output>
                </test-case>
                <test-case id="0-2477" name="transform.case007" fullname="Jsonata.Net.Native.TestSuite.Tests.transform.case007" methodname="Test" classname="Jsonata.Net.Native.TestSuite.Tests" runstate="Runnable" seed="2095949514" result="Passed" start-time="2021-10-26T21:39:44.3321937Z" end-time="2021-10-26T21:39:44.3322749Z" duration="0.000081" asserts="1">
                  <properties>
                    <property name="Description" value="expr: 'maz.rar';&#xA; result: 42" />
                  </properties>
                  <output><![CDATA[Expr is 'maz.rar'
Result: '42'
Expected: '42'
]]></output>
                </test-case>
                <test-case id="0-2478" name="transform.case008" fullname="Jsonata.Net.Native.TestSuite.Tests.transform.case008" methodname="Test" classname="Jsonata.Net.Native.TestSuite.Tests" runstate="Runnable" seed="1053648638" result="Passed" start-time="2021-10-26T21:39:44.3322828Z" end-time="2021-10-26T21:39:44.3323585Z" duration="0.000076" asserts="1">
                  <properties>
                    <property name="Description" value="expr: 'jee.par.waa';&#xA; result: {&quot;bar&quot;:87}" />
                  </properties>
                  <output><![CDATA[Expr is 'jee.par.waa'
Result: '{"bar":87}'
Expected: '{"bar":87}'
]]></output>
                </test-case>
                <test-case id="0-2479" name="transform.case009" fullname="Jsonata.Net.Native.TestSuite.Tests.transform.case009" methodname="Test" classname="Jsonata.Net.Native.TestSuite.Tests" runstate="Runnable" seed="1550995400" result="Passed" start-time="2021-10-26T21:39:44.3323661Z" end-time="2021-10-26T21:39:44.3324340Z" duration="0.000068" asserts="1">
                  <properties>
                    <property name="Description" value="expr: 'foo';&#xA; result: undefined" />
                  </properties>
                  <output><![CDATA[Expr is 'foo'
Result: 'undefined'
Expected 'undefined'
]]></output>
                </test-case>
                <test-case id="0-2480" name="transform.case010" fullname="Jsonata.Net.Native.TestSuite.Tests.transform.case010" methodname="Test" classname="Jsonata.Net.Native.TestSuite.Tests" runstate="Runnable" seed="848627099" result="Passed" start-time="2021-10-26T21:39:44.3324473Z" end-time="2021-10-26T21:39:44.3327893Z" duration="0.000342" asserts="1">
                  <properties>
                    <property name="Description" value="expr: 'foo.bar';&#xA; result: undefined" />
                  </properties>
                  <output><![CDATA[Expr is 'foo.bar'
Result: 'undefined'
Expected 'undefined'
]]></output>
                </test-case>
                <test-case id="0-2481" name="transform.case011" fullname="Jsonata.Net.Native.TestSuite.Tests.transform.case011" methodname="Test" classname="Jsonata.Net.Native.TestSuite.Tests" runstate="Runnable" seed="39402058" result="Passed" start-time="2021-10-26T21:39:44.3339769Z" end-time="2021-10-26T21:39:44.3341154Z" duration="0.000138" asserts="1">
                  <properties>
                    <property name="Description" value="expr: '$';&#xA; result: &quot;foo&quot;" />
                  </properties>
                  <output><![CDATA[Expr is '$'
Result: '"foo"'
Expected: '"foo"'
]]></output>
                </test-case>
                <test-case id="0-2482" name="transform.case012" fullname="Jsonata.Net.Native.TestSuite.Tests.transform.case012" methodname="Test" classname="Jsonata.Net.Native.TestSuite.Tests" runstate="Runnable" seed="1195846797" result="Passed" start-time="2021-10-26T21:39:44.3343790Z" end-time="2021-10-26T21:39:44.3344807Z" duration="0.000102" asserts="1">
                  <properties>
                    <property name="Description" value="expr: 'bar';&#xA; result: &quot;foo&quot;" />
                  </properties>
                  <output><![CDATA[Expr is 'bar'
Result: '"foo"'
Expected: '"foo"'
]]></output>
                </test-case>
                <test-case id="0-2483" name="transform.case013" fullname="Jsonata.Net.Native.TestSuite.Tests.transform.case013" methodname="Test" classname="Jsonata.Net.Native.TestSuite.Tests" runstate="Runnable" seed="1966786568" result="Passed" start-time="2021-10-26T21:39:44.3347107Z" end-time="2021-10-26T21:39:44.3347892Z" duration="0.000078" asserts="1">
                  <properties>
                    <property name="Description" value="expr: '$';&#xA; result: 6754322" />
                  </properties>
                  <output><![CDATA[Expr is '$'
Result: '6754322'
Expected: '6754322'
]]></output>
                </test-case>
                <test-case id="0-2484" name="transform.case014" fullname="Jsonata.Net.Native.TestSuite.Tests.transform.case014" methodname="Test" classname="Jsonata.Net.Native.TestSuite.Tests" runstate="Runnable" seed="187239587" result="Passed" start-time="2021-10-26T21:39:44.3348339Z" end-time="2021-10-26T21:39:44.3348955Z" duration="0.000062" asserts="1">
                  <properties>
                    <property name="Description" value="expr: '$';&#xA; result: 0" />
                  </properties>
                  <output><![CDATA[Expr is '$'
Result: '0'
Expected: '0'
]]></output>
                </test-case>
                <test-case id="0-2485" name="transform.case015" fullname="Jsonata.Net.Native.TestSuite.Tests.transform.case015" methodname="Test" classname="Jsonata.Net.Native.TestSuite.Tests" runstate="Runnable" seed="1361065627" result="Passed" start-time="2021-10-26T21:39:44.3349377Z" end-time="2021-10-26T21:39:44.3350123Z" duration="0.000074" asserts="1">
                  <properties>
                    <property name="Description" value="expr: '$';&#xA; result: -24" />
                  </properties>
                  <output><![CDATA[Expr is '$'
Result: '-24'
Expected: '-24'
]]></output>
                </test-case>
                <test-case id="0-2486" name="transform.case016" fullname="Jsonata.Net.Native.TestSuite.Tests.transform.case016" methodname="Test" classname="Jsonata.Net.Native.TestSuite.Tests" runstate="Runnable" seed="1726800696" result="Passed" start-time="2021-10-26T21:39:44.3351077Z" end-time="2021-10-26T21:39:44.3351928Z" duration="0.000085" asserts="1">
                  <properties>
                    <property name="Description" value="expr: 'bar';&#xA; result: 6.54" />
                  </properties>
                  <output><![CDATA[Expr is 'bar'
Result: '6.54'
Expected: '6.54'
]]></output>
                </test-case>
                <test-case id="0-2487" name="transform.case017" fullname="Jsonata.Net.Native.TestSuite.Tests.transform.case017" methodname="Test" classname="Jsonata.Net.Native.TestSuite.Tests" runstate="Runnable" seed="881943495" result="Passed" start-time="2021-10-26T21:39:44.3352686Z" end-time="2021-10-26T21:39:44.3353362Z" duration="0.000067" asserts="1">
                  <properties>
                    <property name="Description" value="expr: '$';&#xA; result: true" />
                  </properties>
                  <output><![CDATA[Expr is '$'
Result: 'true'
Expected: 'true'
]]></output>
                </test-case>
                <test-case id="0-2488" name="transform.case018" fullname="Jsonata.Net.Native.TestSuite.Tests.transform.case018" methodname="Test" classname="Jsonata.Net.Native.TestSuite.Tests" runstate="Runnable" seed="1281074966" result="Passed" start-time="2021-10-26T21:39:44.3355252Z" end-time="2021-10-26T21:39:44.3356009Z" duration="0.000076" asserts="1">
                  <properties>
                    <property name="Description" value="expr: 'bar';&#xA; result: false" />
                  </properties>
                  <output><![CDATA[Expr is 'bar'
Result: 'false'
Expected: 'false'
]]></output>
                </test-case>
                <test-case id="0-2489" name="transform.case019" fullname="Jsonata.Net.Native.TestSuite.Tests.transform.case019" methodname="Test" classname="Jsonata.Net.Native.TestSuite.Tests" runstate="Runnable" seed="390112106" result="Passed" start-time="2021-10-26T21:39:44.3356598Z" end-time="2021-10-26T21:39:44.3357286Z" duration="0.000069" asserts="1">
                  <properties>
                    <property name="Description" value="expr: '$';&#xA; result: null" />
                  </properties>
                  <output><![CDATA[Expr is '$'
Result: 'null'
Expected: 'null'
]]></output>
                </test-case>
                <test-case id="0-2490" name="transform.case020" fullname="Jsonata.Net.Native.TestSuite.Tests.transform.case020" methodname="Test" classname="Jsonata.Net.Native.TestSuite.Tests" runstate="Runnable" seed="1947359476" result="Passed" start-time="2021-10-26T21:39:44.3372790Z" end-time="2021-10-26T21:39:44.3374125Z" duration="0.000133" asserts="1">
                  <properties>
                    <property name="Description" value="expr: 'bar';&#xA; result: null" />
                  </properties>
                  <output><![CDATA[Expr is 'bar'
Result: 'null'
Expected: 'null'
]]></output>
                </test-case>
                <test-case id="0-2491" name="transform.case021" fullname="Jsonata.Net.Native.TestSuite.Tests.transform.case021" methodname="Test" classname="Jsonata.Net.Native.TestSuite.Tests" runstate="Runnable" seed="723586564" result="Passed" start-time="2021-10-26T21:39:44.3374511Z" end-time="2021-10-26T21:39:44.3375281Z" duration="0.000077" asserts="1">
                  <properties>
                    <property name="Description" value="expr: 'bar';&#xA; result: undefined" />
                  </properties>
                  <output><![CDATA[Expr is 'bar'
Result: 'undefined'
Expected 'undefined'
]]></output>
                </test-case>
                <test-case id="0-2492" name="transform.case022" fullname="Jsonata.Net.Native.TestSuite.Tests.transform.case022" methodname="Test" classname="Jsonata.Net.Native.TestSuite.Tests" runstate="Runnable" seed="1585306640" result="Passed" start-time="2021-10-26T21:39:44.3375679Z" end-time="2021-10-26T21:39:44.3376286Z" duration="0.000060" asserts="1">
                  <properties>
                    <property name="Description" value="expr: '$';&#xA; result: undefined" />
                  </properties>
                  <output><![CDATA[Expr is '$'
Result: 'undefined'
Expected 'undefined'
]]></output>
                </test-case>
                <test-case id="0-2493" name="transform.case023" fullname="Jsonata.Net.Native.TestSuite.Tests.transform.case023" methodname="Test" classname="Jsonata.Net.Native.TestSuite.Tests" runstate="Runnable" seed="1765091903" result="Passed" start-time="2021-10-26T21:39:44.3376521Z" end-time="2021-10-26T21:39:44.3377258Z" duration="0.000074" asserts="1">
                  <properties>
                    <property name="Description" value="expr: 'bar';&#xA; result: &quot;\&quot;Hello\&quot;&quot;" />
                  </properties>
                  <output><![CDATA[Expr is 'bar'
Result: '"\"Hello\""'
Expected: '"\"Hello\""'
]]></output>
                </test-case>
                <test-case id="0-2494" name="transform.case024" fullname="Jsonata.Net.Native.TestSuite.Tests.transform.case024" methodname="Test" classname="Jsonata.Net.Native.TestSuite.Tests" runstate="Runnable" seed="1327099114" result="Passed" start-time="2021-10-26T21:39:44.3377409Z" end-time="2021-10-26T21:39:44.3378064Z" duration="0.000066" asserts="1">
                  <properties>
                    <property name="Description" value="expr: '$';&#xA; result: &quot;\&quot;Hello\&quot;&quot;" />
                  </properties>
                  <output><![CDATA[Expr is '$'
Result: '"\"Hello\""'
Expected: '"\"Hello\""'
]]></output>
                </test-case>
                <test-case id="0-2495" name="transform.case025" fullname="Jsonata.Net.Native.TestSuite.Tests.transform.case025" methodname="Test" classname="Jsonata.Net.Native.TestSuite.Tests" runstate="Runnable" seed="678090317" result="Passed" start-time="2021-10-26T21:39:44.3378215Z" end-time="2021-10-26T21:39:44.3378951Z" duration="0.000074" asserts="1">
                  <properties>
                    <property name="Description" value="expr: 'bar';&#xA; result: &quot;'Hello'&quot;" />
                  </properties>
                  <output><![CDATA[Expr is 'bar'
Result: '"'Hello'"'
Expected: '"'Hello'"'
]]></output>
                </test-case>
                <test-case id="0-2496" name="transform.case026" fullname="Jsonata.Net.Native.TestSuite.Tests.transform.case026" methodname="Test" classname="Jsonata.Net.Native.TestSuite.Tests" runstate="Runnable" seed="256959401" result="Passed" start-time="2021-10-26T21:39:44.3379087Z" end-time="2021-10-26T21:39:44.3379709Z" duration="0.000062" asserts="1">
                  <properties>
                    <property name="Description" value="expr: '$';&#xA; result: &quot;'Hello'&quot;" />
                  </properties>
                  <output><![CDATA[Expr is '$'
Result: '"'Hello'"'
Expected: '"'Hello'"'
]]></output>
                </test-case>
                <test-case id="0-2497" name="transform.case027" fullname="Jsonata.Net.Native.TestSuite.Tests.transform.case027" methodname="Test" classname="Jsonata.Net.Native.TestSuite.Tests" runstate="Runnable" seed="1076720804" result="Passed" start-time="2021-10-26T21:39:44.3379845Z" end-time="2021-10-26T21:39:44.3381529Z" duration="0.000168" asserts="1">
                  <properties>
                    <property name="Description" value="expr: '$lowercase(Salutation)';&#xA; result: &quot;mr&quot;" />
                  </properties>
                  <output><![CDATA[Expr is '$lowercase(Salutation)'
Result: '"mr"'
Expected: '"mr"'
]]></output>
                </test-case>
                <test-case id="0-2498" name="transform.case028" fullname="Jsonata.Net.Native.TestSuite.Tests.transform.case028" methodname="Test" classname="Jsonata.Net.Native.TestSuite.Tests" runstate="Runnable" seed="223646222" result="Passed" start-time="2021-10-26T21:39:44.3381620Z" end-time="2021-10-26T21:39:44.3382686Z" duration="0.000107" asserts="1">
                  <properties>
                    <property name="Description" value="expr: '$lowercase(敷)';&#xA; result: &quot;steve&quot;" />
                  </properties>
                  <output><![CDATA[Expr is '$lowercase(敷)'
Result: '"steve"'
Expected: '"steve"'
]]></output>
                </test-case>
                <test-case id="0-2499" name="transform.case029" fullname="Jsonata.Net.Native.TestSuite.Tests.transform.case029" methodname="Test" classname="Jsonata.Net.Native.TestSuite.Tests" runstate="Runnable" seed="1066448921" result="Passed" start-time="2021-10-26T21:39:44.3382818Z" end-time="2021-10-26T21:39:44.3383815Z" duration="0.000100" asserts="1">
                  <properties>
                    <property name="Description" value="expr: '$lowercase(Español)';&#xA; result: &quot;/ˈspænɪʃ/&quot;" />
                  </properties>
                  <output><![CDATA[Expr is '$lowercase(Español)'
Result: '"/ˈspænɪʃ/"'
Expected: '"/ˈspænɪʃ/"'
]]></output>
                </test-case>
                <test-case id="0-2500" name="transform.case030" fullname="Jsonata.Net.Native.TestSuite.Tests.transform.case030" methodname="Test" classname="Jsonata.Net.Native.TestSuite.Tests" runstate="Runnable" seed="342532533" result="Passed" start-time="2021-10-26T21:39:44.3383887Z" end-time="2021-10-26T21:39:44.3384932Z" duration="0.000104" asserts="1">
                  <properties>
                    <property name="Description" value="expr: '$lowercase($.&quot;NI.Number&quot;)';&#xA; result: &quot;no10furbzness&quot;" />
                  </properties>
                  <output><![CDATA[Expr is '$lowercase($."NI.Number")'
Result: '"no10furbzness"'
Expected: '"no10furbzness"'
]]></output>
                </test-case>
                <test-case id="0-2501" name="transform.case031" fullname="Jsonata.Net.Native.TestSuite.Tests.transform.case031" methodname="Test" classname="Jsonata.Net.Native.TestSuite.Tests" runstate="Runnable" seed="1521827155" result="Passed" start-time="2021-10-26T21:39:44.3385004Z" end-time="2021-10-26T21:39:44.3386036Z" duration="0.000104" asserts="1">
                  <properties>
                    <property name="Description" value="expr: '$lowercase(&quot;COMPENSATION IS : &quot; &amp; Employment.&quot;Executive.Compensation&quot;)';&#xA; result: &quot;compensation is : 1400000&quot;" />
                  </properties>
                  <output><![CDATA[Expr is '$lowercase("COMPENSATION IS : " & Employment."Executive.Compensation")'
Result: '"compensation is : 1400000"'
Expected: '"compensation is : 1400000"'
]]></output>
                </test-case>
                <test-case id="0-2502" name="transform.case032" fullname="Jsonata.Net.Native.TestSuite.Tests.transform.case032" methodname="Test" classname="Jsonata.Net.Native.TestSuite.Tests" runstate="Runnable" seed="976040264" result="Passed" start-time="2021-10-26T21:39:44.3386109Z" end-time="2021-10-26T21:39:44.3386752Z" duration="0.000065" asserts="1">
                  <properties>
                    <property name="Description" value="expr: '&quot;Hello&quot;';&#xA; result: &quot;Hello&quot;" />
                  </properties>
                  <output><![CDATA[Expr is '"Hello"'
Result: '"Hello"'
Expected: '"Hello"'
]]></output>
                </test-case>
                <test-case id="0-2503" name="transform.case033" fullname="Jsonata.Net.Native.TestSuite.Tests.transform.case033" methodname="Test" classname="Jsonata.Net.Native.TestSuite.Tests" runstate="Runnable" seed="1384842445" result="Passed" start-time="2021-10-26T21:39:44.3386821Z" end-time="2021-10-26T21:39:44.3388394Z" duration="0.000157" asserts="1">
                  <properties>
                    <property name="Description" value="expr: '$uppercase(Salutation)';&#xA; result: &quot;MR&quot;" />
                  </properties>
                  <output><![CDATA[Expr is '$uppercase(Salutation)'
Result: '"MR"'
Expected: '"MR"'
]]></output>
                </test-case>
                <test-case id="0-2504" name="transform.case034" fullname="Jsonata.Net.Native.TestSuite.Tests.transform.case034" methodname="Test" classname="Jsonata.Net.Native.TestSuite.Tests" runstate="Runnable" seed="1407557566" result="Passed" start-time="2021-10-26T21:39:44.3388479Z" end-time="2021-10-26T21:39:44.3389269Z" duration="0.000079" asserts="1">
                  <properties>
                    <property name="Description" value="expr: '$uppercase(&quot;Hello World&quot;)';&#xA; result: &quot;HELLO WORLD&quot;" />
                  </properties>
                  <output><![CDATA[Expr is '$uppercase("Hello World")'
Result: '"HELLO WORLD"'
Expected: '"HELLO WORLD"'
]]></output>
                </test-case>
                <test-case id="0-2505" name="transform.case035" fullname="Jsonata.Net.Native.TestSuite.Tests.transform.case035" methodname="Test" classname="Jsonata.Net.Native.TestSuite.Tests" runstate="Runnable" seed="1931622303" result="Passed" start-time="2021-10-26T21:39:44.3389342Z" end-time="2021-10-26T21:39:44.3390048Z" duration="0.000071" asserts="1">
                  <properties>
                    <property name="Description" value="expr: '$uppercase(&quot;鯵噂ソ竹&quot;)';&#xA; result: &quot;鯵噂ソ竹&quot;" />
                  </properties>
                  <output><![CDATA[Expr is '$uppercase("鯵噂ソ竹")'
Result: '"鯵噂ソ竹"'
Expected: '"鯵噂ソ竹"'
]]></output>
                </test-case>
                <test-case id="0-2506" name="transform.case036" fullname="Jsonata.Net.Native.TestSuite.Tests.transform.case036" methodname="Test" classname="Jsonata.Net.Native.TestSuite.Tests" runstate="Runnable" seed="2144725066" result="Passed" start-time="2021-10-26T21:39:44.3390118Z" end-time="2021-10-26T21:39:44.3391032Z" duration="0.000092" asserts="1">
                  <properties>
                    <property name="Description" value="expr: 'Employment.Name &amp; &quot; is happy&quot;';&#xA; result: &quot;IBM UK is happy&quot;" />
                  </properties>
                  <output><![CDATA[Expr is 'Employment.Name & " is happy"'
Result: '"IBM UK is happy"'
Expected: '"IBM UK is happy"'
]]></output>
                </test-case>
                <test-case id="0-2507" name="transform.case037" fullname="Jsonata.Net.Native.TestSuite.Tests.transform.case037" methodname="Test" classname="Jsonata.Net.Native.TestSuite.Tests" runstate="Runnable" seed="1616861226" result="Passed" start-time="2021-10-26T21:39:44.3391105Z" end-time="2021-10-26T21:39:44.3392403Z" duration="0.000130" asserts="1">
                  <properties>
                    <property name="Description" value="expr: 'Employment.Name &amp; &quot; is pleased to employ &quot; &amp; Salutation &amp; &quot; &quot; &amp; Surname';&#xA; result: &quot;IBM UK is pleased to employ Mr Smith&quot;" />
                  </properties>
                  <output><![CDATA[Expr is 'Employment.Name & " is pleased to employ " & Salutation & " " & Surname'
Result: '"IBM UK is pleased to employ Mr Smith"'
Expected: '"IBM UK is pleased to employ Mr Smith"'
]]></output>
                </test-case>
                <test-case id="0-2508" name="transform.case038" fullname="Jsonata.Net.Native.TestSuite.Tests.transform.case038" methodname="Test" classname="Jsonata.Net.Native.TestSuite.Tests" runstate="Runnable" seed="572571958" result="Passed" start-time="2021-10-26T21:39:44.3392475Z" end-time="2021-10-26T21:39:44.3396042Z" duration="0.000357" asserts="1">
                  <properties>
                    <property name="Description" value="expr: '$uppercase(&quot;Hello &quot; &amp; Salutation &amp; &quot; &quot; &amp; Surname)';&#xA; result: &quot;HELLO MR SMITH&quot;" />
                  </properties>
                  <output><![CDATA[Expr is '$uppercase("Hello " & Salutation & " " & Surname)'
Result: '"HELLO MR SMITH"'
Expected: '"HELLO MR SMITH"'
]]></output>
                </test-case>
                <test-case id="0-2509" name="transform.case039" fullname="Jsonata.Net.Native.TestSuite.Tests.transform.case039" methodname="Test" classname="Jsonata.Net.Native.TestSuite.Tests" runstate="Runnable" seed="230639475" result="Passed" start-time="2021-10-26T21:39:44.3396163Z" end-time="2021-10-26T21:39:44.3397525Z" duration="0.000136" asserts="1">
                  <properties>
                    <property name="Description" value="expr: '$uppercase(Salutation &amp; &quot; &quot; &amp; Surname &amp; &quot; - has &quot; &amp; Cars &amp; &quot; registered cars&quot;)';&#xA; result: &quot;MR SMITH - HAS 3 REGISTERED CARS&quot;" />
                  </properties>
                  <output><![CDATA[Expr is '$uppercase(Salutation & " " & Surname & " - has " & Cars & " registered cars")'
Result: '"MR SMITH - HAS 3 REGISTERED CARS"'
Expected: '"MR SMITH - HAS 3 REGISTERED CARS"'
]]></output>
                </test-case>
                <test-case id="0-2510" name="transform.case040" fullname="Jsonata.Net.Native.TestSuite.Tests.transform.case040" methodname="Test" classname="Jsonata.Net.Native.TestSuite.Tests" runstate="Runnable" seed="126945173" result="Passed" start-time="2021-10-26T21:39:44.3397603Z" end-time="2021-10-26T21:39:44.3398584Z" duration="0.000098" asserts="1">
                  <properties>
                    <property name="Description" value="expr: '$uppercase(Employment.ContractType)';&#xA; result: &quot;PERMANENT&quot;" />
                  </properties>
                  <output><![CDATA[Expr is '$uppercase(Employment.ContractType)'
Result: '"PERMANENT"'
Expected: '"PERMANENT"'
]]></output>
                </test-case>
                <test-case id="0-2511" name="transform.case041" fullname="Jsonata.Net.Native.TestSuite.Tests.transform.case041" methodname="Test" classname="Jsonata.Net.Native.TestSuite.Tests" runstate="Runnable" seed="84922310" result="Passed" start-time="2021-10-26T21:39:44.3398657Z" end-time="2021-10-26T21:39:44.3400492Z" duration="0.000184" asserts="1">
                  <properties>
                    <property name="Description" value="expr: '$substringBefore(&quot;Hola&quot;, &quot;l&quot;)';&#xA; result: &quot;Ho&quot;" />
                  </properties>
                  <output><![CDATA[Expr is '$substringBefore("Hola", "l")'
Result: '"Ho"'
Expected: '"Ho"'
]]></output>
                </test-case>
                <test-case id="0-2512" name="transform.case042" fullname="Jsonata.Net.Native.TestSuite.Tests.transform.case042" methodname="Test" classname="Jsonata.Net.Native.TestSuite.Tests" runstate="Runnable" seed="1344190273" result="Passed" start-time="2021-10-26T21:39:44.3400576Z" end-time="2021-10-26T21:39:44.3401376Z" duration="0.000080" asserts="1">
                  <properties>
                    <property name="Description" value="expr: '$substringBefore(&quot;Hola&quot;, 'l')';&#xA; result: &quot;Ho&quot;" />
                  </properties>
                  <output><![CDATA[Expr is '$substringBefore("Hola", 'l')'
Result: '"Ho"'
Expected: '"Ho"'
]]></output>
                </test-case>
                <test-case id="0-2513" name="transform.case043" fullname="Jsonata.Net.Native.TestSuite.Tests.transform.case043" methodname="Test" classname="Jsonata.Net.Native.TestSuite.Tests" runstate="Runnable" seed="821792906" result="Passed" start-time="2021-10-26T21:39:44.3401452Z" end-time="2021-10-26T21:39:44.3402216Z" duration="0.000076" asserts="1">
                  <properties>
                    <property name="Description" value="expr: '$substringBefore(&quot;Hola&quot;, &quot;Q&quot;)';&#xA; result: &quot;Hola&quot;" />
                  </properties>
                  <output><![CDATA[Expr is '$substringBefore("Hola", "Q")'
Result: '"Hola"'
Expected: '"Hola"'
]]></output>
                </test-case>
                <test-case id="0-2514" name="transform.case044" fullname="Jsonata.Net.Native.TestSuite.Tests.transform.case044" methodname="Test" classname="Jsonata.Net.Native.TestSuite.Tests" runstate="Runnable" seed="1839237520" result="Passed" start-time="2021-10-26T21:39:44.3402285Z" end-time="2021-10-26T21:39:44.3402994Z" duration="0.000071" asserts="1">
                  <properties>
                    <property name="Description" value="expr: '$substringBefore(&quot;Hola&quot;, &quot;&quot;)';&#xA; result: &quot;&quot;" />
                  </properties>
                  <output><![CDATA[Expr is '$substringBefore("Hola", "")'
Result: '""'
Expected: '""'
]]></output>
                </test-case>
                <test-case id="0-2515" name="transform.case045" fullname="Jsonata.Net.Native.TestSuite.Tests.transform.case045" methodname="Test" classname="Jsonata.Net.Native.TestSuite.Tests" runstate="Runnable" seed="1621098752" result="Passed" start-time="2021-10-26T21:39:44.3403067Z" end-time="2021-10-26T21:39:44.3404001Z" duration="0.000094" asserts="1">
                  <properties>
                    <property name="Description" value="expr: '$substringBefore(&quot;鯵噂ソ竹&quot;, &quot;ソ&quot;)';&#xA; result: &quot;鯵噂&quot;" />
                  </properties>
                  <output><![CDATA[Expr is '$substringBefore("鯵噂ソ竹", "ソ")'
Result: '"鯵噂"'
Expected: '"鯵噂"'
]]></output>
                </test-case>
                <test-case id="0-2516" name="transform.case046" fullname="Jsonata.Net.Native.TestSuite.Tests.transform.case046" methodname="Test" classname="Jsonata.Net.Native.TestSuite.Tests" runstate="Runnable" seed="1063888237" result="Passed" start-time="2021-10-26T21:39:44.3404076Z" end-time="2021-10-26T21:39:44.3405842Z" duration="0.000177" asserts="1">
                  <properties>
                    <property name="Description" value="expr: '$substringAfter(&quot;Coca&quot; &amp; &quot;Cola&quot;, &quot;ca&quot;)';&#xA; result: &quot;Cola&quot;" />
                  </properties>
                  <output><![CDATA[Expr is '$substringAfter("Coca" & "Cola", "ca")'
Result: '"Cola"'
Expected: '"Cola"'
]]></output>
                </test-case>
                <test-case id="0-2517" name="transform.case047" fullname="Jsonata.Net.Native.TestSuite.Tests.transform.case047" methodname="Test" classname="Jsonata.Net.Native.TestSuite.Tests" runstate="Runnable" seed="863519095" result="Passed" start-time="2021-10-26T21:39:44.3405930Z" end-time="2021-10-26T21:39:44.3407442Z" duration="0.000152" asserts="1">
                  <properties>
                    <property name="Description" value="expr: '$substringAfter(Salutation &amp; &quot; &quot; &amp; MiddleName &amp;&quot; &quot; &amp; Surname, MiddleName)';&#xA; result: &quot; Smith&quot;" />
                  </properties>
                  <output><![CDATA[Expr is '$substringAfter(Salutation & " " & MiddleName &" " & Surname, MiddleName)'
Result: '" Smith"'
Expected: '" Smith"'
]]></output>
                </test-case>
                <test-case id="0-2518" name="transform.case048" fullname="Jsonata.Net.Native.TestSuite.Tests.transform.case048" methodname="Test" classname="Jsonata.Net.Native.TestSuite.Tests" runstate="Runnable" seed="725438373" result="Passed" start-time="2021-10-26T21:39:44.3407520Z" end-time="2021-10-26T21:39:44.3408797Z" duration="0.000128" asserts="1">
                  <properties>
                    <property name="Description" value="expr: '$substringAfter(Salutation &amp; &quot; &quot; &amp; Employment.Role, Salutation)';&#xA; result: &quot; Senior Physician&quot;" />
                  </properties>
                  <output><![CDATA[Expr is '$substringAfter(Salutation & " " & Employment.Role, Salutation)'
Result: '" Senior Physician"'
Expected: '" Senior Physician"'
]]></output>
                </test-case>
                <test-case id="0-2519" name="transform.case049" fullname="Jsonata.Net.Native.TestSuite.Tests.transform.case049" methodname="Test" classname="Jsonata.Net.Native.TestSuite.Tests" runstate="Runnable" seed="1114782647" result="Passed" start-time="2021-10-26T21:39:44.3408876Z" end-time="2021-10-26T21:39:44.3409727Z" duration="0.000085" asserts="1">
                  <properties>
                    <property name="Description" value="expr: '$substringAfter(&quot;Hola&quot;, 'l')';&#xA; result: &quot;a&quot;" />
                  </properties>
                  <output><![CDATA[Expr is '$substringAfter("Hola", 'l')'
Result: '"a"'
Expected: '"a"'
]]></output>
                </test-case>
                <test-case id="0-2520" name="transform.case050" fullname="Jsonata.Net.Native.TestSuite.Tests.transform.case050" methodname="Test" classname="Jsonata.Net.Native.TestSuite.Tests" runstate="Runnable" seed="2129635743" result="Passed" start-time="2021-10-26T21:39:44.3409797Z" end-time="2021-10-26T21:39:44.3410530Z" duration="0.000073" asserts="1">
                  <properties>
                    <property name="Description" value="expr: '$substringAfter(&quot;Hola&quot;, &quot;Q&quot;)';&#xA; result: &quot;Hola&quot;" />
                  </properties>
                  <output><![CDATA[Expr is '$substringAfter("Hola", "Q")'
Result: '"Hola"'
Expected: '"Hola"'
]]></output>
                </test-case>
                <test-case id="0-2521" name="transform.case051" fullname="Jsonata.Net.Native.TestSuite.Tests.transform.case051" methodname="Test" classname="Jsonata.Net.Native.TestSuite.Tests" runstate="Runnable" seed="334148700" result="Passed" start-time="2021-10-26T21:39:44.3410600Z" end-time="2021-10-26T21:39:44.3411819Z" duration="0.000122" asserts="1">
                  <properties>
                    <property name="Description" value="expr: '$lowercase(Employment.Role) &amp; &quot; (&quot; &amp; Employment.Role &amp; &quot;)&quot;';&#xA; result: &quot;senior physician (Senior Physician)&quot;" />
                  </properties>
                  <output><![CDATA[Expr is '$lowercase(Employment.Role) & " (" & Employment.Role & ")"'
Result: '"senior physician (Senior Physician)"'
Expected: '"senior physician (Senior Physician)"'
]]></output>
                </test-case>
                <test-case id="0-2522" name="transform.case052" fullname="Jsonata.Net.Native.TestSuite.Tests.transform.case052" methodname="Test" classname="Jsonata.Net.Native.TestSuite.Tests" runstate="Runnable" seed="1268397015" result="Passed" start-time="2021-10-26T21:39:44.3411895Z" end-time="2021-10-26T21:39:44.3412797Z" duration="0.000090" asserts="1">
                  <properties>
                    <property name="Description" value="expr: 'Employment.Years &amp; &quot; years of employment&quot;';&#xA; result: &quot;12 years of employment&quot;" />
                  </properties>
                  <output><![CDATA[Expr is 'Employment.Years & " years of employment"'
Result: '"12 years of employment"'
Expected: '"12 years of employment"'
]]></output>
                </test-case>
                <test-case id="0-2523" name="transform.case053" fullname="Jsonata.Net.Native.TestSuite.Tests.transform.case053" methodname="Test" classname="Jsonata.Net.Native.TestSuite.Tests" runstate="Runnable" seed="562780436" result="Passed" start-time="2021-10-26T21:39:44.3412867Z" end-time="2021-10-26T21:39:44.3414303Z" duration="0.000144" asserts="1">
                  <properties>
                    <property name="Description" value="expr: '$uppercase(Salutation &amp; &quot; &quot; &amp; Surname &amp; &quot; - has &quot; &amp; Employment.Years &amp; &quot; years of employment&quot;)';&#xA; result: &quot;MR SMITH - HAS 12 YEARS OF EMPLOYMENT&quot;" />
                  </properties>
                  <output><![CDATA[Expr is '$uppercase(Salutation & " " & Surname & " - has " & Employment.Years & " years of employment")'
Result: '"MR SMITH - HAS 12 YEARS OF EMPLOYMENT"'
Expected: '"MR SMITH - HAS 12 YEARS OF EMPLOYMENT"'
]]></output>
                </test-case>
                <test-case id="0-2524" name="transform.case054" fullname="Jsonata.Net.Native.TestSuite.Tests.transform.case054" methodname="Test" classname="Jsonata.Net.Native.TestSuite.Tests" runstate="Runnable" seed="465941746" result="Passed" start-time="2021-10-26T21:39:44.3414417Z" end-time="2021-10-26T21:39:44.3416621Z" duration="0.000220" asserts="1">
                  <properties>
                    <property name="Description" value="expr: '$substring(Employment.Role, 7,4)';&#xA; result: &quot;Phys&quot;" />
                  </properties>
                  <output><![CDATA[Expr is '$substring(Employment.Role, 7,4)'
Result: '"Phys"'
Expected: '"Phys"'
]]></output>
                </test-case>
                <test-case id="0-2525" name="transform.case055" fullname="Jsonata.Net.Native.TestSuite.Tests.transform.case055" methodname="Test" classname="Jsonata.Net.Native.TestSuite.Tests" runstate="Runnable" seed="1498415646" result="Passed" start-time="2021-10-26T21:39:44.3416702Z" end-time="2021-10-26T21:39:44.3421122Z" duration="0.000442" asserts="1">
                  <properties>
                    <property name="Description" value="expr: '$substring(Employment.Role, -4,4)';&#xA; result: &quot;cian&quot;" />
                  </properties>
                  <output><![CDATA[Expr is '$substring(Employment.Role, -4,4)'
Result: '"cian"'
Expected: '"cian"'
]]></output>
                </test-case>
                <test-case id="0-2526" name="transform.case056" fullname="Jsonata.Net.Native.TestSuite.Tests.transform.case056" methodname="Test" classname="Jsonata.Net.Native.TestSuite.Tests" runstate="Runnable" seed="1027256302" result="Passed" start-time="2021-10-26T21:39:44.3421212Z" end-time="2021-10-26T21:39:44.3422254Z" duration="0.000104" asserts="1">
                  <properties>
                    <property name="Description" value="expr: '$substring(&quot;Hello World&quot;,Cars,5)';&#xA; result: &quot;lo Wo&quot;" />
                  </properties>
                  <output><![CDATA[Expr is '$substring("Hello World",Cars,5)'
Result: '"lo Wo"'
Expected: '"lo Wo"'
]]></output>
                </test-case>
                <test-case id="0-2527" name="transform.case057" fullname="Jsonata.Net.Native.TestSuite.Tests.transform.case057" methodname="Test" classname="Jsonata.Net.Native.TestSuite.Tests" runstate="Runnable" seed="1048842584" result="Skipped" label="Ignored" start-time="2021-10-26T21:39:44.3422332Z" end-time="2021-10-26T21:39:44.3428708Z" duration="0.000638" asserts="0">
                  <properties>
                    <property name="Description" value="expr: '$lowercase(&quot;Missing close brackets&quot;';&#xA; result: error S0203" />
                  </properties>
                  <reason>
                    <message><![CDATA[Failed with exception: expected token 'typeParenClose' before end of expression
(ErrMissingToken)
   at Jsonata.Net.Native.Parsing.Parser.consume(TokenType expected, Boolean allowRegex) in F:\Projects\_NuGet\jsonata.net.native\src\Jsonata.Net.Native\Parsing\Parser.cs:line 195
   at Jsonata.Net.Native.Parsing.Parser.parseFunctionCall(Token t, Node lhs) in F:\Projects\_NuGet\jsonata.net.native\src\Jsonata.Net.Native\Parsing\Parser_Leds.cs:line 43
   at Jsonata.Net.Native.Parsing.Parser.parseExpression(Int32 rbp) in F:\Projects\_NuGet\jsonata.net.native\src\Jsonata.Net.Native\Parsing\Parser.cs:line 230
   at Jsonata.Net.Native.Parsing.Parser.Parse(String queryText) in F:\Projects\_NuGet\jsonata.net.native\src\Jsonata.Net.Native\Parsing\Parser.cs:line 18
   at Jsonata.Net.Native.JsonataQuery..ctor(String queryText) in F:\Projects\_NuGet\jsonata.net.native\src\Jsonata.Net.Native\JsonataQuery.cs:line 21
   at Jsonata.Net.Native.TestSuite.Tests.Test(CaseInfo caseInfo) in F:\Projects\_NuGet\jsonata.net.native\src\Jsonata.Net.Native.TestSuite\UnitTest1.cs:line 74]]></message>
                  </reason>
                  <output><![CDATA[Expr is '$lowercase("Missing close brackets"'
]]></output>
                </test-case>
                <test-case id="0-2528" name="transform.case058" fullname="Jsonata.Net.Native.TestSuite.Tests.transform.case058" methodname="Test" classname="Jsonata.Net.Native.TestSuite.Tests" runstate="Runnable" seed="1944196370" result="Passed" start-time="2021-10-26T21:39:44.3428810Z" end-time="2021-10-26T21:39:44.3435808Z" duration="0.000699" asserts="0">
                  <properties>
                    <property name="Description" value="expr: '$unknown(Salutation)';&#xA; result: error T1006" />
                  </properties>
                  <reason>
                    <message><![CDATA[Expected to throw error with code T1006]]></message>
                  </reason>
                  <output><![CDATA[Expr is '$unknown(Salutation)'
]]></output>
                </test-case>
                <test-case id="0-2529" name="transform.case059" fullname="Jsonata.Net.Native.TestSuite.Tests.transform.case059" methodname="Test" classname="Jsonata.Net.Native.TestSuite.Tests" runstate="Runnable" seed="764389075" result="Passed" start-time="2021-10-26T21:39:44.3435916Z" end-time="2021-10-26T21:39:44.3439491Z" duration="0.000357" asserts="0">
                  <properties>
                    <property name="Description" value="expr: '$decrypt(Salutation)';&#xA; result: error T1006" />
                  </properties>
                  <reason>
                    <message><![CDATA[Expected to throw error with code T1006]]></message>
                  </reason>
                  <output><![CDATA[Expr is '$decrypt(Salutation)'
]]></output>
                </test-case>
                <test-case id="0-2530" name="transform.case060" fullname="Jsonata.Net.Native.TestSuite.Tests.transform.case060" methodname="Test" classname="Jsonata.Net.Native.TestSuite.Tests" runstate="Runnable" seed="1887918438" result="Passed" start-time="2021-10-26T21:39:44.3439584Z" end-time="2021-10-26T21:39:44.3449268Z" duration="0.000968" asserts="0">
                  <properties>
                    <property name="Description" value="expr: 'Employment.authentication(Salutation)';&#xA; result: error T1006" />
                  </properties>
                  <reason>
                    <message><![CDATA[Expected to throw error with code T1006]]></message>
                  </reason>
                  <output><![CDATA[Expr is 'Employment.authentication(Salutation)'
]]></output>
                </test-case>
                <test-case id="0-2531" name="transform.case061" fullname="Jsonata.Net.Native.TestSuite.Tests.transform.case061" methodname="Test" classname="Jsonata.Net.Native.TestSuite.Tests" runstate="Runnable" seed="893188329" result="Passed" start-time="2021-10-26T21:39:44.3449383Z" end-time="2021-10-26T21:39:44.3451689Z" duration="0.000231" asserts="1">
                  <properties>
                    <property name="Description" value="expr: '$uppercase(Invalid)';&#xA; result: undefined" />
                  </properties>
                  <output><![CDATA[Expr is '$uppercase(Invalid)'
Result: 'undefined'
Expected 'undefined'
]]></output>
                </test-case>
                <test-case id="0-2532" name="transform.case062" fullname="Jsonata.Net.Native.TestSuite.Tests.transform.case062" methodname="Test" classname="Jsonata.Net.Native.TestSuite.Tests" runstate="Runnable" seed="1872303292" result="Passed" start-time="2021-10-26T21:39:44.3451783Z" end-time="2021-10-26T21:39:44.3452975Z" duration="0.000120" asserts="1">
                  <properties>
                    <property name="Description" value="expr: '$uppercase(Employment.Invalid)';&#xA; result: undefined" />
                  </properties>
                  <output><![CDATA[Expr is '$uppercase(Employment.Invalid)'
Result: 'undefined'
Expected 'undefined'
]]></output>
                </test-case>
                <test-case id="0-2533" name="transform.case063" fullname="Jsonata.Net.Native.TestSuite.Tests.transform.case063" methodname="Test" classname="Jsonata.Net.Native.TestSuite.Tests" runstate="Runnable" seed="2134683364" result="Passed" start-time="2021-10-26T21:39:44.3453054Z" end-time="2021-10-26T21:39:44.3456504Z" duration="0.000345" asserts="0">
                  <properties>
                    <property name="Description" value="expr: '$lowercase(&quot;Coca&quot;, &quot;Cola&quot;)';&#xA; result: error T0410" />
                  </properties>
                  <reason>
                    <message><![CDATA[Expected to throw error with code T0410]]></message>
                  </reason>
                  <output><![CDATA[Expr is '$lowercase("Coca", "Cola")'
]]></output>
                </test-case>
                <test-case id="0-2534" name="transform.case064" fullname="Jsonata.Net.Native.TestSuite.Tests.transform.case064" methodname="Test" classname="Jsonata.Net.Native.TestSuite.Tests" runstate="Runnable" seed="1208462867" result="Passed" start-time="2021-10-26T21:39:44.3456595Z" end-time="2021-10-26T21:39:44.3460317Z" duration="0.000372" asserts="0">
                  <properties>
                    <property name="Description" value="expr: '$lowercase(Salary)';&#xA; result: error T0410" />
                  </properties>
                  <reason>
                    <message><![CDATA[Expected to throw error with code T0410]]></message>
                  </reason>
                  <output><![CDATA[Expr is '$lowercase(Salary)'
]]></output>
                </test-case>
                <test-case id="0-2535" name="transform.case065" fullname="Jsonata.Net.Native.TestSuite.Tests.transform.case065" methodname="Test" classname="Jsonata.Net.Native.TestSuite.Tests" runstate="Runnable" seed="1474283591" result="Passed" start-time="2021-10-26T21:39:44.3460465Z" end-time="2021-10-26T21:39:44.3463676Z" duration="0.000321" asserts="0">
                  <properties>
                    <property name="Description" value="expr: '$lowercase(20)';&#xA; result: error T0410" />
                  </properties>
                  <reason>
                    <message><![CDATA[Expected to throw error with code T0410]]></message>
                  </reason>
                  <output><![CDATA[Expr is '$lowercase(20)'
]]></output>
                </test-case>
                <test-case id="0-2536" name="transform.case066" fullname="Jsonata.Net.Native.TestSuite.Tests.transform.case066" methodname="Test" classname="Jsonata.Net.Native.TestSuite.Tests" runstate="Runnable" seed="1210845441" result="Passed" start-time="2021-10-26T21:39:44.3463773Z" end-time="2021-10-26T21:39:44.3469515Z" duration="0.000574" asserts="0">
                  <properties>
                    <property name="Description" value="expr: '$lowercase(20.55)';&#xA; result: error T0410" />
                  </properties>
                  <reason>
                    <message><![CDATA[Expected to throw error with code T0410]]></message>
                  </reason>
                  <output><![CDATA[Expr is '$lowercase(20.55)'
]]></output>
                </test-case>
                <test-case id="0-2537" name="transform.case067" fullname="Jsonata.Net.Native.TestSuite.Tests.transform.case067" methodname="Test" classname="Jsonata.Net.Native.TestSuite.Tests" runstate="Runnable" seed="1958487999" result="Passed" start-time="2021-10-26T21:39:44.3469617Z" end-time="2021-10-26T21:39:44.3512462Z" duration="0.004285" asserts="0">
                  <properties>
                    <property name="Description" value="expr: '$lowercase(Employment)';&#xA; result: error T0410" />
                  </properties>
                  <reason>
                    <message><![CDATA[Expected to throw error with code T0410]]></message>
                  </reason>
                  <output><![CDATA[Expr is '$lowercase(Employment)'
]]></output>
                </test-case>
                <test-case id="0-2538" name="transform.case068" fullname="Jsonata.Net.Native.TestSuite.Tests.transform.case068" methodname="Test" classname="Jsonata.Net.Native.TestSuite.Tests" runstate="Runnable" seed="559229002" result="Passed" start-time="2021-10-26T21:39:44.3513337Z" end-time="2021-10-26T21:39:44.3517856Z" duration="0.000452" asserts="0">
                  <properties>
                    <property name="Description" value="expr: '$lowercase(Qualifications)';&#xA; result: error T0410" />
                  </properties>
                  <reason>
                    <message><![CDATA[Expected to throw error with code T0410]]></message>
                  </reason>
                  <output><![CDATA[Expr is '$lowercase(Qualifications)'
]]></output>
                </test-case>
                <test-case id="0-2539" name="transform.case069" fullname="Jsonata.Net.Native.TestSuite.Tests.transform.case069" methodname="Test" classname="Jsonata.Net.Native.TestSuite.Tests" runstate="Runnable" seed="403100931" result="Passed" start-time="2021-10-26T21:39:44.3517971Z" end-time="2021-10-26T21:39:44.3520902Z" duration="0.000293" asserts="0">
                  <properties>
                    <property name="Description" value="expr: '$uppercase(&quot;Coca&quot;, &quot;Cola&quot;)';&#xA; result: error T0410" />
                  </properties>
                  <reason>
                    <message><![CDATA[Expected to throw error with code T0410]]></message>
                  </reason>
                  <output><![CDATA[Expr is '$uppercase("Coca", "Cola")'
]]></output>
                </test-case>
                <test-case id="0-2540" name="transform.case070" fullname="Jsonata.Net.Native.TestSuite.Tests.transform.case070" methodname="Test" classname="Jsonata.Net.Native.TestSuite.Tests" runstate="Runnable" seed="1363824208" result="Passed" start-time="2021-10-26T21:39:44.3520996Z" end-time="2021-10-26T21:39:44.3524141Z" duration="0.000315" asserts="0">
                  <properties>
[...]
   at Jsonata.Net.Native.TestSuite.Tests.Test(CaseInfo caseInfo) in F:\Projects\_NuGet\jsonata.net.native\src\Jsonata.Net.Native.TestSuite\UnitTest1.cs:line 75]]></message>
                  </reason>
                  <output><![CDATA[Expr is '$ ~> | ** [hi] | {'hello': hi}, ['hi'] |'
]]></output>
                </test-case>
                <test-case id="0-2589" name="variables.case000" fullname="Jsonata.Net.Native.TestSuite.Tests.variables.case000" methodname="Test" classname="Jsonata.Net.Native.TestSuite.Tests" runstate="Runnable" seed="1200079034" result="Passed" start-time="2021-10-26T21:39:44.3786171Z" end-time="2021-10-26T21:39:44.3788598Z" duration="0.000242" asserts="1">
                  <properties>
                    <property name="Description" value="expr: '$price.foo.bar';&#xA; result: 45" />
                  </properties>
                  <output><![CDATA[Expr is '$price.foo.bar'
Result: '45'
Expected: '45'
]]></output>
                </test-case>
                <test-case id="0-2590" name="variables.case001" fullname="Jsonata.Net.Native.TestSuite.Tests.variables.case001" methodname="Test" classname="Jsonata.Net.Native.TestSuite.Tests" runstate="Runnable" seed="1220853451" result="Passed" start-time="2021-10-26T21:39:44.3792905Z" end-time="2021-10-26T21:39:44.3794777Z" duration="0.000187" asserts="1">
                  <properties>
                    <property name="Description" value="expr: '$price.foo.bar';&#xA; result: 45" />
                  </properties>
                  <output><![CDATA[Expr is '$price.foo.bar'
Result: '45'
Expected: '45'
]]></output>
                </test-case>
                <test-case id="0-2591" name="variables.case002" fullname="Jsonata.Net.Native.TestSuite.Tests.variables.case002" methodname="Test" classname="Jsonata.Net.Native.TestSuite.Tests" runstate="Runnable" seed="797585613" result="Passed" start-time="2021-10-26T21:39:44.3847698Z" end-time="2021-10-26T21:39:44.3851625Z" duration="0.000393" asserts="1">
                  <properties>
                    <property name="Description" value="expr: '$var[1]';&#xA; result: 2" />
                  </properties>
                  <output><![CDATA[Expr is '$var[1]'
Result: '2'
Expected: '2'
]]></output>
                </test-case>
                <test-case id="0-2592" name="variables.case003" fullname="Jsonata.Net.Native.TestSuite.Tests.variables.case003" methodname="Test" classname="Jsonata.Net.Native.TestSuite.Tests" runstate="Runnable" seed="1039587300" result="Passed" start-time="2021-10-26T21:39:44.3885646Z" end-time="2021-10-26T21:39:44.3887231Z" duration="0.000158" asserts="1">
                  <properties>
                    <property name="Description" value="expr: '$.foo.bar';&#xA; result: 42" />
                  </properties>
                  <output><![CDATA[Expr is '$.foo.bar'
Result: '42'
Expected: '42'
]]></output>
                </test-case>
                <test-case id="0-2593" name="variables.case004" fullname="Jsonata.Net.Native.TestSuite.Tests.variables.case004" methodname="Test" classname="Jsonata.Net.Native.TestSuite.Tests" runstate="Runnable" seed="650087082" result="Passed" start-time="2021-10-26T21:39:44.3888921Z" end-time="2021-10-26T21:39:44.3889664Z" duration="0.000074" asserts="1">
                  <properties>
                    <property name="Description" value="expr: '$a := 5';&#xA; result: 5" />
                  </properties>
                  <output><![CDATA[Expr is '$a := 5'
Result: '5'
Expected: '5'
]]></output>
                </test-case>
                <test-case id="0-2594" name="variables.case005" fullname="Jsonata.Net.Native.TestSuite.Tests.variables.case005" methodname="Test" classname="Jsonata.Net.Native.TestSuite.Tests" runstate="Runnable" seed="1646218577" result="Passed" start-time="2021-10-26T21:39:44.3891037Z" end-time="2021-10-26T21:39:44.3891728Z" duration="0.000069" asserts="1">
                  <properties>
                    <property name="Description" value="expr: '$a := $b := 5';&#xA; result: 5" />
                  </properties>
                  <output><![CDATA[Expr is '$a := $b := 5'
Result: '5'
Expected: '5'
]]></output>
                </test-case>
                <test-case id="0-2595" name="variables.case006" fullname="Jsonata.Net.Native.TestSuite.Tests.variables.case006" methodname="Test" classname="Jsonata.Net.Native.TestSuite.Tests" runstate="Runnable" seed="267941726" result="Passed" start-time="2021-10-26T21:39:44.3893150Z" end-time="2021-10-26T21:39:44.3893881Z" duration="0.000073" asserts="1">
                  <properties>
                    <property name="Description" value="expr: '($a := $b := 5; $a)';&#xA; result: 5" />
                  </properties>
                  <output><![CDATA[Expr is '($a := $b := 5; $a)'
Result: '5'
Expected: '5'
]]></output>
                </test-case>
                <test-case id="0-2596" name="variables.case007" fullname="Jsonata.Net.Native.TestSuite.Tests.variables.case007" methodname="Test" classname="Jsonata.Net.Native.TestSuite.Tests" runstate="Runnable" seed="437274614" result="Passed" start-time="2021-10-26T21:39:44.3914861Z" end-time="2021-10-26T21:39:44.3916086Z" duration="0.000122" asserts="1">
                  <properties>
                    <property name="Description" value="expr: '($a := $b := 5; $b)';&#xA; result: 5" />
                  </properties>
                  <output><![CDATA[Expr is '($a := $b := 5; $b)'
Result: '5'
Expected: '5'
]]></output>
                </test-case>
                <test-case id="0-2597" name="variables.case008" fullname="Jsonata.Net.Native.TestSuite.Tests.variables.case008" methodname="Test" classname="Jsonata.Net.Native.TestSuite.Tests" runstate="Runnable" seed="501188654" result="Skipped" label="Ignored" start-time="2021-10-26T21:39:44.3918577Z" end-time="2021-10-26T21:39:44.4056372Z" duration="0.013780" asserts="0">
                  <properties>
                    <property name="Description" value="expr: '( $a := 5; $a := $a + 2; $a )';&#xA; result: 7" />
                  </properties>
                  <reason>
                    <message><![CDATA[Failed with exception: An item with the same key has already been added. Key: a
(ArgumentException)
   at System.Collections.Generic.Dictionary`2.TryInsert(TKey key, TValue value, InsertionBehavior behavior)
   at System.Collections.Generic.Dictionary`2.Add(TKey key, TValue value)
   at Jsonata.Net.Native.Eval.Environment.Bind(String name, JToken value) in F:\Projects\_NuGet\jsonata.net.native\src\Jsonata.Net.Native\Eval\Environment.cs:line 56
   at Jsonata.Net.Native.Eval.EvalProcessor.evalAssignment(AssignmentNode assignmentNode, JToken input, Environment env) in F:\Projects\_NuGet\jsonata.net.native\src\Jsonata.Net.Native\Eval\EvalProcessor.cs:line 230
   at Jsonata.Net.Native.Eval.EvalProcessor.EvalInternal(Node node, JToken input, Environment env) in F:\Projects\_NuGet\jsonata.net.native\src\Jsonata.Net.Native\Eval\EvalProcessor.cs:line 102
   at Jsonata.Net.Native.Eval.EvalProcessor.Eval(Node node, JToken input, Environment env) in F:\Projects\_NuGet\jsonata.net.native\src\Jsonata.Net.Native\Eval\EvalProcessor.cs:line 50
   at Jsonata.Net.Native.Eval.EvalProcessor.evalBlock(BlockNode blockNode, JToken input, Environment env) in F:\Projects\_NuGet\jsonata.net.native\src\Jsonata.Net.Native\Eval\EvalProcessor.cs:line 245
   at Jsonata.Net.Native.Eval.EvalProcessor.EvalInternal(Node node, JToken input, Environment env) in F:\Projects\_NuGet\jsonata.net.native\src\Jsonata.Net.Native\Eval\EvalProcessor.cs:line 98
   at Jsonata.Net.Native.Eval.EvalProcessor.Eval(Node node, JToken input, Environment env) in F:\Projects\_NuGet\jsonata.net.native\src\Jsonata.Net.Native\Eval\EvalProcessor.cs:line 50
   at Jsonata.Net.Native.Eval.EvalProcessor.EvaluateJson(Node rootNode, JToken data, JObject bindings) in F:\Projects\_NuGet\jsonata.net.native\src\Jsonata.Net.Native\Eval\EvalProcessor.cs:line 36
   at Jsonata.Net.Native.JsonataQuery.Eval(JToken data, JObject bindings) in F:\Projects\_NuGet\jsonata.net.native\src\Jsonata.Net.Native\JsonataQuery.cs:line 39
   at Jsonata.Net.Native.TestSuite.Tests.Test(CaseInfo caseInfo) in F:\Projects\_NuGet\jsonata.net.native\src\Jsonata.Net.Native.TestSuite\UnitTest1.cs:line 75]]></message>
                  </reason>
                  <output><![CDATA[Expr is '( $a := 5; $a := $a + 2; $a )'
]]></output>
                </test-case>
                <test-case id="0-2598" name="variables.case009" fullname="Jsonata.Net.Native.TestSuite.Tests.variables.case009" methodname="Test" classname="Jsonata.Net.Native.TestSuite.Tests" runstate="Runnable" seed="560230807" result="Passed" start-time="2021-10-26T21:39:44.4058240Z" end-time="2021-10-26T21:39:44.4061244Z" duration="0.000300" asserts="1">
                  <properties>
                    <property name="Description" value="expr: '[1,2,3].$v';&#xA; result: undefined" />
                  </properties>
                  <output><![CDATA[Expr is '[1,2,3].$v'
Result: 'undefined'
Expected 'undefined'
]]></output>
                </test-case>
                <test-case id="0-2599" name="variables.case010" fullname="Jsonata.Net.Native.TestSuite.Tests.variables.case010" methodname="Test" classname="Jsonata.Net.Native.TestSuite.Tests" runstate="Runnable" seed="1029410089" result="Passed" start-time="2021-10-26T21:39:44.4061549Z" end-time="2021-10-26T21:39:44.4062424Z" duration="0.000087" asserts="1">
                  <properties>
                    <property name="Description" value="expr: '( $foo := &quot;defined&quot;; ( $foo := nothing ); $foo )';&#xA; result: &quot;defined&quot;" />
                  </properties>
                  <output><![CDATA[Expr is '( $foo := "defined"; ( $foo := nothing ); $foo )'
Result: '"defined"'
Expected: '"defined"'
]]></output>
                </test-case>
                <test-case id="0-2600" name="variables.case011" fullname="Jsonata.Net.Native.TestSuite.Tests.variables.case011" methodname="Test" classname="Jsonata.Net.Native.TestSuite.Tests" runstate="Runnable" seed="1502334501" result="Passed" start-time="2021-10-26T21:39:44.4063342Z" end-time="2021-10-26T21:39:44.4064269Z" duration="0.000092" asserts="1">
                  <properties>
                    <property name="Description" value="expr: '( $foo := &quot;defined&quot;; ( $foo := nothing; $foo ) )';&#xA; result: undefined" />
                  </properties>
                  <output><![CDATA[Expr is '( $foo := "defined"; ( $foo := nothing; $foo ) )'
Result: 'undefined'
Expected 'undefined'
]]></output>
                </test-case>
                <test-case id="0-2601" name="variables.case012" fullname="Jsonata.Net.Native.TestSuite.Tests.variables.case012" methodname="Test" classname="Jsonata.Net.Native.TestSuite.Tests" runstate="Runnable" seed="169889382" result="Passed" start-time="2021-10-26T21:39:44.4064564Z" end-time="2021-10-26T21:39:44.4068172Z" duration="0.000361" asserts="0">
                  <properties>
                    <property name="Description" value="expr: '($a := [1,2]; $a[1]:=3; $a)';&#xA; result: error S0212" />
                  </properties>
                  <reason>
                    <message><![CDATA[Expected to throw error with code S0212]]></message>
                  </reason>
                  <output><![CDATA[Expr is '($a := [1,2]; $a[1]:=3; $a)'
]]></output>
                </test-case>
                <test-case id="0-2602" name="wildcards.case000" fullname="Jsonata.Net.Native.TestSuite.Tests.wildcards.case000" methodname="Test" classname="Jsonata.Net.Native.TestSuite.Tests" runstate="Runnable" seed="1150183695" result="Passed" start-time="2021-10-26T21:39:44.4078496Z" end-time="2021-10-26T21:39:44.4099131Z" duration="0.002064" asserts="1">
                  <properties>
                    <property name="Description" value="expr: 'foo.*';&#xA; result: [42,{&quot;baz&quot;:{&quot;fud&quot;:&quot;hello&quot;}},{&quot;baz&quot;:{&quot;fud&quot;:&quot;world&quot;}},{&quot;bazz&quot;:&quot;gotcha&quot;},&quot;here&quot;]" />
                  </properties>
                  <output><![CDATA[Expr is 'foo.*'
Result: '[42,{"baz":{"fud":"hello"}},{"baz":{"fud":"world"}},{"bazz":"gotcha"},"here"]'
Expected: '[42,{"baz":{"fud":"hello"}},{"baz":{"fud":"world"}},{"bazz":"gotcha"},"here"]'
]]></output>
                </test-case>
                <test-case id="0-2603" name="wildcards.case001" fullname="Jsonata.Net.Native.TestSuite.Tests.wildcards.case001" methodname="Test" classname="Jsonata.Net.Native.TestSuite.Tests" runstate="Runnable" seed="1708384101" result="Passed" start-time="2021-10-26T21:39:44.4102072Z" end-time="2021-10-26T21:39:44.4103566Z" duration="0.000149" asserts="1">
                  <properties>
                    <property name="Description" value="expr: 'foo.*.baz';&#xA; result: [{&quot;fud&quot;:&quot;hello&quot;},{&quot;fud&quot;:&quot;world&quot;}]" />
                  </properties>
                  <output><![CDATA[Expr is 'foo.*.baz'
Result: '[{"fud":"hello"},{"fud":"world"}]'
Expected: '[{"fud":"hello"},{"fud":"world"}]'
]]></output>
                </test-case>
                <test-case id="0-2604" name="wildcards.case002" fullname="Jsonata.Net.Native.TestSuite.Tests.wildcards.case002" methodname="Test" classname="Jsonata.Net.Native.TestSuite.Tests" runstate="Runnable" seed="1443230698" result="Passed" start-time="2021-10-26T21:39:44.4108559Z" end-time="2021-10-26T21:39:44.4109836Z" duration="0.000127" asserts="1">
                  <properties>
                    <property name="Description" value="expr: 'foo.*.bazz';&#xA; result: &quot;gotcha&quot;" />
                  </properties>
                  <output><![CDATA[Expr is 'foo.*.bazz'
Result: '"gotcha"'
Expected: '"gotcha"'
]]></output>
                </test-case>
                <test-case id="0-2605" name="wildcards.case003" fullname="Jsonata.Net.Native.TestSuite.Tests.wildcards.case003" methodname="Test" classname="Jsonata.Net.Native.TestSuite.Tests" runstate="Runnable" seed="508801842" result="Passed" start-time="2021-10-26T21:39:44.4111291Z" end-time="2021-10-26T21:39:44.4112462Z" duration="0.000117" asserts="1">
                  <properties>
                    <property name="Description" value="expr: 'foo.*.baz.*';&#xA; result: [&quot;hello&quot;,&quot;world&quot;]" />
                  </properties>
                  <output><![CDATA[Expr is 'foo.*.baz.*'
Result: '["hello","world"]'
Expected: '["hello","world"]'
]]></output>
                </test-case>
                <test-case id="0-2606" name="wildcards.case004" fullname="Jsonata.Net.Native.TestSuite.Tests.wildcards.case004" methodname="Test" classname="Jsonata.Net.Native.TestSuite.Tests" runstate="Runnable" seed="1236633860" result="Passed" start-time="2021-10-26T21:39:44.4113941Z" end-time="2021-10-26T21:39:44.4115288Z" duration="0.000135" asserts="1">
                  <properties>
                    <property name="Description" value="expr: 'foo.*.baz.*';&#xA; result: [&quot;hello&quot;,&quot;world&quot;]" />
                  </properties>
                  <output><![CDATA[Expr is 'foo.*.baz.*'
Result: '["hello","world"]'
Expected: '["hello","world"]'
]]></output>
                </test-case>
                <test-case id="0-2607" name="wildcards.case005" fullname="Jsonata.Net.Native.TestSuite.Tests.wildcards.case005" methodname="Test" classname="Jsonata.Net.Native.TestSuite.Tests" runstate="Runnable" seed="28944989" result="Passed" start-time="2021-10-26T21:39:44.4116939Z" end-time="2021-10-26T21:39:44.4118204Z" duration="0.000126" asserts="1">
                  <properties>
                    <property name="Description" value="expr: 'foo.*.baz.*';&#xA; result: [&quot;hello&quot;,&quot;world&quot;]" />
                  </properties>
                  <output><![CDATA[Expr is 'foo.*.baz.*'
Result: '["hello","world"]'
Expected: '["hello","world"]'
]]></output>
                </test-case>
                <test-case id="0-2608" name="wildcards.case006" fullname="Jsonata.Net.Native.TestSuite.Tests.wildcards.case006" methodname="Test" classname="Jsonata.Net.Native.TestSuite.Tests" runstate="Runnable" seed="1505388783" result="Passed" start-time="2021-10-26T21:39:44.4119650Z" end-time="2021-10-26T21:39:44.4131278Z" duration="0.001163" asserts="1">
                  <properties>
                    <property name="Description" value="expr: '*[type=&quot;home&quot;]';&#xA; result: [{&quot;type&quot;:&quot;home&quot;,&quot;number&quot;:&quot;0203 544 1234&quot;},{&quot;type&quot;:&quot;home&quot;,&quot;address&quot;:[&quot;freddy@my-social.com&quot;,&quot;frederic.smith@very-serious.com&quot;]}]" />
                  </properties>
                  <output><![CDATA[Expr is '*[type="home"]'
Result: '[{"type":"home","number":"0203 544 1234"},{"type":"home","address":["freddy@my-social.com","frederic.smith@very-serious.com"]}]'
Expected: '[{"type":"home","number":"0203 544 1234"},{"type":"home","address":["freddy@my-social.com","frederic.smith@very-serious.com"]}]'
]]></output>
                </test-case>
                <test-case id="0-2609" name="wildcards.case007" fullname="Jsonata.Net.Native.TestSuite.Tests.wildcards.case007" methodname="Test" classname="Jsonata.Net.Native.TestSuite.Tests" runstate="Runnable" seed="1212084199" result="Passed" start-time="2021-10-26T21:39:44.4133744Z" end-time="2021-10-26T21:39:44.4146045Z" duration="0.001230" asserts="1">
                  <properties>
                    <property name="Description" value="expr: 'Account[$$.Account.&quot;Account Name&quot; = &quot;Firefly&quot;].*[OrderID=&quot;order104&quot;].Product.Price';&#xA; result: [34.45,107.99]" />
                  </properties>
                  <output><![CDATA[Expr is 'Account[$$.Account."Account Name" = "Firefly"].*[OrderID="order104"].Product.Price'
Result: '[34.45,107.99]'
Expected: '[34.45,107.99]'
]]></output>
                </test-case>
                <test-case id="0-2610" name="wildcards.case008" fullname="Jsonata.Net.Native.TestSuite.Tests.wildcards.case008" methodname="Test" classname="Jsonata.Net.Native.TestSuite.Tests" runstate="Runnable" seed="2131090317" result="Passed" start-time="2021-10-26T21:39:44.4147512Z" end-time="2021-10-26T21:39:44.4156934Z" duration="0.000942" asserts="1">
                  <properties>
                    <property name="Description" value="expr: 'Account[$$.Account.`Account Name` = &quot;Firefly&quot;].*[OrderID=&quot;order104&quot;].Product.Price';&#xA; result: [34.45,107.99]" />
                  </properties>
                  <output><![CDATA[Expr is 'Account[$$.Account.`Account Name` = "Firefly"].*[OrderID="order104"].Product.Price'
Result: '[34.45,107.99]'
Expected: '[34.45,107.99]'
]]></output>
                </test-case>
                <test-case id="0-2611" name="wildcards.case009" fullname="Jsonata.Net.Native.TestSuite.Tests.wildcards.case009" methodname="Test" classname="Jsonata.Net.Native.TestSuite.Tests" runstate="Runnable" seed="35468616" result="Passed" start-time="2021-10-26T21:39:44.4214518Z" end-time="2021-10-26T21:39:44.4215850Z" duration="0.000133" asserts="1">
                  <properties>
                    <property name="Description" value="expr: '*';&#xA; result: [1,2,3]" />
                  </properties>
                  <output><![CDATA[Expr is '*'
Result: '[1,2,3]'
Expected: '[1,2,3]'
]]></output>
                </test-case>
              </test-suite>
            </test-suite>
          </test-suite>
        </test-suite>
      </test-suite>
    </test-suite>
  </test-suite>
</test-run>