<?xml version="1.0" encoding="utf-8" standalone="no"?>
<test-run id="0" name="Jsonata.Net.Native.TestSuite.dll" fullname="C:\Dev\VSProjects\jsonata.net.native\src\Jsonata.Net.Native.TestSuite\bin\Debug\net8.0\Jsonata.Net.Native.TestSuite.dll" runstate="Runnable" testcasecount="1655" result="Skipped" label="Ignored" total="4" passed="2" failed="0" inconclusive="0" skipped="2" asserts="3" engine-version="3.12.0.0" clr-version="8.0.15" start-time="2025-10-10 20:36:52Z" end-time="2025-10-10 20:36:52Z" duration="0.333764">
  <command-line><![CDATA[C:\Dev\VSProjects\jsonata.net.native\src\Jsonata.Net.Native.TestSuite\bin\Debug\net8.0\testhost.dll --port 65503 --endpoint 127.0.0.1:065503 --role client --parentprocessid 18212 --telemetryoptedin true]]></command-line>
  <filter>
    <or>
      <test>Jsonata.Net.Native.TestSuite.Tests.comments.case000</test>
      <test>Jsonata.Net.Native.TestSuite.Tests.comments.case001</test>
      <test>Jsonata.Net.Native.TestSuite.Tests.comments.case002</test>
      <test>Jsonata.Net.Native.TestSuite.Tests.comments.case003</test>
    </or>
  </filter>
  <test-suite type="Assembly" id="0-2657" name="Jsonata.Net.Native.TestSuite.dll" fullname="C:/Dev/VSProjects/jsonata.net.native/src/Jsonata.Net.Native.TestSuite/bin/Debug/net8.0/Jsonata.Net.Native.TestSuite.dll" runstate="Runnable" testcasecount="1655" result="Skipped" label="Ignored" site="Child" start-time="2025-10-10T20:36:52.0225332Z" end-time="2025-10-10T20:36:52.3435915Z" duration="0.321035" total="4" passed="2" failed="0" warnings="0" inconclusive="0" skipped="2" asserts="3">
    <environment framework-version="3.13.2.0" clr-version="8.0.15" os-version="Microsoft Windows 10.0.26100" platform="Win32NT" cwd="C:\Dev\VSProjects\jsonata.net.native\src\Jsonata.Net.Native.TestSuite\bin\Debug\net8.0" machine-name="MIKENB-HONOR16" user="mikha" user-domain="MIKENB-HONOR16" culture="ru-RU" uiculture="en-US" os-architecture="x64" />
    <settings>
      <setting name="SynchronousEvents" value="False" />
      <setting name="RandomSeed" value="1267718670" />
      <setting name="SkipNonTestAssemblies" value="True" />
      <setting name="ProcessModel" value="InProcess" />
      <setting name="DomainUsage" value="Single" />
      <setting name="DefaultTestNamePattern" value="{m}{a}" />
      <setting name="WorkDirectory" value="C:\Dev\VSProjects\jsonata.net.native\src\Jsonata.Net.Native.TestSuite\bin\Debug\net8.0" />
      <setting name="NumberOfTestWorkers" value="12" />
    </settings>
    <properties>
      <property name="_PID" value="13152" />
      <property name="_APPDOMAIN" value="testhost" />
    </properties>
    <reason>
      <message><![CDATA[One or more child tests were ignored]]></message>
    </reason>
    <test-suite type="TestSuite" id="0-2658" name="Jsonata" fullname="Jsonata" runstate="Runnable" testcasecount="1655" result="Skipped" label="Ignored" site="Child" start-time="2025-10-10T20:36:52.0262851Z" end-time="2025-10-10T20:36:52.3435875Z" duration="0.317304" total="4" passed="2" failed="0" warnings="0" inconclusive="0" skipped="2" asserts="3">
      <reason>
        <message><![CDATA[One or more child tests were ignored]]></message>
      </reason>
      <test-suite type="TestSuite" id="0-2659" name="Net" fullname="Jsonata.Net" runstate="Runnable" testcasecount="1655" result="Skipped" label="Ignored" site="Child" start-time="2025-10-10T20:36:52.0264492Z" end-time="2025-10-10T20:36:52.3435849Z" duration="0.317138" total="4" passed="2" failed="0" warnings="0" inconclusive="0" skipped="2" asserts="3">
        <reason>
          <message><![CDATA[One or more child tests were ignored]]></message>
        </reason>
        <test-suite type="TestSuite" id="0-2660" name="Native" fullname="Jsonata.Net.Native" runstate="Runnable" testcasecount="1655" result="Skipped" label="Ignored" site="Child" start-time="2025-10-10T20:36:52.0264590Z" end-time="2025-10-10T20:36:52.3435800Z" duration="0.317123" total="4" passed="2" failed="0" warnings="0" inconclusive="0" skipped="2" asserts="3">
          <reason>
            <message><![CDATA[One or more child tests were ignored]]></message>
          </reason>
          <test-suite type="TestSuite" id="0-2661" name="TestSuite" fullname="Jsonata.Net.Native.TestSuite" runstate="Runnable" testcasecount="1655" result="Skipped" label="Ignored" site="Child" start-time="2025-10-10T20:36:52.0264638Z" end-time="2025-10-10T20:36:52.3435758Z" duration="0.317114" total="4" passed="2" failed="0" warnings="0" inconclusive="0" skipped="2" asserts="3">
            <reason>
              <message><![CDATA[One or more child tests were ignored]]></message>
            </reason>
            <test-suite type="TestFixture" id="0-1000" name="Tests" fullname="Jsonata.Net.Native.TestSuite.Tests" classname="Jsonata.Net.Native.TestSuite.Tests" runstate="Runnable" testcasecount="1655" result="Skipped" label="Ignored" site="Child" start-time="2025-10-10T20:36:52.0273962Z" end-time="2025-10-10T20:36:52.3435629Z" duration="0.316169" total="4" passed="2" failed="0" warnings="0" inconclusive="0" skipped="2" asserts="3">
              <reason>
                <message><![CDATA[One or more child tests were ignored]]></message>
              </reason>
              <output><![CDATA[Loaded 28 datasets
]]></output>
              <test-suite type="ParameterizedMethod" id="0-2656" name="Test" fullname="Jsonata.Net.Native.TestSuite.Tests.Test" classname="Jsonata.Net.Native.TestSuite.Tests" runstate="Runnable" testcasecount="1655" result="Skipped" label="Ignored" site="Child" start-time="2025-10-10T20:36:52.0474339Z" end-time="2025-10-10T20:36:52.3429342Z" duration="0.295502" total="4" passed="2" failed="0" warnings="0" inconclusive="0" skipped="2" asserts="2">
                <reason>
                  <message><![CDATA[One or more child tests were ignored]]></message>
                </reason>
                <test-case id="0-1080" name="comments.case000" fullname="Jsonata.Net.Native.TestSuite.Tests.comments.case000" methodname="Test" classname="Jsonata.Net.Native.TestSuite.Tests" runstate="Runnable" seed="1060359917" result="Passed" start-time="2025-10-10T20:36:52.0474781Z" end-time="2025-10-10T20:36:52.3061499Z" duration="0.258726" asserts="1">
                  <properties>
                    <property name="Description" value="expr: '/* header comment */&#xD;&#xA;1 + 1&#xD;&#xA;';&#xA; result: 2" />
                  </properties>
                  <output><![CDATA[Expr is '/* header comment */
1 + 1
'
Result: '2'
Expected: '2'
]]></output>
                </test-case>
                <test-case id="0-1081" name="comments.case001" fullname="Jsonata.Net.Native.TestSuite.Tests.comments.case001" methodname="Test" classname="Jsonata.Net.Native.TestSuite.Tests" runstate="Runnable" seed="1015123853" result="Skipped" label="Ignored" start-time="2025-10-10T20:36:52.3074428Z" end-time="2025-10-10T20:36:52.3349488Z" duration="0.027507" asserts="0">
                  <properties>
                    <property name="Description" value="expr: '$substring('Hello, world', 0 /* start at index 0 */, 5/*length*/)&#xD;&#xA;';&#xA; result: &quot;Hello&quot;" />
                  </properties>
                  <reason>
                    <message><![CDATA[Failed with exception: The method or operation is not implemented.
(NotImplementedException)
   at Jsonata.Net.Native.New.JsonataQ.evaluateFunction(Symbol expr, JToken input, EvaluationEnvironment environment, Object applytoContext) in C:\Dev\VSProjects\jsonata.net.native\src\Jsonata.Net.Native\New\JsonataQ.cs:line 1710
   at Jsonata.Net.Native.New.JsonataQ.evaluate(Symbol expr, JToken input, EvaluationEnvironment environment) in C:\Dev\VSProjects\jsonata.net.native\src\Jsonata.Net.Native\New\JsonataQ.cs:line 59
   at Jsonata.Net.Native.New.JsonataQ.evaluate(JToken input, EvaluationEnvironment parentEnvironment) in C:\Dev\VSProjects\jsonata.net.native\src\Jsonata.Net.Native\New\JsonataQ.cs:line 2550
   at Jsonata.Net.Native.New.JsonataExtensions.evaluate(JsonataQ query, JToken input, JObject bindings) in C:\Dev\VSProjects\jsonata.net.native\src\Jsonata.Net.Native\New\JsonataQ.cs:line 2572
   at Jsonata.Net.Native.TestSuite.Tests.Test(CaseInfo caseInfo) in C:\Dev\VSProjects\jsonata.net.native\src\Jsonata.Net.Native.TestSuite\UnitTest1.cs:line 102]]></message>
                  </reason>
                  <output><![CDATA[Expr is '$substring('Hello, world', 0 /* start at index 0 */, 5/*length*/)
'
]]></output>
                </test-case>
                <test-case id="0-1082" name="comments.case002" fullname="Jsonata.Net.Native.TestSuite.Tests.comments.case002" methodname="Test" classname="Jsonata.Net.Native.TestSuite.Tests" runstate="Runnable" seed="195258364" result="Passed" start-time="2025-10-10T20:36:52.3350669Z" end-time="2025-10-10T20:36:52.3388443Z" duration="0.003778" asserts="1">
                  <properties>
                    <property name="Description" value="expr: '$substring('Hello, world', 0 /* start at index 0 */, 5/*length*/)&#xD;&#xA;/* trailing comment - no closing tag should trigger an error&#xD;&#xA;';&#xA; result: error S0106" />
                  </properties>
                  <output><![CDATA[Expr is '$substring('Hello, world', 0 /* start at index 0 */, 5/*length*/)
/* trailing comment - no closing tag should trigger an error
'
]]></output>
                </test-case>
                <test-case id="0-1083" name="comments.case003" fullname="Jsonata.Net.Native.TestSuite.Tests.comments.case003" methodname="Test" classname="Jsonata.Net.Native.TestSuite.Tests" runstate="Runnable" seed="952577948" result="Skipped" label="Ignored" start-time="2025-10-10T20:36:52.3388705Z" end-time="2025-10-10T20:36:52.3422712Z" duration="0.003402" asserts="0">
                  <properties>
                    <property name="Description" value="expr: '/* An expression to return the square root of a number without using the $sqrt function */&#xD;&#xA;/* Pointless, but demonstrates capability */&#xD;&#xA;&#xD;&#xA;(&#xD;&#xA;  /**&#xD;&#xA;   * Implements the square root function&#xD;&#xA;   * Uses the Newton-Raphson method&#xD;&#xA;   */&#xD;&#xA;  $my_sqrt := function($n) {(&#xD;&#xA;&#xD;&#xA;    $good_enough := function($guess) {&#xD;&#xA;      $abs($guess * $guess - $n) &lt; 0.000000000001&#xD;&#xA;    };&#xD;&#xA;    $improve_guess := function($guess) {&#xD;&#xA;      ($guess + $n / $guess) / 2&#xD;&#xA;    };&#xD;&#xA;&#xD;&#xA;    /* Iterate using a tail-recursive function until convergence */&#xD;&#xA;    $sqrt_iter := function($guess) {&#xD;&#xA;      $good_enough($guess) ? $guess : $sqrt_iter($improve_guess($guess))&#xD;&#xA;    };&#xD;&#xA;    $n &gt;= 0 ? $sqrt_iter(1) : &quot;no complex numbers today&quot;&#xD;&#xA;  )};&#xD;&#xA;  $my_sqrt($$)&#xD;&#xA;)&#xD;&#xA;';&#xA; result: 16" />
                  </properties>
                  <reason>
                    <message><![CDATA[Failed with exception: The method or operation is not implemented.
(NotImplementedException)
   at Jsonata.Net.Native.New.JsonataQ.evaluateLambda(Symbol expr, JToken input, EvaluationEnvironment environment) in C:\Dev\VSProjects\jsonata.net.native\src\Jsonata.Net.Native\New\JsonataQ.cs:line 1925
   at Jsonata.Net.Native.New.JsonataQ.evaluate(Symbol expr, JToken input, EvaluationEnvironment environment) in C:\Dev\VSProjects\jsonata.net.native\src\Jsonata.Net.Native\New\JsonataQ.cs:line 65
   at Jsonata.Net.Native.New.JsonataQ.evaluateBindExpression(Symbol expr, JToken input, EvaluationEnvironment environment) in C:\Dev\VSProjects\jsonata.net.native\src\Jsonata.Net.Native\New\JsonataQ.cs:line 1339
   at Jsonata.Net.Native.New.JsonataQ.evaluate(Symbol expr, JToken input, EvaluationEnvironment environment) in C:\Dev\VSProjects\jsonata.net.native\src\Jsonata.Net.Native\New\JsonataQ.cs:line 53
   at Jsonata.Net.Native.New.JsonataQ.evaluateBlock(Symbol expr, JToken input, EvaluationEnvironment environment) in C:\Dev\VSProjects\jsonata.net.native\src\Jsonata.Net.Native\New\JsonataQ.cs:line 1388
   at Jsonata.Net.Native.New.JsonataQ.evaluate(Symbol expr, JToken input, EvaluationEnvironment environment) in C:\Dev\VSProjects\jsonata.net.native\src\Jsonata.Net.Native\New\JsonataQ.cs:line 50
   at Jsonata.Net.Native.New.JsonataQ.evaluate(JToken input, EvaluationEnvironment parentEnvironment) in C:\Dev\VSProjects\jsonata.net.native\src\Jsonata.Net.Native\New\JsonataQ.cs:line 2550
   at Jsonata.Net.Native.New.JsonataExtensions.evaluate(JsonataQ query, JToken input, JObject bindings) in C:\Dev\VSProjects\jsonata.net.native\src\Jsonata.Net.Native\New\JsonataQ.cs:line 2572
   at Jsonata.Net.Native.TestSuite.Tests.Test(CaseInfo caseInfo) in C:\Dev\VSProjects\jsonata.net.native\src\Jsonata.Net.Native.TestSuite\UnitTest1.cs:line 102]]></message>
                  </reason>
                  <output><![CDATA[Expr is '/* An expression to return the square root of a number without using the $sqrt function */
/* Pointless, but demonstrates capability */

(
  /**
   * Implements the square root function
   * Uses the Newton-Raphson method
   */
  $my_sqrt := function($n) {(

    $good_enough := function($guess) {
      $abs($guess * $guess - $n) < 0.000000000001
    };
    $improve_guess := function($guess) {
      ($guess + $n / $guess) / 2
    };

    /* Iterate using a tail-recursive function until convergence */
    $sqrt_iter := function($guess) {
      $good_enough($guess) ? $guess : $sqrt_iter($improve_guess($guess))
    };
    $n >= 0 ? $sqrt_iter(1) : "no complex numbers today"
  )};
  $my_sqrt($$)
)
'
]]></output>
                </test-case>
              </test-suite>
            </test-suite>
          </test-suite>
        </test-suite>
      </test-suite>
    </test-suite>
  </test-suite>
</test-run>