<?xml version="1.0" encoding="utf-8" standalone="no"?>
<test-run id="0" name="Jsonata.Net.Native.TestSuite.dll" fullname="f:\Projects\_NuGet\jsonata.net.native\src\Jsonata.Net.Native.TestSuite\bin\Debug\net5.0\Jsonata.Net.Native.TestSuite.dll" runstate="Runnable" testcasecount="1611" result="Failed" total="146" passed="125" failed="2" inconclusive="0" skipped="19" asserts="85" engine-version="3.12.0.0" clr-version="5.0.10" start-time="2021-10-31 00:23:42Z" end-time="2021-10-31 00:23:42Z" duration="0.255415">
  <command-line><![CDATA[f:\Projects\_NuGet\jsonata.net.native\src\Jsonata.Net.Native.TestSuite\bin\Debug\net5.0\testhost.dll --port 65364 --endpoint 127.0.0.1:065364 --role client --parentprocessid 27728 --telemetryoptedin false]]></command-line>
  <filter>
    <or>
      <test>Jsonata.Net.Native.TestSuite.Tests.token-conversion.case000</test>
      <test>Jsonata.Net.Native.TestSuite.Tests.token-conversion.case001</test>
      <test>Jsonata.Net.Native.TestSuite.Tests.token-conversion.case002</test>
      <test>Jsonata.Net.Native.TestSuite.Tests.token-conversion.case003</test>
      <test>Jsonata.Net.Native.TestSuite.Tests.transform.case000</test>
      <test>Jsonata.Net.Native.TestSuite.Tests.transform.case001</test>
      <test>Jsonata.Net.Native.TestSuite.Tests.transform.case002</test>
      <test>Jsonata.Net.Native.TestSuite.Tests.transform.case003</test>
      <test>Jsonata.Net.Native.TestSuite.Tests.transform.case004</test>
      <test>Jsonata.Net.Native.TestSuite.Tests.transform.case005</test>
      <test>Jsonata.Net.Native.TestSuite.Tests.transform.case006</test>
      <test>Jsonata.Net.Native.TestSuite.Tests.transform.case007</test>
      <test>Jsonata.Net.Native.TestSuite.Tests.transform.case008</test>
      <test>Jsonata.Net.Native.TestSuite.Tests.transform.case009</test>
      <test>Jsonata.Net.Native.TestSuite.Tests.transform.case010</test>
      <test>Jsonata.Net.Native.TestSuite.Tests.transform.case011</test>
      <test>Jsonata.Net.Native.TestSuite.Tests.transform.case012</test>
      <test>Jsonata.Net.Native.TestSuite.Tests.transform.case013</test>
      <test>Jsonata.Net.Native.TestSuite.Tests.transform.case014</test>
      <test>Jsonata.Net.Native.TestSuite.Tests.transform.case015</test>
      <test>Jsonata.Net.Native.TestSuite.Tests.transform.case016</test>
      <test>Jsonata.Net.Native.TestSuite.Tests.transform.case017</test>
      <test>Jsonata.Net.Native.TestSuite.Tests.transform.case018</test>
      <test>Jsonata.Net.Native.TestSuite.Tests.transform.case019</test>
      <test>Jsonata.Net.Native.TestSuite.Tests.transform.case020</test>
      <test>Jsonata.Net.Native.TestSuite.Tests.transform.case021</test>
      <test>Jsonata.Net.Native.TestSuite.Tests.transform.case022</test>
      <test>Jsonata.Net.Native.TestSuite.Tests.transform.case023</test>
      <test>Jsonata.Net.Native.TestSuite.Tests.transform.case024</test>
      <test>Jsonata.Net.Native.TestSuite.Tests.transform.case025</test>
      <test>Jsonata.Net.Native.TestSuite.Tests.transform.case026</test>
      <test>Jsonata.Net.Native.TestSuite.Tests.transform.case027</test>
      <test>Jsonata.Net.Native.TestSuite.Tests.transform.case028</test>
      <test>Jsonata.Net.Native.TestSuite.Tests.transform.case029</test>
      <test>Jsonata.Net.Native.TestSuite.Tests.transform.case030</test>
      <test>Jsonata.Net.Native.TestSuite.Tests.transform.case031</test>
      <test>Jsonata.Net.Native.TestSuite.Tests.transform.case032</test>
      <test>Jsonata.Net.Native.TestSuite.Tests.transform.case033</test>
      <test>Jsonata.Net.Native.TestSuite.Tests.transform.case034</test>
      <test>Jsonata.Net.Native.TestSuite.Tests.transform.case035</test>
      <test>Jsonata.Net.Native.TestSuite.Tests.transform.case036</test>
      <test>Jsonata.Net.Native.TestSuite.Tests.transform.case037</test>
      <test>Jsonata.Net.Native.TestSuite.Tests.transform.case038</test>
      <test>Jsonata.Net.Native.TestSuite.Tests.transform.case039</test>
      <test>Jsonata.Net.Native.TestSuite.Tests.transform.case040</test>
      <test>Jsonata.Net.Native.TestSuite.Tests.transform.case041</test>
      <test>Jsonata.Net.Native.TestSuite.Tests.transform.case042</test>
      <test>Jsonata.Net.Native.TestSuite.Tests.transform.case043</test>
      <test>Jsonata.Net.Native.TestSuite.Tests.transform.case044</test>
      <test>Jsonata.Net.Native.TestSuite.Tests.transform.case045</test>
      <test>Jsonata.Net.Native.TestSuite.Tests.transform.case046</test>
      <test>Jsonata.Net.Native.TestSuite.Tests.transform.case047</test>
      <test>Jsonata.Net.Native.TestSuite.Tests.transform.case048</test>
      <test>Jsonata.Net.Native.TestSuite.Tests.transform.case049</test>
      <test>Jsonata.Net.Native.TestSuite.Tests.transform.case050</test>
      <test>Jsonata.Net.Native.TestSuite.Tests.transform.case051</test>
      <test>Jsonata.Net.Native.TestSuite.Tests.transform.case052</test>
      <test>Jsonata.Net.Native.TestSuite.Tests.transform.case053</test>
      <test>Jsonata.Net.Native.TestSuite.Tests.transform.case054</test>
      <test>Jsonata.Net.Native.TestSuite.Tests.transform.case055</test>
      <test>Jsonata.Net.Native.TestSuite.Tests.transform.case056</test>
      <test>Jsonata.Net.Native.TestSuite.Tests.transform.case057</test>
      <test>Jsonata.Net.Native.TestSuite.Tests.transform.case058</test>
      <test>Jsonata.Net.Native.TestSuite.Tests.transform.case059</test>
      <test>Jsonata.Net.Native.TestSuite.Tests.transform.case060</test>
      <test>Jsonata.Net.Native.TestSuite.Tests.transform.case061</test>
      <test>Jsonata.Net.Native.TestSuite.Tests.transform.case062</test>
      <test>Jsonata.Net.Native.TestSuite.Tests.transform.case063</test>
      <test>Jsonata.Net.Native.TestSuite.Tests.transform.case064</test>
      <test>Jsonata.Net.Native.TestSuite.Tests.transform.case065</test>
      <test>Jsonata.Net.Native.TestSuite.Tests.transform.case066</test>
      <test>Jsonata.Net.Native.TestSuite.Tests.transform.case067</test>
      <test>Jsonata.Net.Native.TestSuite.Tests.transform.case068</test>
      <test>Jsonata.Net.Native.TestSuite.Tests.transform.case069</test>
      <test>Jsonata.Net.Native.TestSuite.Tests.transform.case070</test>
      <test>Jsonata.Net.Native.TestSuite.Tests.transform.case071</test>
      <test>Jsonata.Net.Native.TestSuite.Tests.transform.case072</test>
      <test>Jsonata.Net.Native.TestSuite.Tests.transform.case073</test>
      <test>Jsonata.Net.Native.TestSuite.Tests.transform.case074</test>
      <test>Jsonata.Net.Native.TestSuite.Tests.transform.case075</test>
      <test>Jsonata.Net.Native.TestSuite.Tests.transform.case076</test>
      <test>Jsonata.Net.Native.TestSuite.Tests.transform.case077</test>
      <test>Jsonata.Net.Native.TestSuite.Tests.transform.case078</test>
      <test>Jsonata.Net.Native.TestSuite.Tests.transform.case079</test>
      <test>Jsonata.Net.Native.TestSuite.Tests.transform.case080</test>
      <test>Jsonata.Net.Native.TestSuite.Tests.transform.case081</test>
      <test>Jsonata.Net.Native.TestSuite.Tests.transform.case082</test>
      <test>Jsonata.Net.Native.TestSuite.Tests.transform.case083</test>
      <test>Jsonata.Net.Native.TestSuite.Tests.transform.case084</test>
      <test>Jsonata.Net.Native.TestSuite.Tests.transform.case085</test>
      <test>Jsonata.Net.Native.TestSuite.Tests.transform.case086</test>
      <test>Jsonata.Net.Native.TestSuite.Tests.transform.case087</test>
      <test>Jsonata.Net.Native.TestSuite.Tests.transform.case088</test>
      <test>Jsonata.Net.Native.TestSuite.Tests.transform.case089</test>
      <test>Jsonata.Net.Native.TestSuite.Tests.transform.case090</test>
      <test>Jsonata.Net.Native.TestSuite.Tests.transform.case091</test>
      <test>Jsonata.Net.Native.TestSuite.Tests.transform.case092</test>
      <test>Jsonata.Net.Native.TestSuite.Tests.transform.case093</test>
      <test>Jsonata.Net.Native.TestSuite.Tests.transform.case094</test>
      <test>Jsonata.Net.Native.TestSuite.Tests.transform.case095</test>
      <test>Jsonata.Net.Native.TestSuite.Tests.transform.case096</test>
      <test>Jsonata.Net.Native.TestSuite.Tests.transform.case097</test>
      <test>Jsonata.Net.Native.TestSuite.Tests.transform.case098</test>
      <test>Jsonata.Net.Native.TestSuite.Tests.transform.case099</test>
      <test>Jsonata.Net.Native.TestSuite.Tests.transform.case100</test>
      <test>Jsonata.Net.Native.TestSuite.Tests.transform.case101</test>
      <test>Jsonata.Net.Native.TestSuite.Tests.transform.case102</test>
      <test>Jsonata.Net.Native.TestSuite.Tests.transform.case103</test>
      <test>Jsonata.Net.Native.TestSuite.Tests.transforms.case000</test>
      <test>Jsonata.Net.Native.TestSuite.Tests.transforms.case001</test>
      <test>Jsonata.Net.Native.TestSuite.Tests.transforms.case002</test>
      <test>Jsonata.Net.Native.TestSuite.Tests.transforms.case003</test>
      <test>Jsonata.Net.Native.TestSuite.Tests.transforms.case004</test>
      <test>Jsonata.Net.Native.TestSuite.Tests.transforms.case005</test>
      <test>Jsonata.Net.Native.TestSuite.Tests.transforms.case006</test>
      <test>Jsonata.Net.Native.TestSuite.Tests.transforms.case007</test>
      <test>Jsonata.Net.Native.TestSuite.Tests.transforms.case008</test>
      <test>Jsonata.Net.Native.TestSuite.Tests.transforms.case009</test>
      <test>Jsonata.Net.Native.TestSuite.Tests.transforms.case010</test>
      <test>Jsonata.Net.Native.TestSuite.Tests.transforms.case011</test>
      <test>Jsonata.Net.Native.TestSuite.Tests.transforms.case012</test>
      <test>Jsonata.Net.Native.TestSuite.Tests.transforms.case013</test>
      <test>Jsonata.Net.Native.TestSuite.Tests.transforms.case014</test>
      <test>Jsonata.Net.Native.TestSuite.Tests.variables.case000</test>
      <test>Jsonata.Net.Native.TestSuite.Tests.variables.case001</test>
      <test>Jsonata.Net.Native.TestSuite.Tests.variables.case002</test>
      <test>Jsonata.Net.Native.TestSuite.Tests.variables.case003</test>
      <test>Jsonata.Net.Native.TestSuite.Tests.variables.case004</test>
      <test>Jsonata.Net.Native.TestSuite.Tests.variables.case005</test>
      <test>Jsonata.Net.Native.TestSuite.Tests.variables.case006</test>
      <test>Jsonata.Net.Native.TestSuite.Tests.variables.case007</test>
      <test>Jsonata.Net.Native.TestSuite.Tests.variables.case008</test>
      <test>Jsonata.Net.Native.TestSuite.Tests.variables.case009</test>
      <test>Jsonata.Net.Native.TestSuite.Tests.variables.case010</test>
      <test>Jsonata.Net.Native.TestSuite.Tests.variables.case011</test>
      <test>Jsonata.Net.Native.TestSuite.Tests.variables.case012</test>
      <test>Jsonata.Net.Native.TestSuite.Tests.wildcards.case000</test>
      <test>Jsonata.Net.Native.TestSuite.Tests.wildcards.case001</test>
      <test>Jsonata.Net.Native.TestSuite.Tests.wildcards.case002</test>
      <test>Jsonata.Net.Native.TestSuite.Tests.wildcards.case003</test>
      <test>Jsonata.Net.Native.TestSuite.Tests.wildcards.case004</test>
      <test>Jsonata.Net.Native.TestSuite.Tests.wildcards.case005</test>
      <test>Jsonata.Net.Native.TestSuite.Tests.wildcards.case006</test>
      <test>Jsonata.Net.Native.TestSuite.Tests.wildcards.case007</test>
      <test>Jsonata.Net.Native.TestSuite.Tests.wildcards.case008</test>
      <test>Jsonata.Net.Native.TestSuite.Tests.wildcards.case009</test>
    </or>
  </filter>
  <test-suite type="Assembly" id="0-2613" name="Jsonata.Net.Native.TestSuite.dll" fullname="f:/Projects/_NuGet/jsonata.net.native/src/Jsonata.Net.Native.TestSuite/bin/Debug/net5.0/Jsonata.Net.Native.TestSuite.dll" runstate="Runnable" testcasecount="1611" result="Failed" site="Child" start-time="2021-10-31T00:23:42.6985840Z" end-time="2021-10-31T00:23:42.9268339Z" duration="0.228154" total="146" passed="125" failed="2" warnings="0" inconclusive="0" skipped="19" asserts="85">
    <environment framework-version="3.13.2.0" clr-version="5.0.10" os-version="Microsoft Windows 6.3.9600" platform="Win32NT" cwd="f:\Projects\_NuGet\jsonata.net.native\src\Jsonata.Net.Native.TestSuite\bin\Debug\net5.0" machine-name="ABC-BARG" user="barg_ma" user-domain="ABC" culture="ru-RU" uiculture="ru-RU" os-architecture="x64" />
    <settings>
      <setting name="SynchronousEvents" value="False" />
      <setting name="RandomSeed" value="971391648" />
      <setting name="SkipNonTestAssemblies" value="True" />
      <setting name="ProcessModel" value="InProcess" />
      <setting name="DomainUsage" value="Single" />
      <setting name="DefaultTestNamePattern" value="{m}{a}" />
      <setting name="WorkDirectory" value="f:\Projects\_NuGet\jsonata.net.native\src\Jsonata.Net.Native.TestSuite\bin\Debug\net5.0" />
      <setting name="NumberOfTestWorkers" value="4" />
    </settings>
    <properties>
      <property name="_PID" value="1560" />
      <property name="_APPDOMAIN" value="testhost" />
    </properties>
    <failure>
      <message><![CDATA[One or more child tests had errors]]></message>
    </failure>
    <test-suite type="TestSuite" id="0-2614" name="Jsonata" fullname="Jsonata" runstate="Runnable" testcasecount="1611" result="Failed" site="Child" start-time="2021-10-31T00:23:42.7033813Z" end-time="2021-10-31T00:23:42.9266570Z" duration="0.223278" total="146" passed="125" failed="2" warnings="0" inconclusive="0" skipped="19" asserts="85">
      <failure>
        <message><![CDATA[One or more child tests had errors]]></message>
      </failure>
      <test-suite type="TestSuite" id="0-2615" name="Net" fullname="Jsonata.Net" runstate="Runnable" testcasecount="1611" result="Failed" site="Child" start-time="2021-10-31T00:23:42.7036590Z" end-time="2021-10-31T00:23:42.9264765Z" duration="0.222820" total="146" passed="125" failed="2" warnings="0" inconclusive="0" skipped="19" asserts="85">
        <failure>
          <message><![CDATA[One or more child tests had errors]]></message>
        </failure>
        <test-suite type="TestSuite" id="0-2616" name="Native" fullname="Jsonata.Net.Native" runstate="Runnable" testcasecount="1611" result="Failed" site="Child" start-time="2021-10-31T00:23:42.7036702Z" end-time="2021-10-31T00:23:42.9261167Z" duration="0.222449" total="146" passed="125" failed="2" warnings="0" inconclusive="0" skipped="19" asserts="85">
          <failure>
            <message><![CDATA[One or more child tests had errors]]></message>
          </failure>
          <test-suite type="TestSuite" id="0-2617" name="TestSuite" fullname="Jsonata.Net.Native.TestSuite" runstate="Runnable" testcasecount="1611" result="Failed" site="Child" start-time="2021-10-31T00:23:42.7036741Z" end-time="2021-10-31T00:23:42.9260240Z" duration="0.222353" total="146" passed="125" failed="2" warnings="0" inconclusive="0" skipped="19" asserts="85">
            <failure>
              <message><![CDATA[One or more child tests had errors]]></message>
            </failure>
            <test-suite type="TestFixture" id="0-1000" name="Tests" fullname="Jsonata.Net.Native.TestSuite.Tests" classname="Jsonata.Net.Native.TestSuite.Tests" runstate="Runnable" testcasecount="1611" result="Failed" site="Child" start-time="2021-10-31T00:23:42.7047379Z" end-time="2021-10-31T00:23:42.9259884Z" duration="0.221254" total="146" passed="125" failed="2" warnings="0" inconclusive="0" skipped="19" asserts="85">
              <failure>
                <message><![CDATA[One or more child tests had errors]]></message>
              </failure>
              <output><![CDATA[Loaded 27 datasets
]]></output>
              <test-suite type="ParameterizedMethod" id="0-2612" name="Test" fullname="Jsonata.Net.Native.TestSuite.Tests.Test" classname="Jsonata.Net.Native.TestSuite.Tests" runstate="Runnable" testcasecount="1611" result="Failed" site="Child" start-time="2021-10-31T00:23:42.7195893Z" end-time="2021-10-31T00:23:42.9245862Z" duration="0.205000" total="146" passed="125" failed="2" warnings="0" inconclusive="0" skipped="19" asserts="84">
                <failure>
                  <message><![CDATA[One or more child tests had errors]]></message>
                </failure>
                <test-case id="0-2466" name="token-conversion.case000" fullname="Jsonata.Net.Native.TestSuite.Tests.token-conversion.case000" methodname="Test" classname="Jsonata.Net.Native.TestSuite.Tests" runstate="Runnable" seed="504046094" result="Passed" start-time="2021-10-31T00:23:42.7196376Z" end-time="2021-10-31T00:23:42.7464959Z" duration="0.026951" asserts="1">
                  <properties>
                    <property name="Description" value="expr: '$.'7a'';&#xA; result: 33" />
                  </properties>
                  <output><![CDATA[Expr is '$.'7a''
Result: '33'
Expected: '33'
]]></output>
                </test-case>
                <test-case id="0-2467" name="token-conversion.case001" fullname="Jsonata.Net.Native.TestSuite.Tests.token-conversion.case001" methodname="Test" classname="Jsonata.Net.Native.TestSuite.Tests" runstate="Runnable" seed="133913707" result="Passed" start-time="2021-10-31T00:23:42.7482733Z" end-time="2021-10-31T00:23:42.7484149Z" duration="0.000142" asserts="1">
                  <properties>
                    <property name="Description" value="expr: '$.'7'';&#xA; result: 88" />
                  </properties>
                  <output><![CDATA[Expr is '$.'7''
Result: '88'
Expected: '88'
]]></output>
                </test-case>
                <test-case id="0-2468" name="token-conversion.case002" fullname="Jsonata.Net.Native.TestSuite.Tests.token-conversion.case002" methodname="Test" classname="Jsonata.Net.Native.TestSuite.Tests" runstate="Runnable" seed="1286234719" result="Skipped" label="Ignored" start-time="2021-10-31T00:23:42.7484342Z" end-time="2021-10-31T00:23:42.7776770Z" duration="0.029243" asserts="0">
                  <properties>
                    <property name="Description" value="expr: '$.7a';&#xA; result: error S0201" />
                  </properties>
                  <reason>
                    <message><![CDATA[Failed with exception: syntax error: 'Token { type = typeName, value = a, position = 3 }
(ErrSyntaxError)
   at Jsonata.Net.Native.Parsing.Parser.Parse(String queryText) in f:\Projects\_NuGet\jsonata.net.native\src\Jsonata.Net.Native\Parsing\Parser.cs:line 21
   at Jsonata.Net.Native.JsonataQuery..ctor(String queryText) in f:\Projects\_NuGet\jsonata.net.native\src\Jsonata.Net.Native\JsonataQuery.cs:line 21
   at Jsonata.Net.Native.TestSuite.Tests.Test(CaseInfo caseInfo) in f:\Projects\_NuGet\jsonata.net.native\src\Jsonata.Net.Native.TestSuite\UnitTest1.cs:line 74]]></message>
                  </reason>
                  <output><![CDATA[Expr is '$.7a'
]]></output>
                </test-case>
                <test-case id="0-2469" name="token-conversion.case003" fullname="Jsonata.Net.Native.TestSuite.Tests.token-conversion.case003" methodname="Test" classname="Jsonata.Net.Native.TestSuite.Tests" runstate="Runnable" seed="847097989" result="Skipped" label="Ignored" start-time="2021-10-31T00:23:42.7778137Z" end-time="2021-10-31T00:23:42.7788588Z" duration="0.001045" asserts="0">
                  <properties>
                    <property name="Description" value="expr: '$.7';&#xA; result: error S0213" />
                  </properties>
                  <reason>
                    <message><![CDATA[Failed with exception: invalid path step 7: paths cannot contain nulls, strings, numbers or booleans
(ErrPathLiteral)
   at Jsonata.Net.Native.Parsing.DotNode_.optimize() in f:\Projects\_NuGet\jsonata.net.native\src\Jsonata.Net.Native\Parsing\Nodes.cs:line 362
   at Jsonata.Net.Native.Parsing.Parser.Parse(String queryText) in f:\Projects\_NuGet\jsonata.net.native\src\Jsonata.Net.Native\Parsing\Parser.cs:line 23
   at Jsonata.Net.Native.JsonataQuery..ctor(String queryText) in f:\Projects\_NuGet\jsonata.net.native\src\Jsonata.Net.Native\JsonataQuery.cs:line 21
   at Jsonata.Net.Native.TestSuite.Tests.Test(CaseInfo caseInfo) in f:\Projects\_NuGet\jsonata.net.native\src\Jsonata.Net.Native.TestSuite\UnitTest1.cs:line 74]]></message>
                  </reason>
                  <output><![CDATA[Expr is '$.7'
]]></output>
                </test-case>
                <test-case id="0-2470" name="transform.case000" fullname="Jsonata.Net.Native.TestSuite.Tests.transform.case000" methodname="Test" classname="Jsonata.Net.Native.TestSuite.Tests" runstate="Runnable" seed="1979001387" result="Passed" start-time="2021-10-31T00:23:42.7788914Z" end-time="2021-10-31T00:23:42.7922729Z" duration="0.013382" asserts="1">
                  <properties>
                    <property name="Description" value="expr: '{'Order': Account.Order.{  'ID': OrderID,  'Product': Product.{    'SKU': ProductID,    'Details': {      'Weight': Description.Weight,      'Dimensions': Description.(Width &amp; ' x ' &amp; Height &amp; ' x ' &amp; Depth)    }  },  'Total Price': $sum(Product.(Price * Quantity))}}';&#xA; result: {&quot;Order&quot;:[{&quot;ID&quot;:&quot;order103&quot;,&quot;Product&quot;:[{&quot;SKU&quot;:858383,&quot;Details&quot;:{&quot;Weight&quot;:0.75,&quot;Dimensions&quot;:&quot;300 x 200 x 210&quot;}},{&quot;SKU&quot;:858236,&quot;Details&quot;:{&quot;Weight&quot;:0.6,&quot;Dimensions&quot;:&quot;300 x 200 x 210&quot;}}],&quot;Total Price&quot;:90.57000000000001},{&quot;ID&quot;:&quot;order104&quot;,&quot;Product&quot;:[{&quot;SKU&quot;:858383,&quot;Details&quot;:{&quot;Weight&quot;:0.75,&quot;Dimensions&quot;:&quot;300 x 200 x 210&quot;}},{&quot;SKU&quot;:345664,&quot;Details&quot;:{&quot;Weight&quot;:2,&quot;Dimensions&quot;:&quot;30 x 20 x 210&quot;}}],&quot;Total Price&quot;:245.79000000000002}]}" />
                  </properties>
                  <output><![CDATA[Expr is '{'Order': Account.Order.{  'ID': OrderID,  'Product': Product.{    'SKU': ProductID,    'Details': {      'Weight': Description.Weight,      'Dimensions': Description.(Width & ' x ' & Height & ' x ' & Depth)    }  },  'Total Price': $sum(Product.(Price * Quantity))}}'
Result: '{"Order":[{"ID":"order103","Product":[{"SKU":858383,"Details":{"Weight":0.75,"Dimensions":"300 x 200 x 210"}},{"SKU":858236,"Details":{"Weight":0.6,"Dimensions":"300 x 200 x 210"}}],"Total Price":90.57000000000001},{"ID":"order104","Product":[{"SKU":858383,"Details":{"Weight":0.75,"Dimensions":"300 x 200 x 210"}},{"SKU":345664,"Details":{"Weight":2,"Dimensions":"30 x 20 x 210"}}],"Total Price":245.79000000000002}]}'
Expected: '{"Order":[{"ID":"order103","Product":[{"SKU":858383,"Details":{"Weight":0.75,"Dimensions":"300 x 200 x 210"}},{"SKU":858236,"Details":{"Weight":0.6,"Dimensions":"300 x 200 x 210"}}],"Total Price":90.57000000000001},{"ID":"order104","Product":[{"SKU":858383,"Details":{"Weight":0.75,"Dimensions":"300 x 200 x 210"}},{"SKU":345664,"Details":{"Weight":2,"Dimensions":"30 x 20 x 210"}}],"Total Price":245.79000000000002}]}'
]]></output>
                </test-case>
                <test-case id="0-2471" name="transform.case001" fullname="Jsonata.Net.Native.TestSuite.Tests.transform.case001" methodname="Test" classname="Jsonata.Net.Native.TestSuite.Tests" runstate="Runnable" seed="893349075" result="Failed" label="Error" start-time="2021-10-31T00:23:42.7923019Z" end-time="2021-10-31T00:23:42.8031436Z" duration="0.010842" asserts="0">
                  <properties>
                    <property name="Description" value="expr: '&#xA;        (&#xA;          $tempReadings := $count(state.tempReadings) = 5 ?&#xA;              [state.tempReadings[[1..4]], event.t] :&#xA;              [state.tempReadings, event.t];&#xA;        &#xA;          {&#xA;            &quot;tempReadings&quot;: $tempReadings,&#xA;            &quot;sumTemperatures&quot;: $sum($tempReadings),&#xA;            &quot;avgTemperature&quot;: $average($tempReadings) ~&gt; $round(2),&#xA;            &quot;maxTemperature&quot;: $max($tempReadings),&#xA;            &quot;minTemperature&quot;: $min($tempReadings)&#xA;          }&#xA;        )';&#xA; result: {&quot;tempReadings&quot;:[28.9,28,28.2,28.4,28.4],&quot;sumTemperatures&quot;:141.9,&quot;avgTemperature&quot;:28.38,&quot;maxTemperature&quot;:28.9,&quot;minTemperature&quot;:28}" />
                  </properties>
                  <failure>
                    <message><![CDATA[Jsonata.Net.Native.JsonataException : T1006: Attempted to invoke a non-function 'undefined' got from '$average']]></message>
                    <stack-trace><![CDATA[   at Jsonata.Net.Native.Eval.EvalProcessor.evalFunctionCall(FunctionCallNode functionCallNode, JToken input, Environment env, JToken evalutedFirstArgFromApplication) in f:\Projects\_NuGet\jsonata.net.native\src\Jsonata.Net.Native\Eval\EvalProcessor.cs:line 311
   at Jsonata.Net.Native.Eval.EvalProcessor.EvalInternal(Node node, JToken input, Environment env) in f:\Projects\_NuGet\jsonata.net.native\src\Jsonata.Net.Native\Eval\EvalProcessor.cs:line 124
   at Jsonata.Net.Native.Eval.EvalProcessor.Eval(Node node, JToken input, Environment env) in f:\Projects\_NuGet\jsonata.net.native\src\Jsonata.Net.Native\Eval\EvalProcessor.cs:line 50
   at Jsonata.Net.Native.Eval.EvalProcessor.evalFunctionApplication(FunctionApplicationNode functionApplicationNode, JToken input, Environment env) in f:\Projects\_NuGet\jsonata.net.native\src\Jsonata.Net.Native\Eval\EvalProcessor.cs:line 195
   at Jsonata.Net.Native.Eval.EvalProcessor.EvalInternal(Node node, JToken input, Environment env) in f:\Projects\_NuGet\jsonata.net.native\src\Jsonata.Net.Native\Eval\EvalProcessor.cs:line 126
   at Jsonata.Net.Native.Eval.EvalProcessor.Eval(Node node, JToken input, Environment env) in f:\Projects\_NuGet\jsonata.net.native\src\Jsonata.Net.Native\Eval\EvalProcessor.cs:line 50
   at Jsonata.Net.Native.Eval.EvalProcessor.evalObject(ObjectNode objectNode, JToken input, Environment env) in f:\Projects\_NuGet\jsonata.net.native\src\Jsonata.Net.Native\Eval\EvalProcessor.cs:line 814
   at Jsonata.Net.Native.Eval.EvalProcessor.EvalInternal(Node node, JToken input, Environment env) in f:\Projects\_NuGet\jsonata.net.native\src\Jsonata.Net.Native\Eval\EvalProcessor.cs:line 96
   at Jsonata.Net.Native.Eval.EvalProcessor.Eval(Node node, JToken input, Environment env) in f:\Projects\_NuGet\jsonata.net.native\src\Jsonata.Net.Native\Eval\EvalProcessor.cs:line 50
   at Jsonata.Net.Native.Eval.EvalProcessor.evalBlock(BlockNode blockNode, JToken input, Environment env) in f:\Projects\_NuGet\jsonata.net.native\src\Jsonata.Net.Native\Eval\EvalProcessor.cs:line 301
   at Jsonata.Net.Native.Eval.EvalProcessor.EvalInternal(Node node, JToken input, Environment env) in f:\Projects\_NuGet\jsonata.net.native\src\Jsonata.Net.Native\Eval\EvalProcessor.cs:line 98
   at Jsonata.Net.Native.Eval.EvalProcessor.Eval(Node node, JToken input, Environment env) in f:\Projects\_NuGet\jsonata.net.native\src\Jsonata.Net.Native\Eval\EvalProcessor.cs:line 50
   at Jsonata.Net.Native.Eval.EvalProcessor.EvaluateJson(Node rootNode, JToken data, JObject bindings) in f:\Projects\_NuGet\jsonata.net.native\src\Jsonata.Net.Native\Eval\EvalProcessor.cs:line 36
   at Jsonata.Net.Native.JsonataQuery.Eval(JToken data, JObject bindings) in f:\Projects\_NuGet\jsonata.net.native\src\Jsonata.Net.Native\JsonataQuery.cs:line 39
   at Jsonata.Net.Native.TestSuite.Tests.Test(CaseInfo caseInfo) in f:\Projects\_NuGet\jsonata.net.native\src\Jsonata.Net.Native.TestSuite\UnitTest1.cs:line 75]]></stack-trace>
                  </failure>
                  <output><![CDATA[Expr is '
        (
          $tempReadings := $count(state.tempReadings) = 5 ?
              [state.tempReadings[[1..4]], event.t] :
              [state.tempReadings, event.t];
        
          {
            "tempReadings": $tempReadings,
            "sumTemperatures": $sum($tempReadings),
            "avgTemperature": $average($tempReadings) ~> $round(2),
            "maxTemperature": $max($tempReadings),
            "minTemperature": $min($tempReadings)
          }
        )'
]]></output>
                </test-case>
                <test-case id="0-2472" name="transform.case002" fullname="Jsonata.Net.Native.TestSuite.Tests.transform.case002" methodname="Test" classname="Jsonata.Net.Native.TestSuite.Tests" runstate="Runnable" seed="1277787753" result="Passed" start-time="2021-10-31T00:23:42.8031665Z" end-time="2021-10-31T00:23:42.8032833Z" duration="0.000117" asserts="1">
                  <properties>
                    <property name="Description" value="expr: '$';&#xA; result: {&quot;output&quot;:{&quot;is&quot;:{&quot;same&quot;:{&quot;as&quot;:&quot;input&quot;}}}}" />
                  </properties>
                  <output><![CDATA[Expr is '$'
Result: '{"output":{"is":{"same":{"as":"input"}}}}'
Expected: '{"output":{"is":{"same":{"as":"input"}}}}'
]]></output>
                </test-case>
                <test-case id="0-2473" name="transform.case003" fullname="Jsonata.Net.Native.TestSuite.Tests.transform.case003" methodname="Test" classname="Jsonata.Net.Native.TestSuite.Tests" runstate="Runnable" seed="42679932" result="Passed" start-time="2021-10-31T00:23:42.8032921Z" end-time="2021-10-31T00:23:42.8033745Z" duration="0.000082" asserts="1">
                  <properties>
                    <property name="Description" value="expr: 'foo';&#xA; result: {&quot;bar&quot;:42}" />
                  </properties>
                  <output><![CDATA[Expr is 'foo'
Result: '{"bar":42}'
Expected: '{"bar":42}'
]]></output>
                </test-case>
                <test-case id="0-2474" name="transform.case004" fullname="Jsonata.Net.Native.TestSuite.Tests.transform.case004" methodname="Test" classname="Jsonata.Net.Native.TestSuite.Tests" runstate="Runnable" seed="292287154" result="Passed" start-time="2021-10-31T00:23:42.8033824Z" end-time="2021-10-31T00:23:42.8034542Z" duration="0.000072" asserts="1">
                  <properties>
                    <property name="Description" value="expr: 'baz';&#xA; result: {&quot;gar&quot;:50}" />
                  </properties>
                  <output><![CDATA[Expr is 'baz'
Result: '{"gar":50}'
Expected: '{"gar":50}'
]]></output>
                </test-case>
                <test-case id="0-2475" name="transform.case005" fullname="Jsonata.Net.Native.TestSuite.Tests.transform.case005" methodname="Test" classname="Jsonata.Net.Native.TestSuite.Tests" runstate="Runnable" seed="38427573" result="Passed" start-time="2021-10-31T00:23:42.8034618Z" end-time="2021-10-31T00:23:42.8035372Z" duration="0.000076" asserts="1">
                  <properties>
                    <property name="Description" value="expr: 'Foo';&#xA; result: {&quot;mama&quot;:45}" />
                  </properties>
                  <output><![CDATA[Expr is 'Foo'
Result: '{"mama":45}'
Expected: '{"mama":45}'
]]></output>
                </test-case>
                <test-case id="0-2476" name="transform.case006" fullname="Jsonata.Net.Native.TestSuite.Tests.transform.case006" methodname="Test" classname="Jsonata.Net.Native.TestSuite.Tests" runstate="Runnable" seed="1092970052" result="Passed" start-time="2021-10-31T00:23:42.8035448Z" end-time="2021-10-31T00:23:42.8036151Z" duration="0.000071" asserts="1">
                  <properties>
                    <property name="Description" value="expr: 'food';&#xA; result: {&quot;wa&quot;:&quot;hume&quot;}" />
                  </properties>
                  <output><![CDATA[Expr is 'food'
Result: '{"wa":"hume"}'
Expected: '{"wa":"hume"}'
]]></output>
                </test-case>
                <test-case id="0-2477" name="transform.case007" fullname="Jsonata.Net.Native.TestSuite.Tests.transform.case007" methodname="Test" classname="Jsonata.Net.Native.TestSuite.Tests" runstate="Runnable" seed="429550875" result="Passed" start-time="2021-10-31T00:23:42.8036230Z" end-time="2021-10-31T00:23:42.8036948Z" duration="0.000072" asserts="1">
                  <properties>
                    <property name="Description" value="expr: 'maz.rar';&#xA; result: 42" />
                  </properties>
                  <output><![CDATA[Expr is 'maz.rar'
Result: '42'
Expected: '42'
]]></output>
                </test-case>
                <test-case id="0-2478" name="transform.case008" fullname="Jsonata.Net.Native.TestSuite.Tests.transform.case008" methodname="Test" classname="Jsonata.Net.Native.TestSuite.Tests" runstate="Runnable" seed="455409345" result="Passed" start-time="2021-10-31T00:23:42.8037023Z" end-time="2021-10-31T00:23:42.8037817Z" duration="0.000080" asserts="1">
                  <properties>
                    <property name="Description" value="expr: 'jee.par.waa';&#xA; result: {&quot;bar&quot;:87}" />
                  </properties>
                  <output><![CDATA[Expr is 'jee.par.waa'
Result: '{"bar":87}'
Expected: '{"bar":87}'
]]></output>
                </test-case>
                <test-case id="0-2479" name="transform.case009" fullname="Jsonata.Net.Native.TestSuite.Tests.transform.case009" methodname="Test" classname="Jsonata.Net.Native.TestSuite.Tests" runstate="Runnable" seed="492705100" result="Passed" start-time="2021-10-31T00:23:42.8037893Z" end-time="2021-10-31T00:23:42.8038542Z" duration="0.000065" asserts="1">
                  <properties>
                    <property name="Description" value="expr: 'foo';&#xA; result: undefined" />
                  </properties>
                  <output><![CDATA[Expr is 'foo'
Result: 'undefined'
Expected 'undefined'
]]></output>
                </test-case>
                <test-case id="0-2480" name="transform.case010" fullname="Jsonata.Net.Native.TestSuite.Tests.transform.case010" methodname="Test" classname="Jsonata.Net.Native.TestSuite.Tests" runstate="Runnable" seed="2048033423" result="Passed" start-time="2021-10-31T00:23:42.8038614Z" end-time="2021-10-31T00:23:42.8039251Z" duration="0.000064" asserts="1">
                  <properties>
                    <property name="Description" value="expr: 'foo.bar';&#xA; result: undefined" />
                  </properties>
                  <output><![CDATA[Expr is 'foo.bar'
Result: 'undefined'
Expected 'undefined'
]]></output>
                </test-case>
                <test-case id="0-2481" name="transform.case011" fullname="Jsonata.Net.Native.TestSuite.Tests.transform.case011" methodname="Test" classname="Jsonata.Net.Native.TestSuite.Tests" runstate="Runnable" seed="264912180" result="Passed" start-time="2021-10-31T00:23:42.8039324Z" end-time="2021-10-31T00:23:42.8040190Z" duration="0.000087" asserts="1">
                  <properties>
                    <property name="Description" value="expr: '$';&#xA; result: &quot;foo&quot;" />
                  </properties>
                  <output><![CDATA[Expr is '$'
Result: '"foo"'
Expected: '"foo"'
]]></output>
                </test-case>
                <test-case id="0-2482" name="transform.case012" fullname="Jsonata.Net.Native.TestSuite.Tests.transform.case012" methodname="Test" classname="Jsonata.Net.Native.TestSuite.Tests" runstate="Runnable" seed="40480685" result="Passed" start-time="2021-10-31T00:23:42.8040444Z" end-time="2021-10-31T00:23:42.8046297Z" duration="0.000586" asserts="1">
                  <properties>
                    <property name="Description" value="expr: 'bar';&#xA; result: &quot;foo&quot;" />
                  </properties>
                  <output><![CDATA[Expr is 'bar'
Result: '"foo"'
Expected: '"foo"'
]]></output>
                </test-case>
                <test-case id="0-2483" name="transform.case013" fullname="Jsonata.Net.Native.TestSuite.Tests.transform.case013" methodname="Test" classname="Jsonata.Net.Native.TestSuite.Tests" runstate="Runnable" seed="887643190" result="Passed" start-time="2021-10-31T00:23:42.8050481Z" end-time="2021-10-31T00:23:42.8052226Z" duration="0.000174" asserts="1">
                  <properties>
                    <property name="Description" value="expr: '$';&#xA; result: 6754322" />
                  </properties>
                  <output><![CDATA[Expr is '$'
Result: '6754322'
Expected: '6754322'
]]></output>
                </test-case>
                <test-case id="0-2484" name="transform.case014" fullname="Jsonata.Net.Native.TestSuite.Tests.transform.case014" methodname="Test" classname="Jsonata.Net.Native.TestSuite.Tests" runstate="Runnable" seed="736717513" result="Passed" start-time="2021-10-31T00:23:42.8053756Z" end-time="2021-10-31T00:23:42.8054604Z" duration="0.000085" asserts="1">
                  <properties>
                    <property name="Description" value="expr: '$';&#xA; result: 0" />
                  </properties>
                  <output><![CDATA[Expr is '$'
Result: '0'
Expected: '0'
]]></output>
                </test-case>
                <test-case id="0-2485" name="transform.case015" fullname="Jsonata.Net.Native.TestSuite.Tests.transform.case015" methodname="Test" classname="Jsonata.Net.Native.TestSuite.Tests" runstate="Runnable" seed="1117393360" result="Passed" start-time="2021-10-31T00:23:42.8054879Z" end-time="2021-10-31T00:23:42.8055489Z" duration="0.000061" asserts="1">
                  <properties>
                    <property name="Description" value="expr: '$';&#xA; result: -24" />
                  </properties>
                  <output><![CDATA[Expr is '$'
Result: '-24'
Expected: '-24'
]]></output>
                </test-case>
                <test-case id="0-2486" name="transform.case016" fullname="Jsonata.Net.Native.TestSuite.Tests.transform.case016" methodname="Test" classname="Jsonata.Net.Native.TestSuite.Tests" runstate="Runnable" seed="1867034692" result="Passed" start-time="2021-10-31T00:23:42.8056120Z" end-time="2021-10-31T00:23:42.8056968Z" duration="0.000085" asserts="1">
                  <properties>
                    <property name="Description" value="expr: 'bar';&#xA; result: 6.54" />
                  </properties>
                  <output><![CDATA[Expr is 'bar'
Result: '6.54'
Expected: '6.54'
]]></output>
                </test-case>
                <test-case id="0-2487" name="transform.case017" fullname="Jsonata.Net.Native.TestSuite.Tests.transform.case017" methodname="Test" classname="Jsonata.Net.Native.TestSuite.Tests" runstate="Runnable" seed="25573821" result="Passed" start-time="2021-10-31T00:23:42.8057877Z" end-time="2021-10-31T00:23:42.8058595Z" duration="0.000072" asserts="1">
                  <properties>
                    <property name="Description" value="expr: '$';&#xA; result: true" />
                  </properties>
                  <output><![CDATA[Expr is '$'
Result: 'true'
Expected: 'true'
]]></output>
                </test-case>
                <test-case id="0-2488" name="transform.case018" fullname="Jsonata.Net.Native.TestSuite.Tests.transform.case018" methodname="Test" classname="Jsonata.Net.Native.TestSuite.Tests" runstate="Runnable" seed="172582734" result="Passed" start-time="2021-10-31T00:23:42.8059691Z" end-time="2021-10-31T00:23:42.8060467Z" duration="0.000078" asserts="1">
                  <properties>
                    <property name="Description" value="expr: 'bar';&#xA; result: false" />
                  </properties>
                  <output><![CDATA[Expr is 'bar'
Result: 'false'
Expected: 'false'
]]></output>
                </test-case>
                <test-case id="0-2489" name="transform.case019" fullname="Jsonata.Net.Native.TestSuite.Tests.transform.case019" methodname="Test" classname="Jsonata.Net.Native.TestSuite.Tests" runstate="Runnable" seed="1105519736" result="Passed" start-time="2021-10-31T00:23:42.8060675Z" end-time="2021-10-31T00:23:42.8061309Z" duration="0.000063" asserts="1">
                  <properties>
                    <property name="Description" value="expr: '$';&#xA; result: null" />
                  </properties>
                  <output><![CDATA[Expr is '$'
Result: 'null'
Expected: 'null'
]]></output>
                </test-case>
                <test-case id="0-2490" name="transform.case020" fullname="Jsonata.Net.Native.TestSuite.Tests.transform.case020" methodname="Test" classname="Jsonata.Net.Native.TestSuite.Tests" runstate="Runnable" seed="493935041" result="Passed" start-time="2021-10-31T00:23:42.8061686Z" end-time="2021-10-31T00:23:42.8063368Z" duration="0.000168" asserts="1">
                  <properties>
                    <property name="Description" value="expr: 'bar';&#xA; result: null" />
                  </properties>
                  <output><![CDATA[Expr is 'bar'
Result: 'null'
Expected: 'null'
]]></output>
                </test-case>
                <test-case id="0-2491" name="transform.case021" fullname="Jsonata.Net.Native.TestSuite.Tests.transform.case021" methodname="Test" classname="Jsonata.Net.Native.TestSuite.Tests" runstate="Runnable" seed="36858846" result="Passed" start-time="2021-10-31T00:23:42.8064165Z" end-time="2021-10-31T00:23:42.8065438Z" duration="0.000128" asserts="1">
                  <properties>
                    <property name="Description" value="expr: 'bar';&#xA; result: undefined" />
                  </properties>
                  <output><![CDATA[Expr is 'bar'
Result: 'undefined'
Expected 'undefined'
]]></output>
                </test-case>
                <test-case id="0-2492" name="transform.case022" fullname="Jsonata.Net.Native.TestSuite.Tests.transform.case022" methodname="Test" classname="Jsonata.Net.Native.TestSuite.Tests" runstate="Runnable" seed="1497395036" result="Passed" start-time="2021-10-31T00:23:42.8065967Z" end-time="2021-10-31T00:23:42.8067216Z" duration="0.000125" asserts="1">
                  <properties>
                    <property name="Description" value="expr: '$';&#xA; result: undefined" />
                  </properties>
                  <output><![CDATA[Expr is '$'
Result: 'undefined'
Expected 'undefined'
]]></output>
                </test-case>
                <test-case id="0-2493" name="transform.case023" fullname="Jsonata.Net.Native.TestSuite.Tests.transform.case023" methodname="Test" classname="Jsonata.Net.Native.TestSuite.Tests" runstate="Runnable" seed="725463037" result="Passed" start-time="2021-10-31T00:23:42.8067956Z" end-time="2021-10-31T00:23:42.8068753Z" duration="0.000079" asserts="1">
                  <properties>
                    <property name="Description" value="expr: 'bar';&#xA; result: &quot;\&quot;Hello\&quot;&quot;" />
                  </properties>
                  <output><![CDATA[Expr is 'bar'
Result: '"\"Hello\""'
Expected: '"\"Hello\""'
]]></output>
                </test-case>
                <test-case id="0-2494" name="transform.case024" fullname="Jsonata.Net.Native.TestSuite.Tests.transform.case024" methodname="Test" classname="Jsonata.Net.Native.TestSuite.Tests" runstate="Runnable" seed="30385515" result="Passed" start-time="2021-10-31T00:23:42.8069224Z" end-time="2021-10-31T00:23:42.8070546Z" duration="0.000132" asserts="1">
                  <properties>
                    <property name="Description" value="expr: '$';&#xA; result: &quot;\&quot;Hello\&quot;&quot;" />
                  </properties>
                  <output><![CDATA[Expr is '$'
Result: '"\"Hello\""'
Expected: '"\"Hello\""'
]]></output>
                </test-case>
                <test-case id="0-2495" name="transform.case025" fullname="Jsonata.Net.Native.TestSuite.Tests.transform.case025" methodname="Test" classname="Jsonata.Net.Native.TestSuite.Tests" runstate="Runnable" seed="534542894" result="Passed" start-time="2021-10-31T00:23:42.8071080Z" end-time="2021-10-31T00:23:42.8071838Z" duration="0.000075" asserts="1">
                  <properties>
                    <property name="Description" value="expr: 'bar';&#xA; result: &quot;'Hello'&quot;" />
                  </properties>
                  <output><![CDATA[Expr is 'bar'
Result: '"'Hello'"'
Expected: '"'Hello'"'
]]></output>
                </test-case>
                <test-case id="0-2496" name="transform.case026" fullname="Jsonata.Net.Native.TestSuite.Tests.transform.case026" methodname="Test" classname="Jsonata.Net.Native.TestSuite.Tests" runstate="Runnable" seed="325603330" result="Passed" start-time="2021-10-31T00:23:42.8072886Z" end-time="2021-10-31T00:23:42.8073891Z" duration="0.000100" asserts="1">
                  <properties>
                    <property name="Description" value="expr: '$';&#xA; result: &quot;'Hello'&quot;" />
                  </properties>
                  <output><![CDATA[Expr is '$'
Result: '"'Hello'"'
Expected: '"'Hello'"'
]]></output>
                </test-case>
                <test-case id="0-2497" name="transform.case027" fullname="Jsonata.Net.Native.TestSuite.Tests.transform.case027" methodname="Test" classname="Jsonata.Net.Native.TestSuite.Tests" runstate="Runnable" seed="987498794" result="Passed" start-time="2021-10-31T00:23:42.8074307Z" end-time="2021-10-31T00:23:42.8077498Z" duration="0.000319" asserts="1">
                  <properties>
                    <property name="Description" value="expr: '$lowercase(Salutation)';&#xA; result: &quot;mr&quot;" />
                  </properties>
                  <output><![CDATA[Expr is '$lowercase(Salutation)'
Result: '"mr"'
Expected: '"mr"'
]]></output>
                </test-case>
                <test-case id="0-2498" name="transform.case028" fullname="Jsonata.Net.Native.TestSuite.Tests.transform.case028" methodname="Test" classname="Jsonata.Net.Native.TestSuite.Tests" runstate="Runnable" seed="2032556262" result="Passed" start-time="2021-10-31T00:23:42.8078114Z" end-time="2021-10-31T00:23:42.8079841Z" duration="0.000173" asserts="1">
                  <properties>
                    <property name="Description" value="expr: '$lowercase(敷)';&#xA; result: &quot;steve&quot;" />
                  </properties>
                  <output><![CDATA[Expr is '$lowercase(敷)'
Result: '"steve"'
Expected: '"steve"'
]]></output>
                </test-case>
                <test-case id="0-2499" name="transform.case029" fullname="Jsonata.Net.Native.TestSuite.Tests.transform.case029" methodname="Test" classname="Jsonata.Net.Native.TestSuite.Tests" runstate="Runnable" seed="1903475041" result="Passed" start-time="2021-10-31T00:23:42.8080185Z" end-time="2021-10-31T00:23:42.8081510Z" duration="0.000133" asserts="1">
                  <properties>
                    <property name="Description" value="expr: '$lowercase(Español)';&#xA; result: &quot;/ˈspænɪʃ/&quot;" />
                  </properties>
                  <output><![CDATA[Expr is '$lowercase(Español)'
Result: '"/ˈspænɪʃ/"'
Expected: '"/ˈspænɪʃ/"'
]]></output>
                </test-case>
                <test-case id="0-2500" name="transform.case030" fullname="Jsonata.Net.Native.TestSuite.Tests.transform.case030" methodname="Test" classname="Jsonata.Net.Native.TestSuite.Tests" runstate="Runnable" seed="1247903563" result="Passed" start-time="2021-10-31T00:23:42.8081694Z" end-time="2021-10-31T00:23:42.8083001Z" duration="0.000131" asserts="1">
                  <properties>
                    <property name="Description" value="expr: '$lowercase($.&quot;NI.Number&quot;)';&#xA; result: &quot;no10furbzness&quot;" />
                  </properties>
                  <output><![CDATA[Expr is '$lowercase($."NI.Number")'
Result: '"no10furbzness"'
Expected: '"no10furbzness"'
]]></output>
                </test-case>
                <test-case id="0-2501" name="transform.case031" fullname="Jsonata.Net.Native.TestSuite.Tests.transform.case031" methodname="Test" classname="Jsonata.Net.Native.TestSuite.Tests" runstate="Runnable" seed="136743464" result="Passed" start-time="2021-10-31T00:23:42.8083200Z" end-time="2021-10-31T00:23:42.8084369Z" duration="0.000117" asserts="1">
                  <properties>
                    <property name="Description" value="expr: '$lowercase(&quot;COMPENSATION IS : &quot; &amp; Employment.&quot;Executive.Compensation&quot;)';&#xA; result: &quot;compensation is : 1400000&quot;" />
                  </properties>
                  <output><![CDATA[Expr is '$lowercase("COMPENSATION IS : " & Employment."Executive.Compensation")'
Result: '"compensation is : 1400000"'
Expected: '"compensation is : 1400000"'
]]></output>
                </test-case>
                <test-case id="0-2502" name="transform.case032" fullname="Jsonata.Net.Native.TestSuite.Tests.transform.case032" methodname="Test" classname="Jsonata.Net.Native.TestSuite.Tests" runstate="Runnable" seed="528919038" result="Passed" start-time="2021-10-31T00:23:42.8084520Z" end-time="2021-10-31T00:23:42.8085247Z" duration="0.000073" asserts="1">
                  <properties>
                    <property name="Description" value="expr: '&quot;Hello&quot;';&#xA; result: &quot;Hello&quot;" />
                  </properties>
                  <output><![CDATA[Expr is '"Hello"'
Result: '"Hello"'
Expected: '"Hello"'
]]></output>
                </test-case>
                <test-case id="0-2503" name="transform.case033" fullname="Jsonata.Net.Native.TestSuite.Tests.transform.case033" methodname="Test" classname="Jsonata.Net.Native.TestSuite.Tests" runstate="Runnable" seed="83263750" result="Passed" start-time="2021-10-31T00:23:42.8085443Z" end-time="2021-10-31T00:23:42.8087593Z" duration="0.000215" asserts="1">
                  <properties>
                    <property name="Description" value="expr: '$uppercase(Salutation)';&#xA; result: &quot;MR&quot;" />
                  </properties>
                  <output><![CDATA[Expr is '$uppercase(Salutation)'
Result: '"MR"'
Expected: '"MR"'
]]></output>
                </test-case>
                <test-case id="0-2504" name="transform.case034" fullname="Jsonata.Net.Native.TestSuite.Tests.transform.case034" methodname="Test" classname="Jsonata.Net.Native.TestSuite.Tests" runstate="Runnable" seed="1561356515" result="Passed" start-time="2021-10-31T00:23:42.8087759Z" end-time="2021-10-31T00:23:42.8088737Z" duration="0.000098" asserts="1">
                  <properties>
                    <property name="Description" value="expr: '$uppercase(&quot;Hello World&quot;)';&#xA; result: &quot;HELLO WORLD&quot;" />
                  </properties>
                  <output><![CDATA[Expr is '$uppercase("Hello World")'
Result: '"HELLO WORLD"'
Expected: '"HELLO WORLD"'
]]></output>
                </test-case>
                <test-case id="0-2505" name="transform.case035" fullname="Jsonata.Net.Native.TestSuite.Tests.transform.case035" methodname="Test" classname="Jsonata.Net.Native.TestSuite.Tests" runstate="Runnable" seed="1603592474" result="Passed" start-time="2021-10-31T00:23:42.8089078Z" end-time="2021-10-31T00:23:42.8091013Z" duration="0.000193" asserts="1">
                  <properties>
                    <property name="Description" value="expr: '$uppercase(&quot;鯵噂ソ竹&quot;)';&#xA; result: &quot;鯵噂ソ竹&quot;" />
                  </properties>
                  <output><![CDATA[Expr is '$uppercase("鯵噂ソ竹")'
Result: '"鯵噂ソ竹"'
Expected: '"鯵噂ソ竹"'
]]></output>
                </test-case>
                <test-case id="0-2506" name="transform.case036" fullname="Jsonata.Net.Native.TestSuite.Tests.transform.case036" methodname="Test" classname="Jsonata.Net.Native.TestSuite.Tests" runstate="Runnable" seed="2049526678" result="Passed" start-time="2021-10-31T00:23:42.8091559Z" end-time="2021-10-31T00:23:42.8093090Z" duration="0.000153" asserts="1">
                  <properties>
                    <property name="Description" value="expr: 'Employment.Name &amp; &quot; is happy&quot;';&#xA; result: &quot;IBM UK is happy&quot;" />
                  </properties>
                  <output><![CDATA[Expr is 'Employment.Name & " is happy"'
Result: '"IBM UK is happy"'
Expected: '"IBM UK is happy"'
]]></output>
                </test-case>
                <test-case id="0-2507" name="transform.case037" fullname="Jsonata.Net.Native.TestSuite.Tests.transform.case037" methodname="Test" classname="Jsonata.Net.Native.TestSuite.Tests" runstate="Runnable" seed="460162510" result="Passed" start-time="2021-10-31T00:23:42.8093262Z" end-time="2021-10-31T00:23:42.8095435Z" duration="0.000217" asserts="1">
                  <properties>
                    <property name="Description" value="expr: 'Employment.Name &amp; &quot; is pleased to employ &quot; &amp; Salutation &amp; &quot; &quot; &amp; Surname';&#xA; result: &quot;IBM UK is pleased to employ Mr Smith&quot;" />
                  </properties>
                  <output><![CDATA[Expr is 'Employment.Name & " is pleased to employ " & Salutation & " " & Surname'
Result: '"IBM UK is pleased to employ Mr Smith"'
Expected: '"IBM UK is pleased to employ Mr Smith"'
]]></output>
                </test-case>
                <test-case id="0-2508" name="transform.case038" fullname="Jsonata.Net.Native.TestSuite.Tests.transform.case038" methodname="Test" classname="Jsonata.Net.Native.TestSuite.Tests" runstate="Runnable" seed="692277469" result="Passed" start-time="2021-10-31T00:23:42.8095677Z" end-time="2021-10-31T00:23:42.8100733Z" duration="0.000505" asserts="1">
                  <properties>
                    <property name="Description" value="expr: '$uppercase(&quot;Hello &quot; &amp; Salutation &amp; &quot; &quot; &amp; Surname)';&#xA; result: &quot;HELLO MR SMITH&quot;" />
                  </properties>
                  <output><![CDATA[Expr is '$uppercase("Hello " & Salutation & " " & Surname)'
Result: '"HELLO MR SMITH"'
Expected: '"HELLO MR SMITH"'
]]></output>
                </test-case>
                <test-case id="0-2509" name="transform.case039" fullname="Jsonata.Net.Native.TestSuite.Tests.transform.case039" methodname="Test" classname="Jsonata.Net.Native.TestSuite.Tests" runstate="Runnable" seed="2129257354" result="Passed" start-time="2021-10-31T00:23:42.8101026Z" end-time="2021-10-31T00:23:42.8102716Z" duration="0.000169" asserts="1">
                  <properties>
                    <property name="Description" value="expr: '$uppercase(Salutation &amp; &quot; &quot; &amp; Surname &amp; &quot; - has &quot; &amp; Cars &amp; &quot; registered cars&quot;)';&#xA; result: &quot;MR SMITH - HAS 3 REGISTERED CARS&quot;" />
                  </properties>
                  <output><![CDATA[Expr is '$uppercase(Salutation & " " & Surname & " - has " & Cars & " registered cars")'
Result: '"MR SMITH - HAS 3 REGISTERED CARS"'
Expected: '"MR SMITH - HAS 3 REGISTERED CARS"'
]]></output>
                </test-case>
                <test-case id="0-2510" name="transform.case040" fullname="Jsonata.Net.Native.TestSuite.Tests.transform.case040" methodname="Test" classname="Jsonata.Net.Native.TestSuite.Tests" runstate="Runnable" seed="2103240732" result="Passed" start-time="2021-10-31T00:23:42.8103329Z" end-time="2021-10-31T00:23:42.8104624Z" duration="0.000130" asserts="1">
                  <properties>
                    <property name="Description" value="expr: '$uppercase(Employment.ContractType)';&#xA; result: &quot;PERMANENT&quot;" />
                  </properties>
                  <output><![CDATA[Expr is '$uppercase(Employment.ContractType)'
Result: '"PERMANENT"'
Expected: '"PERMANENT"'
]]></output>
                </test-case>
                <test-case id="0-2511" name="transform.case041" fullname="Jsonata.Net.Native.TestSuite.Tests.transform.case041" methodname="Test" classname="Jsonata.Net.Native.TestSuite.Tests" runstate="Runnable" seed="1160060534" result="Passed" start-time="2021-10-31T00:23:42.8104857Z" end-time="2021-10-31T00:23:42.8106976Z" duration="0.000212" asserts="1">
                  <properties>
                    <property name="Description" value="expr: '$substringBefore(&quot;Hola&quot;, &quot;l&quot;)';&#xA; result: &quot;Ho&quot;" />
                  </properties>
                  <output><![CDATA[Expr is '$substringBefore("Hola", "l")'
Result: '"Ho"'
Expected: '"Ho"'
]]></output>
                </test-case>
                <test-case id="0-2512" name="transform.case042" fullname="Jsonata.Net.Native.TestSuite.Tests.transform.case042" methodname="Test" classname="Jsonata.Net.Native.TestSuite.Tests" runstate="Runnable" seed="1444135033" result="Passed" start-time="2021-10-31T00:23:42.8107266Z" end-time="2021-10-31T00:23:42.8108564Z" duration="0.000130" asserts="1">
                  <properties>
                    <property name="Description" value="expr: '$substringBefore(&quot;Hola&quot;, 'l')';&#xA; result: &quot;Ho&quot;" />
                  </properties>
                  <output><![CDATA[Expr is '$substringBefore("Hola", 'l')'
Result: '"Ho"'
Expected: '"Ho"'
]]></output>
                </test-case>
                <test-case id="0-2513" name="transform.case043" fullname="Jsonata.Net.Native.TestSuite.Tests.transform.case043" methodname="Test" classname="Jsonata.Net.Native.TestSuite.Tests" runstate="Runnable" seed="75901222" result="Passed" start-time="2021-10-31T00:23:42.8108796Z" end-time="2021-10-31T00:23:42.8109656Z" duration="0.000086" asserts="1">
                  <properties>
                    <property name="Description" value="expr: '$substringBefore(&quot;Hola&quot;, &quot;Q&quot;)';&#xA; result: &quot;Hola&quot;" />
                  </properties>
                  <output><![CDATA[Expr is '$substringBefore("Hola", "Q")'
Result: '"Hola"'
Expected: '"Hola"'
]]></output>
                </test-case>
                <test-case id="0-2514" name="transform.case044" fullname="Jsonata.Net.Native.TestSuite.Tests.transform.case044" methodname="Test" classname="Jsonata.Net.Native.TestSuite.Tests" runstate="Runnable" seed="1464786066" result="Passed" start-time="2021-10-31T00:23:42.8109922Z" end-time="2021-10-31T00:23:42.8110939Z" duration="0.000101" asserts="1">
                  <properties>
                    <property name="Description" value="expr: '$substringBefore(&quot;Hola&quot;, &quot;&quot;)';&#xA; result: &quot;&quot;" />
                  </properties>
                  <output><![CDATA[Expr is '$substringBefore("Hola", "")'
Result: '""'
Expected: '""'
]]></output>
                </test-case>
                <test-case id="0-2515" name="transform.case045" fullname="Jsonata.Net.Native.TestSuite.Tests.transform.case045" methodname="Test" classname="Jsonata.Net.Native.TestSuite.Tests" runstate="Runnable" seed="196134416" result="Passed" start-time="2021-10-31T00:23:42.8111341Z" end-time="2021-10-31T00:23:42.8112763Z" duration="0.000142" asserts="1">
                  <properties>
                    <property name="Description" value="expr: '$substringBefore(&quot;鯵噂ソ竹&quot;, &quot;ソ&quot;)';&#xA; result: &quot;鯵噂&quot;" />
                  </properties>
                  <output><![CDATA[Expr is '$substringBefore("鯵噂ソ竹", "ソ")'
Result: '"鯵噂"'
Expected: '"鯵噂"'
]]></output>
                </test-case>
                <test-case id="0-2516" name="transform.case046" fullname="Jsonata.Net.Native.TestSuite.Tests.transform.case046" methodname="Test" classname="Jsonata.Net.Native.TestSuite.Tests" runstate="Runnable" seed="2123624517" result="Passed" start-time="2021-10-31T00:23:42.8112859Z" end-time="2021-10-31T00:23:42.8114840Z" duration="0.000198" asserts="1">
                  <properties>
                    <property name="Description" value="expr: '$substringAfter(&quot;Coca&quot; &amp; &quot;Cola&quot;, &quot;ca&quot;)';&#xA; result: &quot;Cola&quot;" />
                  </properties>
                  <output><![CDATA[Expr is '$substringAfter("Coca" & "Cola", "ca")'
Result: '"Cola"'
Expected: '"Cola"'
]]></output>
                </test-case>
                <test-case id="0-2517" name="transform.case047" fullname="Jsonata.Net.Native.TestSuite.Tests.transform.case047" methodname="Test" classname="Jsonata.Net.Native.TestSuite.Tests" runstate="Runnable" seed="2135984687" result="Passed" start-time="2021-10-31T00:23:42.8114933Z" end-time="2021-10-31T00:23:42.8116639Z" duration="0.000171" asserts="1">
                  <properties>
                    <property name="Description" value="expr: '$substringAfter(Salutation &amp; &quot; &quot; &amp; MiddleName &amp;&quot; &quot; &amp; Surname, MiddleName)';&#xA; result: &quot; Smith&quot;" />
                  </properties>
                  <output><![CDATA[Expr is '$substringAfter(Salutation & " " & MiddleName &" " & Surname, MiddleName)'
Result: '" Smith"'
Expected: '" Smith"'
]]></output>
                </test-case>
                <test-case id="0-2518" name="transform.case048" fullname="Jsonata.Net.Native.TestSuite.Tests.transform.case048" methodname="Test" classname="Jsonata.Net.Native.TestSuite.Tests" runstate="Runnable" seed="2024205241" result="Passed" start-time="2021-10-31T00:23:42.8116762Z" end-time="2021-10-31T00:23:42.8118190Z" duration="0.000143" asserts="1">
                  <properties>
                    <property name="Description" value="expr: '$substringAfter(Salutation &amp; &quot; &quot; &amp; Employment.Role, Salutation)';&#xA; result: &quot; Senior Physician&quot;" />
                  </properties>
                  <output><![CDATA[Expr is '$substringAfter(Salutation & " " & Employment.Role, Salutation)'
Result: '" Senior Physician"'
Expected: '" Senior Physician"'
]]></output>
                </test-case>
                <test-case id="0-2519" name="transform.case049" fullname="Jsonata.Net.Native.TestSuite.Tests.transform.case049" methodname="Test" classname="Jsonata.Net.Native.TestSuite.Tests" runstate="Runnable" seed="111774477" result="Passed" start-time="2021-10-31T00:23:42.8118269Z" end-time="2021-10-31T00:23:42.8119168Z" duration="0.000090" asserts="1">
                  <properties>
                    <property name="Description" value="expr: '$substringAfter(&quot;Hola&quot;, 'l')';&#xA; result: &quot;a&quot;" />
                  </properties>
                  <output><![CDATA[Expr is '$substringAfter("Hola", 'l')'
Result: '"a"'
Expected: '"a"'
]]></output>
                </test-case>
                <test-case id="0-2520" name="transform.case050" fullname="Jsonata.Net.Native.TestSuite.Tests.transform.case050" methodname="Test" classname="Jsonata.Net.Native.TestSuite.Tests" runstate="Runnable" seed="1747485146" result="Passed" start-time="2021-10-31T00:23:42.8119247Z" end-time="2021-10-31T00:23:42.8120125Z" duration="0.000088" asserts="1">
                  <properties>
                    <property name="Description" value="expr: '$substringAfter(&quot;Hola&quot;, &quot;Q&quot;)';&#xA; result: &quot;Hola&quot;" />
                  </properties>
                  <output><![CDATA[Expr is '$substringAfter("Hola", "Q")'
Result: '"Hola"'
Expected: '"Hola"'
]]></output>
                </test-case>
                <test-case id="0-2521" name="transform.case051" fullname="Jsonata.Net.Native.TestSuite.Tests.transform.case051" methodname="Test" classname="Jsonata.Net.Native.TestSuite.Tests" runstate="Runnable" seed="478472273" result="Passed" start-time="2021-10-31T00:23:42.8120201Z" end-time="2021-10-31T00:23:42.8121568Z" duration="0.000137" asserts="1">
                  <properties>
                    <property name="Description" value="expr: '$lowercase(Employment.Role) &amp; &quot; (&quot; &amp; Employment.Role &amp; &quot;)&quot;';&#xA; result: &quot;senior physician (Senior Physician)&quot;" />
                  </properties>
                  <output><![CDATA[Expr is '$lowercase(Employment.Role) & " (" & Employment.Role & ")"'
Result: '"senior physician (Senior Physician)"'
Expected: '"senior physician (Senior Physician)"'
]]></output>
                </test-case>
                <test-case id="0-2522" name="transform.case052" fullname="Jsonata.Net.Native.TestSuite.Tests.transform.case052" methodname="Test" classname="Jsonata.Net.Native.TestSuite.Tests" runstate="Runnable" seed="2108814620" result="Passed" start-time="2021-10-31T00:23:42.8121647Z" end-time="2021-10-31T00:23:42.8122652Z" duration="0.000101" asserts="1">
                  <properties>
                    <property name="Description" value="expr: 'Employment.Years &amp; &quot; years of employment&quot;';&#xA; result: &quot;12 years of employment&quot;" />
                  </properties>
                  <output><![CDATA[Expr is 'Employment.Years & " years of employment"'
Result: '"12 years of employment"'
Expected: '"12 years of employment"'
]]></output>
                </test-case>
                <test-case id="0-2523" name="transform.case053" fullname="Jsonata.Net.Native.TestSuite.Tests.transform.case053" methodname="Test" classname="Jsonata.Net.Native.TestSuite.Tests" runstate="Runnable" seed="180714983" result="Passed" start-time="2021-10-31T00:23:42.8122727Z" end-time="2021-10-31T00:23:42.8124194Z" duration="0.000147" asserts="1">
                  <properties>
                    <property name="Description" value="expr: '$uppercase(Salutation &amp; &quot; &quot; &amp; Surname &amp; &quot; - has &quot; &amp; Employment.Years &amp; &quot; years of employment&quot;)';&#xA; result: &quot;MR SMITH - HAS 12 YEARS OF EMPLOYMENT&quot;" />
                  </properties>
                  <output><![CDATA[Expr is '$uppercase(Salutation & " " & Surname & " - has " & Employment.Years & " years of employment")'
Result: '"MR SMITH - HAS 12 YEARS OF EMPLOYMENT"'
Expected: '"MR SMITH - HAS 12 YEARS OF EMPLOYMENT"'
]]></output>
                </test-case>
                <test-case id="0-2524" name="transform.case054" fullname="Jsonata.Net.Native.TestSuite.Tests.transform.case054" methodname="Test" classname="Jsonata.Net.Native.TestSuite.Tests" runstate="Runnable" seed="353162948" result="Passed" start-time="2021-10-31T00:23:42.8124312Z" end-time="2021-10-31T00:23:42.8126679Z" duration="0.000237" asserts="1">
                  <properties>
                    <property name="Description" value="expr: '$substring(Employment.Role, 7,4)';&#xA; result: &quot;Phys&quot;" />
                  </properties>
                  <output><![CDATA[Expr is '$substring(Employment.Role, 7,4)'
Result: '"Phys"'
Expected: '"Phys"'
]]></output>
                </test-case>
                <test-case id="0-2525" name="transform.case055" fullname="Jsonata.Net.Native.TestSuite.Tests.transform.case055" methodname="Test" classname="Jsonata.Net.Native.TestSuite.Tests" runstate="Runnable" seed="1942142541" result="Passed" start-time="2021-10-31T00:23:42.8126766Z" end-time="2021-10-31T00:23:42.8131759Z" duration="0.000500" asserts="1">
                  <properties>
                    <property name="Description" value="expr: '$substring(Employment.Role, -4,4)';&#xA; result: &quot;cian&quot;" />
                  </properties>
                  <output><![CDATA[Expr is '$substring(Employment.Role, -4,4)'
Result: '"cian"'
Expected: '"cian"'
]]></output>
                </test-case>
                <test-case id="0-2526" name="transform.case056" fullname="Jsonata.Net.Native.TestSuite.Tests.transform.case056" methodname="Test" classname="Jsonata.Net.Native.TestSuite.Tests" runstate="Runnable" seed="1543437686" result="Passed" start-time="2021-10-31T00:23:42.8131856Z" end-time="2021-10-31T00:23:42.8133009Z" duration="0.000115" asserts="1">
                  <properties>
                    <property name="Description" value="expr: '$substring(&quot;Hello World&quot;,Cars,5)';&#xA; result: &quot;lo Wo&quot;" />
                  </properties>
                  <output><![CDATA[Expr is '$substring("Hello World",Cars,5)'
Result: '"lo Wo"'
Expected: '"lo Wo"'
]]></output>
                </test-case>
                <test-case id="0-2527" name="transform.case057" fullname="Jsonata.Net.Native.TestSuite.Tests.transform.case057" methodname="Test" classname="Jsonata.Net.Native.TestSuite.Tests" runstate="Runnable" seed="552324716" result="Skipped" label="Ignored" start-time="2021-10-31T00:23:42.8133139Z" end-time="2021-10-31T00:23:42.8139880Z" duration="0.000674" asserts="0">
                  <properties>
                    <property name="Description" value="expr: '$lowercase(&quot;Missing close brackets&quot;';&#xA; result: error S0203" />
                  </properties>
                  <reason>
                    <message><![CDATA[Failed with exception: expected token 'typeParenClose' before end of expression
(ErrMissingToken)
   at Jsonata.Net.Native.Parsing.Parser.consume(TokenType expected, Boolean allowRegex) in f:\Projects\_NuGet\jsonata.net.native\src\Jsonata.Net.Native\Parsing\Parser.cs:line 195
   at Jsonata.Net.Native.Parsing.Parser.parseFunctionCall(Token t, Node lhs) in f:\Projects\_NuGet\jsonata.net.native\src\Jsonata.Net.Native\Parsing\Parser_Leds.cs:line 43
   at Jsonata.Net.Native.Parsing.Parser.parseExpression(Int32 rbp) in f:\Projects\_NuGet\jsonata.net.native\src\Jsonata.Net.Native\Parsing\Parser.cs:line 230
   at Jsonata.Net.Native.Parsing.Parser.Parse(String queryText) in f:\Projects\_NuGet\jsonata.net.native\src\Jsonata.Net.Native\Parsing\Parser.cs:line 18
   at Jsonata.Net.Native.JsonataQuery..ctor(String queryText) in f:\Projects\_NuGet\jsonata.net.native\src\Jsonata.Net.Native\JsonataQuery.cs:line 21
   at Jsonata.Net.Native.TestSuite.Tests.Test(CaseInfo caseInfo) in f:\Projects\_NuGet\jsonata.net.native\src\Jsonata.Net.Native.TestSuite\UnitTest1.cs:line 74]]></message>
                  </reason>
                  <output><![CDATA[Expr is '$lowercase("Missing close brackets"'
]]></output>
                </test-case>
                <test-case id="0-2528" name="transform.case058" fullname="Jsonata.Net.Native.TestSuite.Tests.transform.case058" methodname="Test" classname="Jsonata.Net.Native.TestSuite.Tests" runstate="Runnable" seed="12294417" result="Passed" start-time="2021-10-31T00:23:42.8140197Z" end-time="2021-10-31T00:23:42.8148643Z" duration="0.000845" asserts="0">
                  <properties>
                    <property name="Description" value="expr: '$unknown(Salutation)';&#xA; result: error T1006" />
                  </properties>
                  <reason>
                    <message><![CDATA[Expected to throw error with code T1006]]></message>
                  </reason>
                  <output><![CDATA[Expr is '$unknown(Salutation)'
]]></output>
                </test-case>
                <test-case id="0-2529" name="transform.case059" fullname="Jsonata.Net.Native.TestSuite.Tests.transform.case059" methodname="Test" classname="Jsonata.Net.Native.TestSuite.Tests" runstate="Runnable" seed="1905227907" result="Passed" start-time="2021-10-31T00:23:42.8148779Z" end-time="2021-10-31T00:23:42.8152908Z" duration="0.000413" asserts="0">
                  <properties>
                    <property name="Description" value="expr: '$decrypt(Salutation)';&#xA; result: error T1006" />
                  </properties>
                  <reason>
                    <message><![CDATA[Expected to throw error with code T1006]]></message>
                  </reason>
                  <output><![CDATA[Expr is '$decrypt(Salutation)'
]]></output>
                </test-case>
                <test-case id="0-2530" name="transform.case060" fullname="Jsonata.Net.Native.TestSuite.Tests.transform.case060" methodname="Test" classname="Jsonata.Net.Native.TestSuite.Tests" runstate="Runnable" seed="1860307890" result="Passed" start-time="2021-10-31T00:23:42.8153388Z" end-time="2021-10-31T00:23:42.8165662Z" duration="0.001228" asserts="0">
                  <properties>
                    <property name="Description" value="expr: 'Employment.authentication(Salutation)';&#xA; result: error T1006" />
                  </properties>
                  <reason>
                    <message><![CDATA[Expected to throw error with code T1006]]></message>
                  </reason>
                  <output><![CDATA[Expr is 'Employment.authentication(Salutation)'
]]></output>
                </test-case>
                <test-case id="0-2531" name="transform.case061" fullname="Jsonata.Net.Native.TestSuite.Tests.transform.case061" methodname="Test" classname="Jsonata.Net.Native.TestSuite.Tests" runstate="Runnable" seed="105471258" result="Passed" start-time="2021-10-31T00:23:42.8165853Z" end-time="2021-10-31T00:23:42.8167241Z" duration="0.000139" asserts="1">
                  <properties>
                    <property name="Description" value="expr: '$uppercase(Invalid)';&#xA; result: undefined" />
                  </properties>
                  <output><![CDATA[Expr is '$uppercase(Invalid)'
Result: 'undefined'
Expected 'undefined'
]]></output>
                </test-case>
                <test-case id="0-2532" name="transform.case062" fullname="Jsonata.Net.Native.TestSuite.Tests.transform.case062" methodname="Test" classname="Jsonata.Net.Native.TestSuite.Tests" runstate="Runnable" seed="544478260" result="Passed" start-time="2021-10-31T00:23:42.8167326Z" end-time="2021-10-31T00:23:42.8168449Z" duration="0.000112" asserts="1">
                  <properties>
                    <property name="Description" value="expr: '$uppercase(Employment.Invalid)';&#xA; result: undefined" />
                  </properties>
                  <output><![CDATA[Expr is '$uppercase(Employment.Invalid)'
Result: 'undefined'
Expected 'undefined'
]]></output>
                </test-case>
                <test-case id="0-2533" name="transform.case063" fullname="Jsonata.Net.Native.TestSuite.Tests.transform.case063" methodname="Test" classname="Jsonata.Net.Native.TestSuite.Tests" runstate="Runnable" seed="699417951" result="Passed" start-time="2021-10-31T00:23:42.8168527Z" end-time="2021-10-31T00:23:42.8172476Z" duration="0.000395" asserts="0">
                  <properties>
                    <property name="Description" value="expr: '$lowercase(&quot;Coca&quot;, &quot;Cola&quot;)';&#xA; result: error T0410" />
                  </properties>
                  <reason>
                    <message><![CDATA[Expected to throw error with code T0410]]></message>
                  </reason>
                  <output><![CDATA[Expr is '$lowercase("Coca", "Cola")'
]]></output>
                </test-case>
                <test-case id="0-2534" name="transform.case064" fullname="Jsonata.Net.Native.TestSuite.Tests.transform.case064" methodname="Test" classname="Jsonata.Net.Native.TestSuite.Tests" runstate="Runnable" seed="1392285184" result="Passed" start-time="2021-10-31T00:23:42.8172678Z" end-time="2021-10-31T00:23:42.8176977Z" duration="0.000430" asserts="0">
                  <properties>
                    <property name="Description" value="expr: '$lowercase(Salary)';&#xA; result: error T0410" />
                  </properties>
                  <reason>
                    <message><![CDATA[Expected to throw error with code T0410]]></message>
                  </reason>
                  <output><![CDATA[Expr is '$lowercase(Salary)'
]]></output>
                </test-case>
                <test-case id="0-2535" name="transform.case065" fullname="Jsonata.Net.Native.TestSuite.Tests.transform.case065" methodname="Test" classname="Jsonata.Net.Native.TestSuite.Tests" runstate="Runnable" seed="1911289959" result="Passed" start-time="2021-10-31T00:23:42.8177082Z" end-time="2021-10-31T00:23:42.8185586Z" duration="0.000850" asserts="0">
                  <properties>
                    <property name="Description" value="expr: '$lowercase(20)';&#xA; result: error T0410" />
                  </properties>
                  <reason>
                    <message><![CDATA[Expected to throw error with code T0410]]></message>
                  </reason>
                  <output><![CDATA[Expr is '$lowercase(20)'
]]></output>
                </test-case>
                <test-case id="0-2536" name="transform.case066" fullname="Jsonata.Net.Native.TestSuite.Tests.transform.case066" methodname="Test" classname="Jsonata.Net.Native.TestSuite.Tests" runstate="Runnable" seed="1883476789" result="Passed" start-time="2021-10-31T00:23:42.8186141Z" end-time="2021-10-31T00:23:42.8196043Z" duration="0.000990" asserts="0">
                  <properties>
                    <property name="Description" value="expr: '$lowercase(20.55)';&#xA; result: error T0410" />
                  </properties>
                  <reason>
                    <message><![CDATA[Expected to throw error with code T0410]]></message>
                  </reason>
                  <output><![CDATA[Expr is '$lowercase(20.55)'
]]></output>
                </test-case>
                <test-case id="0-2537" name="transform.case067" fullname="Jsonata.Net.Native.TestSuite.Tests.transform.case067" methodname="Test" classname="Jsonata.Net.Native.TestSuite.Tests" runstate="Runnable" seed="2104700582" result="Passed" start-time="2021-10-31T00:23:42.8196275Z" end-time="2021-10-31T00:23:42.8237625Z" duration="0.004135" asserts="0">
                  <properties>
                    <property name="Description" value="expr: '$lowercase(Employment)';&#xA; result: error T0410" />
                  </properties>
                  <reason>
                    <message><![CDATA[Expected to throw error with code T0410]]></message>
                  </reason>
                  <output><![CDATA[Expr is '$lowercase(Employment)'
]]></output>
                </test-case>
                <test-case id="0-2538" name="transform.case068" fullname="Jsonata.Net.Native.TestSuite.Tests.transform.case068" methodname="Test" classname="Jsonata.Net.Native.TestSuite.Tests" runstate="Runnable" seed="1473770322" result="Passed" start-time="2021-10-31T00:23:42.8237821Z" end-time="2021-10-31T00:23:42.8242099Z" duration="0.000428" asserts="0">
                  <properties>
                    <property name="Description" value="expr: '$lowercase(Qualifications)';&#xA; result: error T0410" />
                  </properties>
                  <reason>
                    <message><![CDATA[Expected to throw error with code T0410]]></message>
                  </reason>
                  <output><![CDATA[Expr is '$lowercase(Qualifications)'
]]></output>
                </test-case>
                <test-case id="0-2539" name="transform.case069" fullname="Jsonata.Net.Native.TestSuite.Tests.transform.case069" methodname="Test" classname="Jsonata.Net.Native.TestSuite.Tests" runstate="Runnable" seed="1280608686" result="Passed" start-time="2021-10-31T00:23:42.8242202Z" end-time="2021-10-31T00:23:42.8245570Z" duration="0.000337" asserts="0">
                  <properties>
                    <property name="Description" value="expr: '$uppercase(&quot;Coca&quot;, &quot;Cola&quot;)';&#xA; result: error T0410" />
                  </properties>
                  <reason>
                    <message><![CDATA[Expected to throw error with code T0410]]></message>
                  </reason>
                  <output><![CDATA[Expr is '$uppercase("Coca", "Cola")'
]]></output>
                </test-case>
                <test-case id="0-2540" name="transform.case070" fullname="Jsonata.Net.Native.TestSuite.Tests.transform.case070" methodname="Test" classname="Jsonata.Net.Native.TestSuite.Tests" runstate="Runnable" seed="1215350329" result="Passed" start-time="2021-10-31T00:23:42.8245718Z" end-time="2021-10-31T00:23:42.8249383Z" duration="0.000367" asserts="0">
                  <properties>
[...]
   at Jsonata.Net.Native.TestSuite.Tests.Test(CaseInfo caseInfo) in f:\Projects\_NuGet\jsonata.net.native\src\Jsonata.Net.Native.TestSuite\UnitTest1.cs:line 75]]></message>
                  </reason>
                  <output><![CDATA[Expr is '$ ~> | ** [hi] | {'hello': hi}, ['hi'] |'
]]></output>
                </test-case>
                <test-case id="0-2589" name="variables.case000" fullname="Jsonata.Net.Native.TestSuite.Tests.variables.case000" methodname="Test" classname="Jsonata.Net.Native.TestSuite.Tests" runstate="Runnable" seed="622853894" result="Passed" start-time="2021-10-31T00:23:42.8990704Z" end-time="2021-10-31T00:23:42.8994290Z" duration="0.000254" asserts="1">
                  <properties>
                    <property name="Description" value="expr: '$price.foo.bar';&#xA; result: 45" />
                  </properties>
                  <output><![CDATA[Expr is '$price.foo.bar'
Result: '45'
Expected: '45'
]]></output>
                </test-case>
                <test-case id="0-2590" name="variables.case001" fullname="Jsonata.Net.Native.TestSuite.Tests.variables.case001" methodname="Test" classname="Jsonata.Net.Native.TestSuite.Tests" runstate="Runnable" seed="1735877468" result="Passed" start-time="2021-10-31T00:23:42.9000484Z" end-time="2021-10-31T00:23:42.9002977Z" duration="0.000249" asserts="1">
                  <properties>
                    <property name="Description" value="expr: '$price.foo.bar';&#xA; result: 45" />
                  </properties>
                  <output><![CDATA[Expr is '$price.foo.bar'
Result: '45'
Expected: '45'
]]></output>
                </test-case>
                <test-case id="0-2591" name="variables.case002" fullname="Jsonata.Net.Native.TestSuite.Tests.variables.case002" methodname="Test" classname="Jsonata.Net.Native.TestSuite.Tests" runstate="Runnable" seed="1535272734" result="Passed" start-time="2021-10-31T00:23:42.9006678Z" end-time="2021-10-31T00:23:42.9010331Z" duration="0.000366" asserts="1">
                  <properties>
                    <property name="Description" value="expr: '$var[1]';&#xA; result: 2" />
                  </properties>
                  <output><![CDATA[Expr is '$var[1]'
Result: '2'
Expected: '2'
]]></output>
                </test-case>
                <test-case id="0-2592" name="variables.case003" fullname="Jsonata.Net.Native.TestSuite.Tests.variables.case003" methodname="Test" classname="Jsonata.Net.Native.TestSuite.Tests" runstate="Runnable" seed="227116133" result="Passed" start-time="2021-10-31T00:23:42.9013854Z" end-time="2021-10-31T00:23:42.9015257Z" duration="0.000140" asserts="1">
                  <properties>
                    <property name="Description" value="expr: '$.foo.bar';&#xA; result: 42" />
                  </properties>
                  <output><![CDATA[Expr is '$.foo.bar'
Result: '42'
Expected: '42'
]]></output>
                </test-case>
                <test-case id="0-2593" name="variables.case004" fullname="Jsonata.Net.Native.TestSuite.Tests.variables.case004" methodname="Test" classname="Jsonata.Net.Native.TestSuite.Tests" runstate="Runnable" seed="1854556348" result="Passed" start-time="2021-10-31T00:23:42.9017721Z" end-time="2021-10-31T00:23:42.9018934Z" duration="0.000121" asserts="1">
                  <properties>
                    <property name="Description" value="expr: '$a := 5';&#xA; result: 5" />
                  </properties>
                  <output><![CDATA[Expr is '$a := 5'
Result: '5'
Expected: '5'
]]></output>
                </test-case>
                <test-case id="0-2594" name="variables.case005" fullname="Jsonata.Net.Native.TestSuite.Tests.variables.case005" methodname="Test" classname="Jsonata.Net.Native.TestSuite.Tests" runstate="Runnable" seed="1220453898" result="Passed" start-time="2021-10-31T00:23:42.9027078Z" end-time="2021-10-31T00:23:42.9028627Z" duration="0.000155" asserts="1">
                  <properties>
                    <property name="Description" value="expr: '$a := $b := 5';&#xA; result: 5" />
                  </properties>
                  <output><![CDATA[Expr is '$a := $b := 5'
Result: '5'
Expected: '5'
]]></output>
                </test-case>
                <test-case id="0-2595" name="variables.case006" fullname="Jsonata.Net.Native.TestSuite.Tests.variables.case006" methodname="Test" classname="Jsonata.Net.Native.TestSuite.Tests" runstate="Runnable" seed="1865632014" result="Passed" start-time="2021-10-31T00:23:42.9041967Z" end-time="2021-10-31T00:23:42.9043229Z" duration="0.000126" asserts="1">
                  <properties>
                    <property name="Description" value="expr: '($a := $b := 5; $a)';&#xA; result: 5" />
                  </properties>
                  <output><![CDATA[Expr is '($a := $b := 5; $a)'
Result: '5'
Expected: '5'
]]></output>
                </test-case>
                <test-case id="0-2596" name="variables.case007" fullname="Jsonata.Net.Native.TestSuite.Tests.variables.case007" methodname="Test" classname="Jsonata.Net.Native.TestSuite.Tests" runstate="Runnable" seed="959004089" result="Passed" start-time="2021-10-31T00:23:42.9047575Z" end-time="2021-10-31T00:23:42.9049172Z" duration="0.000160" asserts="1">
                  <properties>
                    <property name="Description" value="expr: '($a := $b := 5; $b)';&#xA; result: 5" />
                  </properties>
                  <output><![CDATA[Expr is '($a := $b := 5; $b)'
Result: '5'
Expected: '5'
]]></output>
                </test-case>
                <test-case id="0-2597" name="variables.case008" fullname="Jsonata.Net.Native.TestSuite.Tests.variables.case008" methodname="Test" classname="Jsonata.Net.Native.TestSuite.Tests" runstate="Runnable" seed="546246790" result="Skipped" label="Ignored" start-time="2021-10-31T00:23:42.9057555Z" end-time="2021-10-31T00:23:42.9071254Z" duration="0.001370" asserts="0">
                  <properties>
                    <property name="Description" value="expr: '( $a := 5; $a := $a + 2; $a )';&#xA; result: 7" />
                  </properties>
                  <reason>
                    <message><![CDATA[Failed with exception: An item with the same key has already been added. Key: a
(ArgumentException)
   at System.Collections.Generic.Dictionary`2.TryInsert(TKey key, TValue value, InsertionBehavior behavior)
   at System.Collections.Generic.Dictionary`2.Add(TKey key, TValue value)
   at Jsonata.Net.Native.Eval.Environment.Bind(String name, JToken value) in f:\Projects\_NuGet\jsonata.net.native\src\Jsonata.Net.Native\Eval\Environment.cs:line 56
   at Jsonata.Net.Native.Eval.EvalProcessor.evalAssignment(AssignmentNode assignmentNode, JToken input, Environment env) in f:\Projects\_NuGet\jsonata.net.native\src\Jsonata.Net.Native\Eval\EvalProcessor.cs:line 286
   at Jsonata.Net.Native.Eval.EvalProcessor.EvalInternal(Node node, JToken input, Environment env) in f:\Projects\_NuGet\jsonata.net.native\src\Jsonata.Net.Native\Eval\EvalProcessor.cs:line 102
   at Jsonata.Net.Native.Eval.EvalProcessor.Eval(Node node, JToken input, Environment env) in f:\Projects\_NuGet\jsonata.net.native\src\Jsonata.Net.Native\Eval\EvalProcessor.cs:line 50
   at Jsonata.Net.Native.Eval.EvalProcessor.evalBlock(BlockNode blockNode, JToken input, Environment env) in f:\Projects\_NuGet\jsonata.net.native\src\Jsonata.Net.Native\Eval\EvalProcessor.cs:line 301
   at Jsonata.Net.Native.Eval.EvalProcessor.EvalInternal(Node node, JToken input, Environment env) in f:\Projects\_NuGet\jsonata.net.native\src\Jsonata.Net.Native\Eval\EvalProcessor.cs:line 98
   at Jsonata.Net.Native.Eval.EvalProcessor.Eval(Node node, JToken input, Environment env) in f:\Projects\_NuGet\jsonata.net.native\src\Jsonata.Net.Native\Eval\EvalProcessor.cs:line 50
   at Jsonata.Net.Native.Eval.EvalProcessor.EvaluateJson(Node rootNode, JToken data, JObject bindings) in f:\Projects\_NuGet\jsonata.net.native\src\Jsonata.Net.Native\Eval\EvalProcessor.cs:line 36
   at Jsonata.Net.Native.JsonataQuery.Eval(JToken data, JObject bindings) in f:\Projects\_NuGet\jsonata.net.native\src\Jsonata.Net.Native\JsonataQuery.cs:line 39
   at Jsonata.Net.Native.TestSuite.Tests.Test(CaseInfo caseInfo) in f:\Projects\_NuGet\jsonata.net.native\src\Jsonata.Net.Native.TestSuite\UnitTest1.cs:line 75]]></message>
                  </reason>
                  <output><![CDATA[Expr is '( $a := 5; $a := $a + 2; $a )'
]]></output>
                </test-case>
                <test-case id="0-2598" name="variables.case009" fullname="Jsonata.Net.Native.TestSuite.Tests.variables.case009" methodname="Test" classname="Jsonata.Net.Native.TestSuite.Tests" runstate="Runnable" seed="2069343210" result="Passed" start-time="2021-10-31T00:23:42.9073585Z" end-time="2021-10-31T00:23:42.9076634Z" duration="0.000305" asserts="1">
                  <properties>
                    <property name="Description" value="expr: '[1,2,3].$v';&#xA; result: undefined" />
                  </properties>
                  <output><![CDATA[Expr is '[1,2,3].$v'
Result: 'undefined'
Expected 'undefined'
]]></output>
                </test-case>
                <test-case id="0-2599" name="variables.case010" fullname="Jsonata.Net.Native.TestSuite.Tests.variables.case010" methodname="Test" classname="Jsonata.Net.Native.TestSuite.Tests" runstate="Runnable" seed="1299476824" result="Passed" start-time="2021-10-31T00:23:42.9079830Z" end-time="2021-10-31T00:23:42.9081026Z" duration="0.000120" asserts="1">
                  <properties>
                    <property name="Description" value="expr: '( $foo := &quot;defined&quot;; ( $foo := nothing ); $foo )';&#xA; result: &quot;defined&quot;" />
                  </properties>
                  <output><![CDATA[Expr is '( $foo := "defined"; ( $foo := nothing ); $foo )'
Result: '"defined"'
Expected: '"defined"'
]]></output>
                </test-case>
                <test-case id="0-2600" name="variables.case011" fullname="Jsonata.Net.Native.TestSuite.Tests.variables.case011" methodname="Test" classname="Jsonata.Net.Native.TestSuite.Tests" runstate="Runnable" seed="865775880" result="Passed" start-time="2021-10-31T00:23:42.9086891Z" end-time="2021-10-31T00:23:42.9088742Z" duration="0.000185" asserts="1">
                  <properties>
                    <property name="Description" value="expr: '( $foo := &quot;defined&quot;; ( $foo := nothing; $foo ) )';&#xA; result: undefined" />
                  </properties>
                  <output><![CDATA[Expr is '( $foo := "defined"; ( $foo := nothing; $foo ) )'
Result: 'undefined'
Expected 'undefined'
]]></output>
                </test-case>
                <test-case id="0-2601" name="variables.case012" fullname="Jsonata.Net.Native.TestSuite.Tests.variables.case012" methodname="Test" classname="Jsonata.Net.Native.TestSuite.Tests" runstate="Runnable" seed="2142974025" result="Passed" start-time="2021-10-31T00:23:42.9093644Z" end-time="2021-10-31T00:23:42.9101683Z" duration="0.000804" asserts="0">
                  <properties>
                    <property name="Description" value="expr: '($a := [1,2]; $a[1]:=3; $a)';&#xA; result: error S0212" />
                  </properties>
                  <reason>
                    <message><![CDATA[Expected to throw error with code S0212]]></message>
                  </reason>
                  <output><![CDATA[Expr is '($a := [1,2]; $a[1]:=3; $a)'
]]></output>
                </test-case>
                <test-case id="0-2602" name="wildcards.case000" fullname="Jsonata.Net.Native.TestSuite.Tests.wildcards.case000" methodname="Test" classname="Jsonata.Net.Native.TestSuite.Tests" runstate="Runnable" seed="590394129" result="Passed" start-time="2021-10-31T00:23:42.9118919Z" end-time="2021-10-31T00:23:42.9150018Z" duration="0.003109" asserts="1">
                  <properties>
                    <property name="Description" value="expr: 'foo.*';&#xA; result: [42,{&quot;baz&quot;:{&quot;fud&quot;:&quot;hello&quot;}},{&quot;baz&quot;:{&quot;fud&quot;:&quot;world&quot;}},{&quot;bazz&quot;:&quot;gotcha&quot;},&quot;here&quot;]" />
                  </properties>
                  <output><![CDATA[Expr is 'foo.*'
Result: '[42,{"baz":{"fud":"hello"}},{"baz":{"fud":"world"}},{"bazz":"gotcha"},"here"]'
Expected: '[42,{"baz":{"fud":"hello"}},{"baz":{"fud":"world"}},{"bazz":"gotcha"},"here"]'
]]></output>
                </test-case>
                <test-case id="0-2603" name="wildcards.case001" fullname="Jsonata.Net.Native.TestSuite.Tests.wildcards.case001" methodname="Test" classname="Jsonata.Net.Native.TestSuite.Tests" runstate="Runnable" seed="1854664511" result="Passed" start-time="2021-10-31T00:23:42.9154567Z" end-time="2021-10-31T00:23:42.9156237Z" duration="0.000167" asserts="1">
                  <properties>
                    <property name="Description" value="expr: 'foo.*.baz';&#xA; result: [{&quot;fud&quot;:&quot;hello&quot;},{&quot;fud&quot;:&quot;world&quot;}]" />
                  </properties>
                  <output><![CDATA[Expr is 'foo.*.baz'
Result: '[{"fud":"hello"},{"fud":"world"}]'
Expected: '[{"fud":"hello"},{"fud":"world"}]'
]]></output>
                </test-case>
                <test-case id="0-2604" name="wildcards.case002" fullname="Jsonata.Net.Native.TestSuite.Tests.wildcards.case002" methodname="Test" classname="Jsonata.Net.Native.TestSuite.Tests" runstate="Runnable" seed="1521593472" result="Passed" start-time="2021-10-31T00:23:42.9157655Z" end-time="2021-10-31T00:23:42.9159361Z" duration="0.000171" asserts="1">
                  <properties>
                    <property name="Description" value="expr: 'foo.*.bazz';&#xA; result: &quot;gotcha&quot;" />
                  </properties>
                  <output><![CDATA[Expr is 'foo.*.bazz'
Result: '"gotcha"'
Expected: '"gotcha"'
]]></output>
                </test-case>
                <test-case id="0-2605" name="wildcards.case003" fullname="Jsonata.Net.Native.TestSuite.Tests.wildcards.case003" methodname="Test" classname="Jsonata.Net.Native.TestSuite.Tests" runstate="Runnable" seed="539478089" result="Passed" start-time="2021-10-31T00:23:42.9161752Z" end-time="2021-10-31T00:23:42.9163479Z" duration="0.000173" asserts="1">
                  <properties>
                    <property name="Description" value="expr: 'foo.*.baz.*';&#xA; result: [&quot;hello&quot;,&quot;world&quot;]" />
                  </properties>
                  <output><![CDATA[Expr is 'foo.*.baz.*'
Result: '["hello","world"]'
Expected: '["hello","world"]'
]]></output>
                </test-case>
                <test-case id="0-2606" name="wildcards.case004" fullname="Jsonata.Net.Native.TestSuite.Tests.wildcards.case004" methodname="Test" classname="Jsonata.Net.Native.TestSuite.Tests" runstate="Runnable" seed="1822371572" result="Passed" start-time="2021-10-31T00:23:42.9168360Z" end-time="2021-10-31T00:23:42.9171777Z" duration="0.000342" asserts="1">
                  <properties>
                    <property name="Description" value="expr: 'foo.*.baz.*';&#xA; result: [&quot;hello&quot;,&quot;world&quot;]" />
                  </properties>
                  <output><![CDATA[Expr is 'foo.*.baz.*'
Result: '["hello","world"]'
Expected: '["hello","world"]'
]]></output>
                </test-case>
                <test-case id="0-2607" name="wildcards.case005" fullname="Jsonata.Net.Native.TestSuite.Tests.wildcards.case005" methodname="Test" classname="Jsonata.Net.Native.TestSuite.Tests" runstate="Runnable" seed="367180645" result="Passed" start-time="2021-10-31T00:23:42.9177168Z" end-time="2021-10-31T00:23:42.9179227Z" duration="0.000206" asserts="1">
                  <properties>
                    <property name="Description" value="expr: 'foo.*.baz.*';&#xA; result: [&quot;hello&quot;,&quot;world&quot;]" />
                  </properties>
                  <output><![CDATA[Expr is 'foo.*.baz.*'
Result: '["hello","world"]'
Expected: '["hello","world"]'
]]></output>
                </test-case>
                <test-case id="0-2608" name="wildcards.case006" fullname="Jsonata.Net.Native.TestSuite.Tests.wildcards.case006" methodname="Test" classname="Jsonata.Net.Native.TestSuite.Tests" runstate="Runnable" seed="876873990" result="Passed" start-time="2021-10-31T00:23:42.9183411Z" end-time="2021-10-31T00:23:42.9186074Z" duration="0.000266" asserts="1">
                  <properties>
                    <property name="Description" value="expr: '*[type=&quot;home&quot;]';&#xA; result: [{&quot;type&quot;:&quot;home&quot;,&quot;number&quot;:&quot;0203 544 1234&quot;},{&quot;type&quot;:&quot;home&quot;,&quot;address&quot;:[&quot;freddy@my-social.com&quot;,&quot;frederic.smith@very-serious.com&quot;]}]" />
                  </properties>
                  <output><![CDATA[Expr is '*[type="home"]'
Result: '[{"type":"home","number":"0203 544 1234"},{"type":"home","address":["freddy@my-social.com","frederic.smith@very-serious.com"]}]'
Expected: '[{"type":"home","number":"0203 544 1234"},{"type":"home","address":["freddy@my-social.com","frederic.smith@very-serious.com"]}]'
]]></output>
                </test-case>
                <test-case id="0-2609" name="wildcards.case007" fullname="Jsonata.Net.Native.TestSuite.Tests.wildcards.case007" methodname="Test" classname="Jsonata.Net.Native.TestSuite.Tests" runstate="Runnable" seed="1962860578" result="Passed" start-time="2021-10-31T00:23:42.9193874Z" end-time="2021-10-31T00:23:42.9205940Z" duration="0.001207" asserts="1">
                  <properties>
                    <property name="Description" value="expr: 'Account[$$.Account.&quot;Account Name&quot; = &quot;Firefly&quot;].*[OrderID=&quot;order104&quot;].Product.Price';&#xA; result: [34.45,107.99]" />
                  </properties>
                  <output><![CDATA[Expr is 'Account[$$.Account."Account Name" = "Firefly"].*[OrderID="order104"].Product.Price'
Result: '[34.45,107.99]'
Expected: '[34.45,107.99]'
]]></output>
                </test-case>
                <test-case id="0-2610" name="wildcards.case008" fullname="Jsonata.Net.Native.TestSuite.Tests.wildcards.case008" methodname="Test" classname="Jsonata.Net.Native.TestSuite.Tests" runstate="Runnable" seed="1771739016" result="Passed" start-time="2021-10-31T00:23:42.9210975Z" end-time="2021-10-31T00:23:42.9222642Z" duration="0.001167" asserts="1">
                  <properties>
                    <property name="Description" value="expr: 'Account[$$.Account.`Account Name` = &quot;Firefly&quot;].*[OrderID=&quot;order104&quot;].Product.Price';&#xA; result: [34.45,107.99]" />
                  </properties>
                  <output><![CDATA[Expr is 'Account[$$.Account.`Account Name` = "Firefly"].*[OrderID="order104"].Product.Price'
Result: '[34.45,107.99]'
Expected: '[34.45,107.99]'
]]></output>
                </test-case>
                <test-case id="0-2611" name="wildcards.case009" fullname="Jsonata.Net.Native.TestSuite.Tests.wildcards.case009" methodname="Test" classname="Jsonata.Net.Native.TestSuite.Tests" runstate="Runnable" seed="404890545" result="Passed" start-time="2021-10-31T00:23:42.9228520Z" end-time="2021-10-31T00:23:42.9229763Z" duration="0.000124" asserts="1">
                  <properties>
                    <property name="Description" value="expr: '*';&#xA; result: [1,2,3]" />
                  </properties>
                  <output><![CDATA[Expr is '*'
Result: '[1,2,3]'
Expected: '[1,2,3]'
]]></output>
                </test-case>
              </test-suite>
            </test-suite>
          </test-suite>
        </test-suite>
      </test-suite>
    </test-suite>
  </test-suite>
</test-run>