<?xml version="1.0" encoding="utf-8" standalone="no"?>
<test-run id="0" name="Jsonata.Net.Native.TestSuite.dll" fullname="f:\Projects\_NuGet\jsonata.net.native\src\Jsonata.Net.Native.TestSuite\bin\Debug\net5.0\Jsonata.Net.Native.TestSuite.dll" runstate="Runnable" testcasecount="1611" result="Passed" total="1" passed="1" failed="0" inconclusive="0" skipped="0" asserts="2" engine-version="3.12.0.0" clr-version="5.0.10" start-time="2021-11-14 21:59:38Z" end-time="2021-11-14 21:59:38Z" duration="0.080740">
  <command-line><![CDATA[f:\Projects\_NuGet\jsonata.net.native\src\Jsonata.Net.Native.TestSuite\bin\Debug\net5.0\testhost.dll --port 55426 --endpoint 127.0.0.1:055426 --role client --parentprocessid 16628 --telemetryoptedin false]]></command-line>
  <filter>
    <test>Jsonata.Net.Native.TestSuite.Tests.transforms.case006</test>
  </filter>
  <test-suite type="Assembly" id="0-2613" name="Jsonata.Net.Native.TestSuite.dll" fullname="f:/Projects/_NuGet/jsonata.net.native/src/Jsonata.Net.Native.TestSuite/bin/Debug/net5.0/Jsonata.Net.Native.TestSuite.dll" runstate="Runnable" testcasecount="1611" result="Passed" start-time="2021-11-14T21:59:38.3489713Z" end-time="2021-11-14T21:59:38.4037704Z" duration="0.054760" total="1" passed="1" failed="0" warnings="0" inconclusive="0" skipped="0" asserts="2">
    <environment framework-version="3.13.2.0" clr-version="5.0.10" os-version="Microsoft Windows 6.3.9600" platform="Win32NT" cwd="f:\Projects\_NuGet\jsonata.net.native\src\Jsonata.Net.Native.TestSuite\bin\Debug\net5.0" machine-name="ABC-BARG" user="barg_ma" user-domain="ABC" culture="ru-RU" uiculture="ru-RU" os-architecture="x64" />
    <settings>
      <setting name="SynchronousEvents" value="False" />
      <setting name="RandomSeed" value="210227241" />
      <setting name="SkipNonTestAssemblies" value="True" />
      <setting name="ProcessModel" value="InProcess" />
      <setting name="DomainUsage" value="Single" />
      <setting name="DefaultTestNamePattern" value="{m}{a}" />
      <setting name="WorkDirectory" value="f:\Projects\_NuGet\jsonata.net.native\src\Jsonata.Net.Native.TestSuite\bin\Debug\net5.0" />
      <setting name="NumberOfTestWorkers" value="4" />
    </settings>
    <properties>
      <property name="_PID" value="28632" />
      <property name="_APPDOMAIN" value="testhost" />
    </properties>
    <test-suite type="TestSuite" id="0-2614" name="Jsonata" fullname="Jsonata" runstate="Runnable" testcasecount="1611" result="Passed" start-time="2021-11-14T21:59:38.3537593Z" end-time="2021-11-14T21:59:38.4037668Z" duration="0.050008" total="1" passed="1" failed="0" warnings="0" inconclusive="0" skipped="0" asserts="2">
      <test-suite type="TestSuite" id="0-2615" name="Net" fullname="Jsonata.Net" runstate="Runnable" testcasecount="1611" result="Passed" start-time="2021-11-14T21:59:38.3539808Z" end-time="2021-11-14T21:59:38.4037638Z" duration="0.049783" total="1" passed="1" failed="0" warnings="0" inconclusive="0" skipped="0" asserts="2">
        <test-suite type="TestSuite" id="0-2616" name="Native" fullname="Jsonata.Net.Native" runstate="Runnable" testcasecount="1611" result="Passed" start-time="2021-11-14T21:59:38.3539905Z" end-time="2021-11-14T21:59:38.4037595Z" duration="0.049770" total="1" passed="1" failed="0" warnings="0" inconclusive="0" skipped="0" asserts="2">
          <test-suite type="TestSuite" id="0-2617" name="TestSuite" fullname="Jsonata.Net.Native.TestSuite" runstate="Runnable" testcasecount="1611" result="Passed" start-time="2021-11-14T21:59:38.3539944Z" end-time="2021-11-14T21:59:38.4037553Z" duration="0.049762" total="1" passed="1" failed="0" warnings="0" inconclusive="0" skipped="0" asserts="2">
            <test-suite type="TestFixture" id="0-1000" name="Tests" fullname="Jsonata.Net.Native.TestSuite.Tests" classname="Jsonata.Net.Native.TestSuite.Tests" runstate="Runnable" testcasecount="1611" result="Passed" start-time="2021-11-14T21:59:38.3549897Z" end-time="2021-11-14T21:59:38.4037396Z" duration="0.048750" total="1" passed="1" failed="0" warnings="0" inconclusive="0" skipped="0" asserts="2">
              <output><![CDATA[Loaded 27 datasets
]]></output>
              <test-suite type="ParameterizedMethod" id="0-2612" name="Test" fullname="Jsonata.Net.Native.TestSuite.Tests.Test" classname="Jsonata.Net.Native.TestSuite.Tests" runstate="Runnable" testcasecount="1611" result="Passed" start-time="2021-11-14T21:59:38.3691202Z" end-time="2021-11-14T21:59:38.4028929Z" duration="0.033773" total="1" passed="1" failed="0" warnings="0" inconclusive="0" skipped="0" asserts="1">
                <test-case id="0-2580" name="transforms.case006" fullname="Jsonata.Net.Native.TestSuite.Tests.transforms.case006" methodname="Test" classname="Jsonata.Net.Native.TestSuite.Tests" runstate="Runnable" seed="348801794" result="Passed" start-time="2021-11-14T21:59:38.3691562Z" end-time="2021-11-14T21:59:38.4003538Z" duration="0.031285" asserts="1">
                  <properties>
                    <property name="Description" value="expr: '$ ~&gt; |foo.bar|{&quot;Description&quot;:&quot;blah&quot;}|';&#xA; result: {&quot;Account&quot;:{&quot;Account Name&quot;:&quot;Firefly&quot;,&quot;Order&quot;:[{&quot;OrderID&quot;:&quot;order103&quot;,&quot;Product&quot;:[{&quot;Product Name&quot;:&quot;Bowler Hat&quot;,&quot;ProductID&quot;:858383,&quot;SKU&quot;:&quot;0406654608&quot;,&quot;Description&quot;:{&quot;Colour&quot;:&quot;Purple&quot;,&quot;Width&quot;:300,&quot;Height&quot;:200,&quot;Depth&quot;:210,&quot;Weight&quot;:0.75},&quot;Price&quot;:34.45,&quot;Quantity&quot;:2},{&quot;Product Name&quot;:&quot;Trilby hat&quot;,&quot;ProductID&quot;:858236,&quot;SKU&quot;:&quot;0406634348&quot;,&quot;Description&quot;:{&quot;Colour&quot;:&quot;Orange&quot;,&quot;Width&quot;:300,&quot;Height&quot;:200,&quot;Depth&quot;:210,&quot;Weight&quot;:0.6},&quot;Price&quot;:21.67,&quot;Quantity&quot;:1}]},{&quot;OrderID&quot;:&quot;order104&quot;,&quot;Product&quot;:[{&quot;Product Name&quot;:&quot;Bowler Hat&quot;,&quot;ProductID&quot;:858383,&quot;SKU&quot;:&quot;040657863&quot;,&quot;Description&quot;:{&quot;Colour&quot;:&quot;Purple&quot;,&quot;Width&quot;:300,&quot;Height&quot;:200,&quot;Depth&quot;:210,&quot;Weight&quot;:0.75},&quot;Price&quot;:34.45,&quot;Quantity&quot;:4},{&quot;ProductID&quot;:345664,&quot;SKU&quot;:&quot;0406654603&quot;,&quot;Product Name&quot;:&quot;Cloak&quot;,&quot;Description&quot;:{&quot;Colour&quot;:&quot;Black&quot;,&quot;Width&quot;:30,&quot;Height&quot;:20,&quot;Depth&quot;:210,&quot;Weight&quot;:2},&quot;Price&quot;:107.99,&quot;Quantity&quot;:1}]}]}}" />
                  </properties>
                  <output><![CDATA[Expr is '$ ~> |foo.bar|{"Description":"blah"}|'
Result: '{"Account":{"Account Name":"Firefly","Order":[{"OrderID":"order103","Product":[{"Product Name":"Bowler Hat","ProductID":858383,"SKU":"0406654608","Description":{"Colour":"Purple","Width":300,"Height":200,"Depth":210,"Weight":0.75},"Price":34.45,"Quantity":2},{"Product Name":"Trilby hat","ProductID":858236,"SKU":"0406634348","Description":{"Colour":"Orange","Width":300,"Height":200,"Depth":210,"Weight":0.6},"Price":21.67,"Quantity":1}]},{"OrderID":"order104","Product":[{"Product Name":"Bowler Hat","ProductID":858383,"SKU":"040657863","Description":{"Colour":"Purple","Width":300,"Height":200,"Depth":210,"Weight":0.75},"Price":34.45,"Quantity":4},{"ProductID":345664,"SKU":"0406654603","Product Name":"Cloak","Description":{"Colour":"Black","Width":30,"Height":20,"Depth":210,"Weight":2},"Price":107.99,"Quantity":1}]}]}}'
Expected: '{"Account":{"Account Name":"Firefly","Order":[{"OrderID":"order103","Product":[{"Product Name":"Bowler Hat","ProductID":858383,"SKU":"0406654608","Description":{"Colour":"Purple","Width":300,"Height":200,"Depth":210,"Weight":0.75},"Price":34.45,"Quantity":2},{"Product Name":"Trilby hat","ProductID":858236,"SKU":"0406634348","Description":{"Colour":"Orange","Width":300,"Height":200,"Depth":210,"Weight":0.6},"Price":21.67,"Quantity":1}]},{"OrderID":"order104","Product":[{"Product Name":"Bowler Hat","ProductID":858383,"SKU":"040657863","Description":{"Colour":"Purple","Width":300,"Height":200,"Depth":210,"Weight":0.75},"Price":34.45,"Quantity":4},{"ProductID":345664,"SKU":"0406654603","Product Name":"Cloak","Description":{"Colour":"Black","Width":30,"Height":20,"Depth":210,"Weight":2},"Price":107.99,"Quantity":1}]}]}}'
]]></output>
                </test-case>
              </test-suite>
            </test-suite>
          </test-suite>
        </test-suite>
      </test-suite>
    </test-suite>
  </test-suite>
</test-run>